\BOOKMARK [1][-]{section.1}{Affine Edwards curves}{}% 1
\BOOKMARK [1][-]{section.2}{Extension}{}% 2
\BOOKMARK [2][-]{subsection.2.1}{Change of variables}{section.2}% 3
\BOOKMARK [2][-]{subsection.2.2}{New points}{section.2}% 4
\BOOKMARK [2][-]{subsection.2.3}{Group transformations and inversions}{section.2}% 5
\BOOKMARK [2][-]{subsection.2.4}{Extended addition}{section.2}% 6
\BOOKMARK [3][-]{subsubsection.2.4.1}{Inversion and rotation invariance}{subsection.2.4}% 7
\BOOKMARK [3][-]{subsubsection.2.4.2}{Coherence and closure}{subsection.2.4}% 8
\BOOKMARK [3][-]{subsubsection.2.4.3}{Useful lemmas in the extension}{subsection.2.4}% 9
\BOOKMARK [1][-]{section.3}{Projective Edwards curves}{}% 10
\BOOKMARK [2][-]{subsection.3.1}{No fixed-point lemma and dichotomies}{section.3}% 11
\BOOKMARK [3][-]{subsubsection.3.1.1}{Meaning of dichotomy condition on deltas}{subsection.3.1}% 12
\BOOKMARK [2][-]{subsection.3.2}{Gluing relation and projective points}{section.3}% 13
\BOOKMARK [3][-]{subsubsection.3.2.1}{Point-class classification}{subsection.3.2}% 14
\BOOKMARK [2][-]{subsection.3.3}{Projective addition on points}{section.3}% 15
\BOOKMARK [2][-]{subsection.3.4}{Projective addition on classes}{section.3}% 16
\BOOKMARK [3][-]{subsubsection.3.4.1}{Covering}{subsection.3.4}% 17
\BOOKMARK [3][-]{subsubsection.3.4.2}{Independence of the representant}{subsection.3.4}% 18
\BOOKMARK [3][-]{subsubsection.3.4.3}{Basic properties}{subsection.3.4}% 19
\BOOKMARK [1][-]{section.4}{Group law}{}% 20
\BOOKMARK [2][-]{subsection.4.1}{Class invariance on group operations}{section.4}% 21
\BOOKMARK [2][-]{subsection.4.2}{Associativities}{section.4}% 22
\BOOKMARK [2][-]{subsection.4.3}{Some relations between deltas}{section.4}% 23
\BOOKMARK [2][-]{subsection.4.4}{Lemmas for associativity}{section.4}% 24
\BOOKMARK [2][-]{subsection.4.5}{Group law}{section.4}% 25
