This is pdfTeX, Version 3.14159265-2.6-1.40.18 (TeX Live 2017/Debian) (preloaded format=pdflatex 2018.10.13)  23 NOV 2019 16:54
entering extended mode
 restricted \write18 enabled.
 file:line:error style messages enabled.
 %&-line parsing enabled.
**\nonstopmode\input{root.tex}
(./root.tex (/usr/share/texlive/texmf-dist/tex/latex/base/article.cls
Document Class: article 2014/09/29 v1.4h Standard LaTeX document class
(/usr/share/texlive/texmf-dist/tex/latex/base/size11.clo
File: size11.clo 2014/09/29 v1.4h Standard LaTeX file (size option)
)
\c@part=\count79
\c@section=\count80
\c@subsection=\count81
\c@subsubsection=\count82
\c@paragraph=\count83
\c@subparagraph=\count84
\c@figure=\count85
\c@table=\count86
\abovecaptionskip=\skip41
\belowcaptionskip=\skip42
\bibindent=\dimen102
) (./isabelle.sty
\isa@parindent=\dimen103
\isa@parskip=\dimen104

(/usr/share/texlive/texmf-dist/tex/generic/ulem/ulem.sty
\UL@box=\box26
\UL@hyphenbox=\box27
\UL@skip=\skip43
\UL@hook=\toks14
\UL@height=\dimen105
\UL@pe=\count87
\UL@pixel=\dimen106
\ULC@box=\box28
Package: ulem 2012/05/18
\ULdepth=\dimen107
) (./comment.sty
\CommentStream=\write3

Excluding comment 'comment') Including comment 'isadelimdocument'
Including comment 'isatagdocument' Including comment 'isadelimtheory'
Including comment 'isatagtheory' Including comment 'isadelimproof'
Including comment 'isatagproof' Including comment 'isadelimML'
Including comment 'isatagML' Including comment 'isadelimvisible'
Including comment 'isatagvisible' Excluding comment 'isadeliminvisible'
Excluding comment 'isataginvisible' Including comment 'isadelimimportant'
Including comment 'isatagimportant' Including comment 'isadelimunimportant'
Including comment 'isatagunimportant') (./isabelletags.sty) (./isabellesym.sty)
(./pdfsetup.sty (/usr/share/texlive/texmf-dist/tex/latex/graphics/color.sty
Package: color 2016/07/10 v1.1e Standard LaTeX Color (DPC)

(/usr/share/texlive/texmf-dist/tex/latex/graphics-cfg/color.cfg
File: color.cfg 2016/01/02 v1.6 sample color configuration
)
Package color Info: Driver file: pdftex.def on input line 147.

(/usr/share/texlive/texmf-dist/tex/latex/graphics-def/pdftex.def
File: pdftex.def 2018/01/08 v1.0l Graphics/color driver for pdftex
)))
(/usr/share/texlive/texmf-dist/tex/latex/hyperref/hyperref.sty
Package: hyperref 2018/02/06 v6.86b Hypertext links for LaTeX

(/usr/share/texlive/texmf-dist/tex/generic/oberdiek/hobsub-hyperref.sty
Package: hobsub-hyperref 2016/05/16 v1.14 Bundle oberdiek, subset hyperref (HO)


(/usr/share/texlive/texmf-dist/tex/generic/oberdiek/hobsub-generic.sty
Package: hobsub-generic 2016/05/16 v1.14 Bundle oberdiek, subset generic (HO)
Package: hobsub 2016/05/16 v1.14 Construct package bundles (HO)
Package: infwarerr 2016/05/16 v1.4 Providing info/warning/error messages (HO)
Package: ltxcmds 2016/05/16 v1.23 LaTeX kernel commands for general use (HO)
Package: ifluatex 2016/05/16 v1.4 Provides the ifluatex switch (HO)
Package ifluatex Info: LuaTeX not detected.
Package: ifvtex 2016/05/16 v1.6 Detect VTeX and its facilities (HO)
Package ifvtex Info: VTeX not detected.
Package: intcalc 2016/05/16 v1.2 Expandable calculations with integers (HO)
Package: ifpdf 2017/03/15 v3.2 Provides the ifpdf switch
Package: etexcmds 2016/05/16 v1.6 Avoid name clashes with e-TeX commands (HO)
Package etexcmds Info: Could not find \expanded.
(etexcmds)             That can mean that you are not using pdfTeX 1.50 or
(etexcmds)             that some package has redefined \expanded.
(etexcmds)             In the latter case, load this package earlier.
Package: kvsetkeys 2016/05/16 v1.17 Key value parser (HO)
Package: kvdefinekeys 2016/05/16 v1.4 Define keys (HO)
Package: pdftexcmds 2018/01/21 v0.26 Utility functions of pdfTeX for LuaTeX (HO
)
Package pdftexcmds Info: LuaTeX not detected.
Package pdftexcmds Info: \pdf@primitive is available.
Package pdftexcmds Info: \pdf@ifprimitive is available.
Package pdftexcmds Info: \pdfdraftmode found.
Package: pdfescape 2016/05/16 v1.14 Implements pdfTeX's escape features (HO)
Package: bigintcalc 2016/05/16 v1.4 Expandable calculations on big integers (HO
)
Package: bitset 2016/05/16 v1.2 Handle bit-vector datatype (HO)
Package: uniquecounter 2016/05/16 v1.3 Provide unlimited unique counter (HO)
)
Package hobsub Info: Skipping package `hobsub' (already loaded).
Package: letltxmacro 2016/05/16 v1.5 Let assignment for LaTeX macros (HO)
Package: hopatch 2016/05/16 v1.3 Wrapper for package hooks (HO)
Package: xcolor-patch 2016/05/16 xcolor patch
Package: atveryend 2016/05/16 v1.9 Hooks at the very end of document (HO)
Package atveryend Info: \enddocument detected (standard20110627).
Package: atbegshi 2016/06/09 v1.18 At begin shipout hook (HO)
Package: refcount 2016/05/16 v3.5 Data extraction from label references (HO)
Package: hycolor 2016/05/16 v1.8 Color options for hyperref/bookmark (HO)
)
(/usr/share/texlive/texmf-dist/tex/latex/graphics/keyval.sty
Package: keyval 2014/10/28 v1.15 key=value parser (DPC)
\KV@toks@=\toks15
)
(/usr/share/texlive/texmf-dist/tex/generic/ifxetex/ifxetex.sty
Package: ifxetex 2010/09/12 v0.6 Provides ifxetex conditional
)
(/usr/share/texlive/texmf-dist/tex/latex/oberdiek/auxhook.sty
Package: auxhook 2016/05/16 v1.4 Hooks for auxiliary files (HO)
)
(/usr/share/texlive/texmf-dist/tex/latex/oberdiek/kvoptions.sty
Package: kvoptions 2016/05/16 v3.12 Key value format for package options (HO)
)
\@linkdim=\dimen108
\Hy@linkcounter=\count88
\Hy@pagecounter=\count89

(/usr/share/texlive/texmf-dist/tex/latex/hyperref/pd1enc.def
File: pd1enc.def 2018/02/06 v6.86b Hyperref: PDFDocEncoding definition (HO)
)
\Hy@SavedSpaceFactor=\count90

(/usr/share/texlive/texmf-dist/tex/latex/latexconfig/hyperref.cfg
File: hyperref.cfg 2002/06/06 v1.2 hyperref configuration of TeXLive
)
Package hyperref Info: Option `colorlinks' set `true' on input line 4383.
Package hyperref Info: Option `pdfpagelabels' set `true' on input line 4383.
Package hyperref Info: Hyper figures OFF on input line 4509.
Package hyperref Info: Link nesting OFF on input line 4514.
Package hyperref Info: Hyper index ON on input line 4517.
Package hyperref Info: Plain pages OFF on input line 4524.
Package hyperref Info: Backreferencing OFF on input line 4529.
Package hyperref Info: Implicit mode ON; LaTeX internals redefined.
Package hyperref Info: Bookmarks ON on input line 4762.
\c@Hy@tempcnt=\count91

(/usr/share/texlive/texmf-dist/tex/latex/url/url.sty
\Urlmuskip=\muskip10
Package: url 2013/09/16  ver 3.4  Verb mode for urls, etc.
)
LaTeX Info: Redefining \url on input line 5115.
\XeTeXLinkMargin=\dimen109
\Fld@menulength=\count92
\Field@Width=\dimen110
\Fld@charsize=\dimen111
Package hyperref Info: Hyper figures OFF on input line 6369.
Package hyperref Info: Link nesting OFF on input line 6374.
Package hyperref Info: Hyper index ON on input line 6377.
Package hyperref Info: backreferencing OFF on input line 6384.
Package hyperref Info: Link coloring ON on input line 6387.
Package hyperref Info: Link coloring with OCG OFF on input line 6394.
Package hyperref Info: PDF/A mode OFF on input line 6399.
LaTeX Info: Redefining \ref on input line 6439.
LaTeX Info: Redefining \pageref on input line 6443.
\Hy@abspage=\count93
\c@Item=\count94
\c@Hfootnote=\count95
)
Package hyperref Info: Driver (autodetected): hpdftex.

(/usr/share/texlive/texmf-dist/tex/latex/hyperref/hpdftex.def
File: hpdftex.def 2018/02/06 v6.86b Hyperref driver for pdfTeX
\Fld@listcount=\count96
\c@bookmark@seq@number=\count97

(/usr/share/texlive/texmf-dist/tex/latex/oberdiek/rerunfilecheck.sty
Package: rerunfilecheck 2016/05/16 v1.8 Rerun checks for auxiliary files (HO)
Package uniquecounter Info: New unique counter `rerunfilecheck' on input line 2
82.
)
\Hy@SectionHShift=\skip44
)
(./root.aux)
\openout1 = `root.aux'.

LaTeX Font Info:    Checking defaults for OML/cmm/m/it on input line 36.
LaTeX Font Info:    ... okay on input line 36.
LaTeX Font Info:    Checking defaults for T1/cmr/m/n on input line 36.
LaTeX Font Info:    ... okay on input line 36.
LaTeX Font Info:    Checking defaults for OT1/cmr/m/n on input line 36.
LaTeX Font Info:    ... okay on input line 36.
LaTeX Font Info:    Checking defaults for OMS/cmsy/m/n on input line 36.
LaTeX Font Info:    ... okay on input line 36.
LaTeX Font Info:    Checking defaults for OMX/cmex/m/n on input line 36.
LaTeX Font Info:    ... okay on input line 36.
LaTeX Font Info:    Checking defaults for U/cmr/m/n on input line 36.
LaTeX Font Info:    ... okay on input line 36.
LaTeX Font Info:    Checking defaults for PD1/pdf/m/n on input line 36.
LaTeX Font Info:    ... okay on input line 36.
 (/usr/share/texlive/texmf-dist/tex/context/base/mkii/supp-pdf.mkii
[Loading MPS to PDF converter (version 2006.09.02).]
\scratchcounter=\count98
\scratchdimen=\dimen112
\scratchbox=\box29
\nofMPsegments=\count99
\nofMParguments=\count100
\everyMPshowfont=\toks16
\MPscratchCnt=\count101
\MPscratchDim=\dimen113
\MPnumerator=\count102
\makeMPintoPDFobject=\count103
\everyMPtoPDFconversion=\toks17
)
\AtBeginShipoutBox=\box30
Package hyperref Info: Link coloring ON on input line 36.
 (/usr/share/texlive/texmf-dist/tex/latex/hyperref/nameref.sty
Package: nameref 2016/05/21 v2.44 Cross-referencing by name of section

(/usr/share/texlive/texmf-dist/tex/generic/oberdiek/gettitlestring.sty
Package: gettitlestring 2016/05/16 v1.5 Cleanup title references (HO)
)
\c@section@level=\count104
)
LaTeX Info: Redefining \ref on input line 36.
LaTeX Info: Redefining \pageref on input line 36.
LaTeX Info: Redefining \nameref on input line 36.

(./root.out) (./root.out)
\@outlinefile=\write4
\openout4 = `root.out'.

LaTeX Font Info:    External font `cmex10' loaded for size
(Font)              <12> on input line 41.
LaTeX Font Info:    External font `cmex10' loaded for size
(Font)              <8> on input line 41.
LaTeX Font Info:    External font `cmex10' loaded for size
(Font)              <6> on input line 41.
 (./root.toc
LaTeX Font Info:    External font `cmex10' loaded for size
(Font)              <10.95> on input line 3.
)
\tf@toc=\write5
\openout5 = `root.toc'.

 (./session.tex (./Hales.tex
LaTeX Font Info:    External font `cmex10' loaded for size
(Font)              <7> on input line 12.
LaTeX Font Info:    External font `cmex10' loaded for size
(Font)              <5> on input line 12.
 [1

{/var/lib/texmf/fonts/map/pdftex/updmap/pdftex.map}] [2] [3] [4]
Overfull \hbox (3.25464pt too wide) in paragraph at lines 305--306
[][]   $\OMS/cmsy/m/n/10 ^^@$\OT1/cmr/m/it/10 d$\OMS/cmsy/m/n/10 ^^C$ \OT1/cmr/
m/it/10 x2$\OMS/cmsy/m/n/10 ^^C$ \OT1/cmr/m/it/10 y2$\OMS/cmsy/m/n/10 ^^C$ $\OT
1/cmr/m/n/10 ($\OT1/cmr/m/it/10 x1$\OMS/cmsy/m/n/10 ^^C$ \OT1/cmr/m/it/10 x2$\O
MS/cmsy/m/n/10 ^^C$ \OT1/cmr/m/it/10 x3$\OMS/cmsy/m/n/10 ^^C$ \OT1/cmr/m/it/10 
y1^2$\OMS/cmsy/m/n/10 ^^@$\OT1/cmr/m/it/10 x1$\OMS/cmsy/m/n/10 ^^C$ \OT1/cmr/m/
it/10 x2$\OMS/cmsy/m/n/10 ^^C$ \OT1/cmr/m/it/10 x3^3$\OMS/cmsy/m/n/10 ^^C$ \OT1
/cmr/m/it/10 y1^2$\OT1/cmr/m/n/10 +$\OT1/cmr/m/it/10 x1^2$\OMS/cmsy/m/n/10 ^^C$
 \OT1/cmr/m/it/10 x3$\OMS/cmsy/m/n/10 ^^C$ \OT1/cmr/m/it/10 y1$\OMS/cmsy/m/n/10
 ^^C$ \OT1/cmr/m/it/10 y2$\OMS/cmsy/m/n/10 ^^@$\OT1/cmr/m/it/10 x1^2$\OMS/cmsy/
m/n/10 ^^C$
 []

[5]
Overfull \hbox (3.95125pt too wide) in paragraph at lines 370--372
[][]    \OT1/cmr/bx/n/10 ap-ply$\OT1/cmr/m/n/10 ($$($\OT1/cmr/m/it/10 subst x1$
 [] $[]expr$\OT1/cmr/m/n/10 )$$+$$\OML/cmm/m/it/10 ;$ $\OT1/cmr/m/n/10 ($\OT1/c
mr/m/it/10 subst y1$ [] $[]expr$\OT1/cmr/m/n/10 )$$+$$\OML/cmm/m/it/10 ;$$\OT1/
cmr/m/n/10 ($\OT1/cmr/m/it/10 subst x3$ [] $[]expr$\OT1/cmr/m/n/10 )$$+$$\OML/c
mm/m/it/10 ;$$\OT1/cmr/m/n/10 ($\OT1/cmr/m/it/10 subst y3$ [] $[]expr$\OT1/cmr/
m/n/10 )$$+$$)$[] 
 []


Overfull \hbox (3.95125pt too wide) in paragraph at lines 389--391
[][]    \OT1/cmr/bx/n/10 ap-ply$\OT1/cmr/m/n/10 ($$($\OT1/cmr/m/it/10 subst x1$
 [] $[]expr$\OT1/cmr/m/n/10 )$$+$$\OML/cmm/m/it/10 ;$ $\OT1/cmr/m/n/10 ($\OT1/c
mr/m/it/10 subst y1$ [] $[]expr$\OT1/cmr/m/n/10 )$$+$$\OML/cmm/m/it/10 ;$$\OT1/
cmr/m/n/10 ($\OT1/cmr/m/it/10 subst x3$ [] $[]expr$\OT1/cmr/m/n/10 )$$+$$\OML/c
mm/m/it/10 ;$$\OT1/cmr/m/n/10 ($\OT1/cmr/m/it/10 subst y3$ [] $[]expr$\OT1/cmr/
m/n/10 )$$+$$)$[] 
 []

[6]
Overfull \hbox (3.95125pt too wide) in paragraph at lines 451--453
[][]    \OT1/cmr/bx/n/10 ap-ply$\OT1/cmr/m/n/10 ($$($\OT1/cmr/m/it/10 subst x1$
 [] $[]expr$\OT1/cmr/m/n/10 )$$+$$\OML/cmm/m/it/10 ;$ $\OT1/cmr/m/n/10 ($\OT1/c
mr/m/it/10 subst y1$ [] $[]expr$\OT1/cmr/m/n/10 )$$+$$\OML/cmm/m/it/10 ;$$\OT1/
cmr/m/n/10 ($\OT1/cmr/m/it/10 subst x3$ [] $[]expr$\OT1/cmr/m/n/10 )$$+$$\OML/c
mm/m/it/10 ;$$\OT1/cmr/m/n/10 ($\OT1/cmr/m/it/10 subst y3$ [] $[]expr$\OT1/cmr/
m/n/10 )$$+$$)$[] 
 []


Overfull \hbox (3.95125pt too wide) in paragraph at lines 469--471
[][]    \OT1/cmr/bx/n/10 ap-ply$\OT1/cmr/m/n/10 ($$($\OT1/cmr/m/it/10 subst x1$
 [] $[]expr$\OT1/cmr/m/n/10 )$$+$$\OML/cmm/m/it/10 ;$ $\OT1/cmr/m/n/10 ($\OT1/c
mr/m/it/10 subst y1$ [] $[]expr$\OT1/cmr/m/n/10 )$$+$$\OML/cmm/m/it/10 ;$$\OT1/
cmr/m/n/10 ($\OT1/cmr/m/it/10 subst x3$ [] $[]expr$\OT1/cmr/m/n/10 )$$+$$\OML/c
mm/m/it/10 ;$$\OT1/cmr/m/n/10 ($\OT1/cmr/m/it/10 subst y3$ [] $[]expr$\OT1/cmr/
m/n/10 )$$+$$)$[] 
 []

[7]
LaTeX Font Info:    Try loading font information for OMS+cmr on input line 624.

 (/usr/share/texlive/texmf-dist/tex/latex/base/omscmr.fd
File: omscmr.fd 2014/09/29 v2.5h Standard LaTeX font definitions
)
LaTeX Font Info:    Font shape `OMS/cmr/bx/n' in size <10> not available
(Font)              Font shape `OMS/cmsy/b/n' tried instead on input line 624.
 [8]
Overfull \hbox (49.17534pt too wide) in paragraph at lines 718--720
[][]   \OT1/cmr/bx/n/10 by $\OT1/cmr/m/n/10 ($\OT1/cmr/m/it/10 metis []1 $\OML/
cmm/m/it/10 =$ $\OT1/cmr/m/n/10 ($\OT1/cmr/m/it/10 c $\OMS/cmsy/m/n/10 ^^C$ \OT
1/cmr/m/it/10 d$\OT1/cmr/m/n/10 )$ $=$ \OT1/cmr/m/it/10 b$[][]$ $\OMS/cmsy/m/n/
10 ^$ \OT1/cmr/m/it/10 1 $\OML/cmm/m/it/10 =$ $\OT1/cmr/m/n/10 ($\OT1/cmr/m/it/
10 c $\OMS/cmsy/m/n/10 ^^C$ \OT1/cmr/m/it/10 d$\OT1/cmr/m/n/10 )$ $\OMS/cmsy/m/
n/10 6\OT1/cmr/m/n/10 =$ \OT1/cmr/m/it/10 0[] eq[]divide[]eq semiring[]normaliz
ation[]rules$\OT1/cmr/m/n/10 ($\OT1/cmr/m/it/10 18$\OT1/cmr/m/n/10 )$$)$[] 
 []

LaTeX Font Info:    External font `cmex10' loaded for size
(Font)              <9> on input line 775.
[9]
Overfull \hbox (248.02869pt too wide) in paragraph at lines 849--850
[][]        $\OT1/cmr/bx/n/10 1$$[][]$ $\OMS/cmsy/m/n/10 
$$[][]$
 []

[10] [11] [12] [13] [14] [15] [16]
Overfull \hbox (5.00241pt too wide) in paragraph at lines 2037--2039
[][]      \OT1/cmr/bx/n/10 ap-ply$\OT1/cmr/m/n/10 ($\OT1/cmr/m/it/10 metis $\OT
1/cmr/m/n/10 ($\OT1/cmr/m/it/10 no[]types$\OML/cmm/m/it/10 ;$ \OT1/cmr/m/it/10 
hide[]lams$\OT1/cmr/m/n/10 )$ \OT1/cmr/m/it/10 comp[]id fun$\OML/cmm/m/it/10 :$
\OT1/cmr/m/it/10 map[]comp rho[]order[]4 tau[]idemp
 []


Overfull \hbox (5.00241pt too wide) in paragraph at lines 2058--2060
[][]      \OT1/cmr/bx/n/10 ap-ply$\OT1/cmr/m/n/10 ($\OT1/cmr/m/it/10 metis $\OT
1/cmr/m/n/10 ($\OT1/cmr/m/it/10 no[]types$\OML/cmm/m/it/10 ;$ \OT1/cmr/m/it/10 
hide[]lams$\OT1/cmr/m/n/10 )$ \OT1/cmr/m/it/10 comp[]id fun$\OML/cmm/m/it/10 :$
\OT1/cmr/m/it/10 map[]comp rho[]order[]4 tau[]idemp
 []


Overfull \hbox (5.00241pt too wide) in paragraph at lines 2079--2081
[][]      \OT1/cmr/bx/n/10 ap-ply$\OT1/cmr/m/n/10 ($\OT1/cmr/m/it/10 metis $\OT
1/cmr/m/n/10 ($\OT1/cmr/m/it/10 no[]types$\OML/cmm/m/it/10 ;$ \OT1/cmr/m/it/10 
hide[]lams$\OT1/cmr/m/n/10 )$ \OT1/cmr/m/it/10 comp[]id fun$\OML/cmm/m/it/10 :$
\OT1/cmr/m/it/10 map[]comp rho[]order[]4 tau[]idemp
 []

[17] [18] [19] [20]
Overfull \hbox (18.16457pt too wide) in paragraph at lines 2727--2729
[][]  \OT1/cmr/bx/n/10 ap-ply $\OT1/cmr/m/n/10 ($\OT1/cmr/m/it/10 simp add$\OT1
/cmr/m/n/10 :$ \OT1/cmr/m/it/10 semiring[]normalization[]rules$\OT1/cmr/m/n/10 
($\OT1/cmr/m/it/10 18$\OT1/cmr/m/n/10 )$ \OT1/cmr/m/it/10 semiring[]normalizati
on[]rules$\OT1/cmr/m/n/10 ($\OT1/cmr/m/it/10 29$\OT1/cmr/m/n/10 )$
 []

[21] [22] [23] [24] [25] [26]
Overfull \hbox (20.24413pt too wide) in paragraph at lines 3419--3421
[][]          \OT1/cmr/bx/n/10 by$\OT1/cmr/m/n/10 ($\OT1/cmr/m/it/10 simp add$\
OT1/cmr/m/n/10 :$ \OT1/cmr/m/it/10 divide[]simps a0[]nz a1[]nz eq1 eq2 power2[]
eq[]square right[]diff[]distrib$ [] $$\OT1/cmr/m/n/10 )$[] 
 []

[27] [28] [29] [30] [31]
Overfull \hbox (30.41273pt too wide) in paragraph at lines 4040--4049
[][]  \OT1/cmr/bx/n/10 us-ing \OT1/cmr/m/it/10 assms \OT1/cmr/bx/n/10 un-fold-i
ng \OT1/cmr/m/it/10 symmetries[]def e[]circ[]def delta[]def delta[]minus[]def d
elta[]plus[]def[] 
 []

[32] [33] [34] [35] [36] [37] [38] [39] [40]
Overfull \hbox (22.35667pt too wide) in paragraph at lines 5280--5285
[][]    \OT1/cmr/bx/n/10 case \OT1/cmr/m/it/10 2 \OT1/cmr/bx/n/10 then show \OT
1/cmr/m/it/10 ?the-sis \OT1/cmr/bx/n/10 by$\OT1/cmr/m/n/10 ($\OT1/cmr/m/it/10 s
imp add$\OT1/cmr/m/n/10 :$ \OT1/cmr/m/it/10 ext[]add[]comm delta$ [] $[]com del
$\OT1/cmr/m/n/10 :$ \OT1/cmr/m/it/10 ext[]add$\OML/cmm/m/it/10 :$\OT1/cmr/m/it/
10 simps$\OT1/cmr/m/n/10 )$
 []

[41] [42] [43] [44]
Overfull \hbox (33.75014pt too wide) in paragraph at lines 5830--5833
[][]    \OT1/cmr/bx/n/10 us-ing \OT1/cmr/m/it/10 assms$\OT1/cmr/m/n/10 ($\OT1/c
mr/m/it/10 1$\OT1/cmr/m/n/10 )$ \OT1/cmr/m/it/10 e$ [] $[]aff[]bit[]def e[]proj
[]def eq[]rel gluing[]cases[]explicit in[]quotient[]imp[]subset
 []


Overfull \hbox (33.75014pt too wide) in paragraph at lines 5833--5836
[][]    \OT1/cmr/bx/n/10 us-ing \OT1/cmr/m/it/10 assms$\OT1/cmr/m/n/10 ($\OT1/c
mr/m/it/10 2$\OT1/cmr/m/n/10 )$ \OT1/cmr/m/it/10 e$ [] $[]aff[]bit[]def e[]proj
[]def eq[]rel gluing[]cases[]explicit in[]quotient[]imp[]subset
 []

[45] [46] [47] [48] [49] [50] [51] [52] [53] [54] [55] [56] [57]
Overfull \hbox (9.82411pt too wide) in paragraph at lines 7123--7125
[][]        \OT1/cmr/bx/n/10 by$\OT1/cmr/m/n/10 ($\OT1/cmr/m/it/10 simp[]all ad
d$\OT1/cmr/m/n/10 :$ \OT1/cmr/m/it/10 t[]nz nz divide[]simps algebra[]simps pow
er2[]eq[]square$\OT1/cmr/m/n/10 [$\OT1/cmr/m/it/10 symmetric$\OT1/cmr/m/n/10 ]$

 []

[58] [59] [60] [61] [62] [63]
Overfull \hbox (4.11104pt too wide) in paragraph at lines 7709--7710
[][] \OT1/cmr/bx/n/10 as-sumes \OT1/cmr/m/it/10 glu-ing `` $\OMS/cmsy/m/n/10 f$
$\OT1/cmr/m/n/10 ($$($\OT1/cmr/m/it/10 x$\OML/cmm/m/it/10 ;$\OT1/cmr/m/it/10 y$
\OT1/cmr/m/n/10 )$$\OML/cmm/m/it/10 ;$\OT1/cmr/m/it/10 l$\OT1/cmr/m/n/10 )$$\OM
S/cmsy/m/n/10 g$ $\OT1/cmr/m/n/10 =$ $\OMS/cmsy/m/n/10 f$$\OT1/cmr/m/n/10 ($$($
\OT1/cmr/m/it/10 x$\OML/cmm/m/it/10 ;$ \OT1/cmr/m/it/10 y$\OT1/cmr/m/n/10 )$$\O
ML/cmm/m/it/10 ;$ \OT1/cmr/m/it/10 l$\OT1/cmr/m/n/10 )$$\OML/cmm/m/it/10 ;$ $\O
T1/cmr/m/n/10 ($$\OML/cmm/m/it/10 ^^\$ $\OT1/cmr/m/n/10 ($\OT1/cmr/m/it/10 x$\O
ML/cmm/m/it/10 ;$ \OT1/cmr/m/it/10 y$\OT1/cmr/m/n/10 )$$\OML/cmm/m/it/10 ;$ \OT
1/cmr/m/it/10 l $\OT1/cmr/m/n/10 +$ \OT1/cmr/m/it/10 1$\OT1/cmr/m/n/10 )$$\OMS/
cmsy/m/n/10 g$ \OT1/cmr/m/it/10 glu-ing `` $\OMS/cmsy/m/n/10 f$$\OT1/cmr/m/n/10
 ($$($\OT1/cmr/m/it/10 x$ [] $$\OML/cmm/m/it/10 ;$\OT1/cmr/m/it/10 y$ [] $$\OT1
/cmr/m/n/10 )$$\OML/cmm/m/it/10 ;$\OT1/cmr/m/it/10 l$ [] $$\OT1/cmr/m/n/10 )$$\
OMS/cmsy/m/n/10 g$
 []

[64] [65] [66] [67]
Overfull \hbox (23.53511pt too wide) in paragraph at lines 8058--8060
[][]        \OT1/cmr/bx/n/10 by$\OT1/cmr/m/n/10 ($\OT1/cmr/m/it/10 simp add$\OT
1/cmr/m/n/10 :$ \OT1/cmr/m/it/10 divide[]simps t[]nz nz algebra[]simps t[]expr 
power2[]eq[]square$\OT1/cmr/m/n/10 [$\OT1/cmr/m/it/10 symmetric$\OT1/cmr/m/n/10
 ]$
 []

[68] [69]
Overfull \hbox (9.82411pt too wide) in paragraph at lines 8336--8338
[][]        \OT1/cmr/bx/n/10 by$\OT1/cmr/m/n/10 ($\OT1/cmr/m/it/10 simp[]all ad
d$\OT1/cmr/m/n/10 :$ \OT1/cmr/m/it/10 t[]nz nz divide[]simps algebra[]simps pow
er2[]eq[]square$\OT1/cmr/m/n/10 [$\OT1/cmr/m/it/10 symmetric$\OT1/cmr/m/n/10 ]$

 []

[70] [71] [72] [73] [74] [75] [76] [77] [78] [79] [80] [81] [82] [83] [84]
[85] [86] [87]
Overfull \hbox (16.64957pt too wide) in paragraph at lines 10364--10366
[][]      \OT1/cmr/bx/n/10 by $\OT1/cmr/m/n/10 ($\OT1/cmr/m/it/10 metis $\OT1/c
mr/m/n/10 ($\OT1/cmr/m/it/10 no[]types$\OML/cmm/m/it/10 ;$ \OT1/cmr/m/it/10 hid
e[]lams$\OT1/cmr/m/n/10 )$ \OT1/cmr/m/it/10 add$\OML/cmm/m/it/10 :$\OT1/cmr/m/i
t/10 inverse[]inverse delta$ [] $[]com diff[]0 minus[]diff[]eq$\OT1/cmr/m/n/10 
)$[] 
 []

[88] [89] [90]
Overfull \hbox (15.5767pt too wide) in paragraph at lines 10673--10676
[][]        \OT1/cmr/bx/n/10 us-ing \OT1/cmr/m/it/10 ext[]add[]comm[]points ext
[]add[]inverse r[]expr$\OT1/cmr/m/n/10 ($\OT1/cmr/m/it/10 2$\OT1/cmr/m/n/10 )$ 
\OT1/cmr/m/it/10 rotation[]invariance[]2[]points
 []

[91] [92] [93] [94] [95] [96] [97]
Overfull \hbox (6.53586pt too wide) in paragraph at lines 11466--11468
[][]  \OT1/cmr/bx/n/10 us-ing \OT1/cmr/m/it/10 rotation[]preserv[]e[]proj$\OT1/
cmr/m/n/10 [$\OT1/cmr/m/it/10 OF assms$\OT1/cmr/m/n/10 ]$ \OT1/cmr/m/it/10 tf[]
preserv[]e[]proj insert[]rotation[]gluing$\OT1/cmr/m/n/10 [$\OT1/cmr/m/it/10 OF

 []

[98] [99] [100]
Overfull \hbox (3.95125pt too wide) in paragraph at lines 11720--11722
[][]    \OT1/cmr/bx/n/10 ap-ply$\OT1/cmr/m/n/10 ($$($\OT1/cmr/m/it/10 subst x1$
 [] $[]expr$\OT1/cmr/m/n/10 )$$+$$\OML/cmm/m/it/10 ;$ $\OT1/cmr/m/n/10 ($\OT1/c
mr/m/it/10 subst y1$ [] $[]expr$\OT1/cmr/m/n/10 )$$+$$\OML/cmm/m/it/10 ;$$\OT1/
cmr/m/n/10 ($\OT1/cmr/m/it/10 subst x3$ [] $[]expr$\OT1/cmr/m/n/10 )$$+$$\OML/c
mm/m/it/10 ;$$\OT1/cmr/m/n/10 ($\OT1/cmr/m/it/10 subst y3$ [] $[]expr$\OT1/cmr/
m/n/10 )$$+$$)$[] 
 []


Overfull \hbox (3.95125pt too wide) in paragraph at lines 11740--11742
[][]    \OT1/cmr/bx/n/10 ap-ply$\OT1/cmr/m/n/10 ($$($\OT1/cmr/m/it/10 subst x1$
 [] $[]expr$\OT1/cmr/m/n/10 )$$+$$\OML/cmm/m/it/10 ;$ $\OT1/cmr/m/n/10 ($\OT1/c
mr/m/it/10 subst y1$ [] $[]expr$\OT1/cmr/m/n/10 )$$+$$\OML/cmm/m/it/10 ;$$\OT1/
cmr/m/n/10 ($\OT1/cmr/m/it/10 subst x3$ [] $[]expr$\OT1/cmr/m/n/10 )$$+$$\OML/c
mm/m/it/10 ;$$\OT1/cmr/m/n/10 ($\OT1/cmr/m/it/10 subst y3$ [] $[]expr$\OT1/cmr/
m/n/10 )$$+$$)$[] 
 []

[101]
Overfull \hbox (3.95125pt too wide) in paragraph at lines 11802--11804
[][]    \OT1/cmr/bx/n/10 ap-ply$\OT1/cmr/m/n/10 ($$($\OT1/cmr/m/it/10 subst x1$
 [] $[]expr$\OT1/cmr/m/n/10 )$$+$$\OML/cmm/m/it/10 ;$ $\OT1/cmr/m/n/10 ($\OT1/c
mr/m/it/10 subst y1$ [] $[]expr$\OT1/cmr/m/n/10 )$$+$$\OML/cmm/m/it/10 ;$$\OT1/
cmr/m/n/10 ($\OT1/cmr/m/it/10 subst x3$ [] $[]expr$\OT1/cmr/m/n/10 )$$+$$\OML/c
mm/m/it/10 ;$$\OT1/cmr/m/n/10 ($\OT1/cmr/m/it/10 subst y3$ [] $[]expr$\OT1/cmr/
m/n/10 )$$+$$)$[] 
 []


Overfull \hbox (3.95125pt too wide) in paragraph at lines 11821--11823
[][]    \OT1/cmr/bx/n/10 ap-ply$\OT1/cmr/m/n/10 ($$($\OT1/cmr/m/it/10 subst x1$
 [] $[]expr$\OT1/cmr/m/n/10 )$$+$$\OML/cmm/m/it/10 ;$ $\OT1/cmr/m/n/10 ($\OT1/c
mr/m/it/10 subst y1$ [] $[]expr$\OT1/cmr/m/n/10 )$$+$$\OML/cmm/m/it/10 ;$$\OT1/
cmr/m/n/10 ($\OT1/cmr/m/it/10 subst x3$ [] $[]expr$\OT1/cmr/m/n/10 )$$+$$\OML/c
mm/m/it/10 ;$$\OT1/cmr/m/n/10 ($\OT1/cmr/m/it/10 subst y3$ [] $[]expr$\OT1/cmr/
m/n/10 )$$+$$)$[] 
 []

[102] [103]
Overfull \hbox (3.95125pt too wide) in paragraph at lines 11973--11975
[][]    \OT1/cmr/bx/n/10 ap-ply$\OT1/cmr/m/n/10 ($$($\OT1/cmr/m/it/10 subst x1$
 [] $[]expr$\OT1/cmr/m/n/10 )$$+$$\OML/cmm/m/it/10 ;$ $\OT1/cmr/m/n/10 ($\OT1/c
mr/m/it/10 subst y1$ [] $[]expr$\OT1/cmr/m/n/10 )$$+$$\OML/cmm/m/it/10 ;$$\OT1/
cmr/m/n/10 ($\OT1/cmr/m/it/10 subst x3$ [] $[]expr$\OT1/cmr/m/n/10 )$$+$$\OML/c
mm/m/it/10 ;$$\OT1/cmr/m/n/10 ($\OT1/cmr/m/it/10 subst y3$ [] $[]expr$\OT1/cmr/
m/n/10 )$$+$$)$[] 
 []


Overfull \hbox (3.95125pt too wide) in paragraph at lines 11998--12000
[][]    \OT1/cmr/bx/n/10 ap-ply$\OT1/cmr/m/n/10 ($$($\OT1/cmr/m/it/10 subst x1$
 [] $[]expr$\OT1/cmr/m/n/10 )$$+$$\OML/cmm/m/it/10 ;$ $\OT1/cmr/m/n/10 ($\OT1/c
mr/m/it/10 subst y1$ [] $[]expr$\OT1/cmr/m/n/10 )$$+$$\OML/cmm/m/it/10 ;$$\OT1/
cmr/m/n/10 ($\OT1/cmr/m/it/10 subst x3$ [] $[]expr$\OT1/cmr/m/n/10 )$$+$$\OML/c
mm/m/it/10 ;$$\OT1/cmr/m/n/10 ($\OT1/cmr/m/it/10 subst y3$ [] $[]expr$\OT1/cmr/
m/n/10 )$$+$$)$[] 
 []

[104]
Overfull \hbox (3.95125pt too wide) in paragraph at lines 12060--12062
[][]    \OT1/cmr/bx/n/10 ap-ply$\OT1/cmr/m/n/10 ($$($\OT1/cmr/m/it/10 subst x1$
 [] $[]expr$\OT1/cmr/m/n/10 )$$+$$\OML/cmm/m/it/10 ;$ $\OT1/cmr/m/n/10 ($\OT1/c
mr/m/it/10 subst y1$ [] $[]expr$\OT1/cmr/m/n/10 )$$+$$\OML/cmm/m/it/10 ;$$\OT1/
cmr/m/n/10 ($\OT1/cmr/m/it/10 subst x3$ [] $[]expr$\OT1/cmr/m/n/10 )$$+$$\OML/c
mm/m/it/10 ;$$\OT1/cmr/m/n/10 ($\OT1/cmr/m/it/10 subst y3$ [] $[]expr$\OT1/cmr/
m/n/10 )$$+$$)$[] 
 []


Overfull \hbox (3.95125pt too wide) in paragraph at lines 12088--12090
[][]    \OT1/cmr/bx/n/10 ap-ply$\OT1/cmr/m/n/10 ($$($\OT1/cmr/m/it/10 subst x1$
 [] $[]expr$\OT1/cmr/m/n/10 )$$+$$\OML/cmm/m/it/10 ;$ $\OT1/cmr/m/n/10 ($\OT1/c
mr/m/it/10 subst y1$ [] $[]expr$\OT1/cmr/m/n/10 )$$+$$\OML/cmm/m/it/10 ;$$\OT1/
cmr/m/n/10 ($\OT1/cmr/m/it/10 subst x3$ [] $[]expr$\OT1/cmr/m/n/10 )$$+$$\OML/c
mm/m/it/10 ;$$\OT1/cmr/m/n/10 ($\OT1/cmr/m/it/10 subst y3$ [] $[]expr$\OT1/cmr/
m/n/10 )$$+$$)$[] 
 []

[105] [106]
Overfull \hbox (3.95125pt too wide) in paragraph at lines 12229--12231
[][]    \OT1/cmr/bx/n/10 ap-ply$\OT1/cmr/m/n/10 ($$($\OT1/cmr/m/it/10 subst x1$
 [] $[]expr$\OT1/cmr/m/n/10 )$$+$$\OML/cmm/m/it/10 ;$ $\OT1/cmr/m/n/10 ($\OT1/c
mr/m/it/10 subst y1$ [] $[]expr$\OT1/cmr/m/n/10 )$$+$$\OML/cmm/m/it/10 ;$$\OT1/
cmr/m/n/10 ($\OT1/cmr/m/it/10 subst x3$ [] $[]expr$\OT1/cmr/m/n/10 )$$+$$\OML/c
mm/m/it/10 ;$$\OT1/cmr/m/n/10 ($\OT1/cmr/m/it/10 subst y3$ [] $[]expr$\OT1/cmr/
m/n/10 )$$+$$)$[] 
 []


Overfull \hbox (3.95125pt too wide) in paragraph at lines 12253--12255
[][]    \OT1/cmr/bx/n/10 ap-ply$\OT1/cmr/m/n/10 ($$($\OT1/cmr/m/it/10 subst x1$
 [] $[]expr$\OT1/cmr/m/n/10 )$$+$$\OML/cmm/m/it/10 ;$ $\OT1/cmr/m/n/10 ($\OT1/c
mr/m/it/10 subst y1$ [] $[]expr$\OT1/cmr/m/n/10 )$$+$$\OML/cmm/m/it/10 ;$$\OT1/
cmr/m/n/10 ($\OT1/cmr/m/it/10 subst x3$ [] $[]expr$\OT1/cmr/m/n/10 )$$+$$\OML/c
mm/m/it/10 ;$$\OT1/cmr/m/n/10 ($\OT1/cmr/m/it/10 subst y3$ [] $[]expr$\OT1/cmr/
m/n/10 )$$+$$)$[] 
 []


Overfull \hbox (5.66756pt too wide) in paragraph at lines 12284--12286
[][]    \OT1/cmr/bx/n/10 un-fold-ing \OT1/cmr/m/it/10 delta[]x[]def delta[]y[]d
ef delta$ [] $[]def delta[]plus[]def delta[]minus[]def delta[]def[] 
 []

[107]
Overfull \hbox (3.95125pt too wide) in paragraph at lines 12309--12311
[][]    \OT1/cmr/bx/n/10 ap-ply$\OT1/cmr/m/n/10 ($$($\OT1/cmr/m/it/10 subst x1$
 [] $[]expr$\OT1/cmr/m/n/10 )$$+$$\OML/cmm/m/it/10 ;$ $\OT1/cmr/m/n/10 ($\OT1/c
mr/m/it/10 subst y1$ [] $[]expr$\OT1/cmr/m/n/10 )$$+$$\OML/cmm/m/it/10 ;$$\OT1/
cmr/m/n/10 ($\OT1/cmr/m/it/10 subst x3$ [] $[]expr$\OT1/cmr/m/n/10 )$$+$$\OML/c
mm/m/it/10 ;$$\OT1/cmr/m/n/10 ($\OT1/cmr/m/it/10 subst y3$ [] $[]expr$\OT1/cmr/
m/n/10 )$$+$$)$[] 
 []


Overfull \hbox (3.95125pt too wide) in paragraph at lines 12332--12334
[][]    \OT1/cmr/bx/n/10 ap-ply$\OT1/cmr/m/n/10 ($$($\OT1/cmr/m/it/10 subst x1$
 [] $[]expr$\OT1/cmr/m/n/10 )$$+$$\OML/cmm/m/it/10 ;$ $\OT1/cmr/m/n/10 ($\OT1/c
mr/m/it/10 subst y1$ [] $[]expr$\OT1/cmr/m/n/10 )$$+$$\OML/cmm/m/it/10 ;$$\OT1/
cmr/m/n/10 ($\OT1/cmr/m/it/10 subst x3$ [] $[]expr$\OT1/cmr/m/n/10 )$$+$$\OML/c
mm/m/it/10 ;$$\OT1/cmr/m/n/10 ($\OT1/cmr/m/it/10 subst y3$ [] $[]expr$\OT1/cmr/
m/n/10 )$$+$$)$[] 
 []

[108]
Overfull \hbox (3.95125pt too wide) in paragraph at lines 12466--12468
[][]    \OT1/cmr/bx/n/10 ap-ply$\OT1/cmr/m/n/10 ($$($\OT1/cmr/m/it/10 subst x1$
 [] $[]expr$\OT1/cmr/m/n/10 )$$+$$\OML/cmm/m/it/10 ;$ $\OT1/cmr/m/n/10 ($\OT1/c
mr/m/it/10 subst y1$ [] $[]expr$\OT1/cmr/m/n/10 )$$+$$\OML/cmm/m/it/10 ;$$\OT1/
cmr/m/n/10 ($\OT1/cmr/m/it/10 subst x3$ [] $[]expr$\OT1/cmr/m/n/10 )$$+$$\OML/c
mm/m/it/10 ;$$\OT1/cmr/m/n/10 ($\OT1/cmr/m/it/10 subst y3$ [] $[]expr$\OT1/cmr/
m/n/10 )$$+$$)$[] 
 []

[109]
Overfull \hbox (3.95125pt too wide) in paragraph at lines 12484--12486
[][]    \OT1/cmr/bx/n/10 ap-ply$\OT1/cmr/m/n/10 ($$($\OT1/cmr/m/it/10 subst x1$
 [] $[]expr$\OT1/cmr/m/n/10 )$$+$$\OML/cmm/m/it/10 ;$ $\OT1/cmr/m/n/10 ($\OT1/c
mr/m/it/10 subst y1$ [] $[]expr$\OT1/cmr/m/n/10 )$$+$$\OML/cmm/m/it/10 ;$$\OT1/
cmr/m/n/10 ($\OT1/cmr/m/it/10 subst x3$ [] $[]expr$\OT1/cmr/m/n/10 )$$+$$\OML/c
mm/m/it/10 ;$$\OT1/cmr/m/n/10 ($\OT1/cmr/m/it/10 subst y3$ [] $[]expr$\OT1/cmr/
m/n/10 )$$+$$)$[] 
 []


Overfull \hbox (5.66756pt too wide) in paragraph at lines 12511--12513
[][]    \OT1/cmr/bx/n/10 un-fold-ing \OT1/cmr/m/it/10 delta[]x[]def delta[]y[]d
ef delta$ [] $[]def delta[]plus[]def delta[]minus[]def delta[]def[] 
 []


Overfull \hbox (3.95125pt too wide) in paragraph at lines 12536--12538
[][]    \OT1/cmr/bx/n/10 ap-ply$\OT1/cmr/m/n/10 ($$($\OT1/cmr/m/it/10 subst x1$
 [] $[]expr$\OT1/cmr/m/n/10 )$$+$$\OML/cmm/m/it/10 ;$ $\OT1/cmr/m/n/10 ($\OT1/c
mr/m/it/10 subst y1$ [] $[]expr$\OT1/cmr/m/n/10 )$$+$$\OML/cmm/m/it/10 ;$$\OT1/
cmr/m/n/10 ($\OT1/cmr/m/it/10 subst x3$ [] $[]expr$\OT1/cmr/m/n/10 )$$+$$\OML/c
mm/m/it/10 ;$$\OT1/cmr/m/n/10 ($\OT1/cmr/m/it/10 subst y3$ [] $[]expr$\OT1/cmr/
m/n/10 )$$+$$)$[] 
 []

[110]
Overfull \hbox (3.95125pt too wide) in paragraph at lines 12553--12555
[][]    \OT1/cmr/bx/n/10 ap-ply$\OT1/cmr/m/n/10 ($$($\OT1/cmr/m/it/10 subst x1$
 [] $[]expr$\OT1/cmr/m/n/10 )$$+$$\OML/cmm/m/it/10 ;$ $\OT1/cmr/m/n/10 ($\OT1/c
mr/m/it/10 subst y1$ [] $[]expr$\OT1/cmr/m/n/10 )$$+$$\OML/cmm/m/it/10 ;$$\OT1/
cmr/m/n/10 ($\OT1/cmr/m/it/10 subst x3$ [] $[]expr$\OT1/cmr/m/n/10 )$$+$$\OML/c
mm/m/it/10 ;$$\OT1/cmr/m/n/10 ($\OT1/cmr/m/it/10 subst y3$ [] $[]expr$\OT1/cmr/
m/n/10 )$$+$$)$[] 
 []

[111]
Overfull \hbox (3.95125pt too wide) in paragraph at lines 12715--12717
[][]    \OT1/cmr/bx/n/10 ap-ply$\OT1/cmr/m/n/10 ($$($\OT1/cmr/m/it/10 subst x1$
 [] $[]expr$\OT1/cmr/m/n/10 )$$+$$\OML/cmm/m/it/10 ;$ $\OT1/cmr/m/n/10 ($\OT1/c
mr/m/it/10 subst y1$ [] $[]expr$\OT1/cmr/m/n/10 )$$+$$\OML/cmm/m/it/10 ;$$\OT1/
cmr/m/n/10 ($\OT1/cmr/m/it/10 subst x3$ [] $[]expr$\OT1/cmr/m/n/10 )$$+$$\OML/c
mm/m/it/10 ;$$\OT1/cmr/m/n/10 ($\OT1/cmr/m/it/10 subst y3$ [] $[]expr$\OT1/cmr/
m/n/10 )$$+$$)$[] 
 []

[112]
Overfull \hbox (3.95125pt too wide) in paragraph at lines 12735--12737
[][]    \OT1/cmr/bx/n/10 ap-ply$\OT1/cmr/m/n/10 ($$($\OT1/cmr/m/it/10 subst x1$
 [] $[]expr$\OT1/cmr/m/n/10 )$$+$$\OML/cmm/m/it/10 ;$ $\OT1/cmr/m/n/10 ($\OT1/c
mr/m/it/10 subst y1$ [] $[]expr$\OT1/cmr/m/n/10 )$$+$$\OML/cmm/m/it/10 ;$$\OT1/
cmr/m/n/10 ($\OT1/cmr/m/it/10 subst x3$ [] $[]expr$\OT1/cmr/m/n/10 )$$+$$\OML/c
mm/m/it/10 ;$$\OT1/cmr/m/n/10 ($\OT1/cmr/m/it/10 subst y3$ [] $[]expr$\OT1/cmr/
m/n/10 )$$+$$)$[] 
 []


Overfull \hbox (5.66756pt too wide) in paragraph at lines 12764--12766
[][]    \OT1/cmr/bx/n/10 un-fold-ing \OT1/cmr/m/it/10 delta[]x[]def delta[]y[]d
ef delta$ [] $[]def delta[]plus[]def delta[]minus[]def delta[]def[] 
 []


Overfull \hbox (3.95125pt too wide) in paragraph at lines 12790--12792
[][]    \OT1/cmr/bx/n/10 ap-ply$\OT1/cmr/m/n/10 ($$($\OT1/cmr/m/it/10 subst x1$
 [] $[]expr$\OT1/cmr/m/n/10 )$$+$$\OML/cmm/m/it/10 ;$ $\OT1/cmr/m/n/10 ($\OT1/c
mr/m/it/10 subst y1$ [] $[]expr$\OT1/cmr/m/n/10 )$$+$$\OML/cmm/m/it/10 ;$$\OT1/
cmr/m/n/10 ($\OT1/cmr/m/it/10 subst x3$ [] $[]expr$\OT1/cmr/m/n/10 )$$+$$\OML/c
mm/m/it/10 ;$$\OT1/cmr/m/n/10 ($\OT1/cmr/m/it/10 subst y3$ [] $[]expr$\OT1/cmr/
m/n/10 )$$+$$)$[] 
 []


Overfull \hbox (3.95125pt too wide) in paragraph at lines 12810--12812
[][]    \OT1/cmr/bx/n/10 ap-ply$\OT1/cmr/m/n/10 ($$($\OT1/cmr/m/it/10 subst x1$
 [] $[]expr$\OT1/cmr/m/n/10 )$$+$$\OML/cmm/m/it/10 ;$ $\OT1/cmr/m/n/10 ($\OT1/c
mr/m/it/10 subst y1$ [] $[]expr$\OT1/cmr/m/n/10 )$$+$$\OML/cmm/m/it/10 ;$$\OT1/
cmr/m/n/10 ($\OT1/cmr/m/it/10 subst x3$ [] $[]expr$\OT1/cmr/m/n/10 )$$+$$\OML/c
mm/m/it/10 ;$$\OT1/cmr/m/n/10 ($\OT1/cmr/m/it/10 subst y3$ [] $[]expr$\OT1/cmr/
m/n/10 )$$+$$)$[] 
 []

[113] [114]
Overfull \hbox (3.95125pt too wide) in paragraph at lines 12943--12945
[][]    \OT1/cmr/bx/n/10 ap-ply$\OT1/cmr/m/n/10 ($$($\OT1/cmr/m/it/10 subst x1$
 [] $[]expr$\OT1/cmr/m/n/10 )$$+$$\OML/cmm/m/it/10 ;$ $\OT1/cmr/m/n/10 ($\OT1/c
mr/m/it/10 subst y1$ [] $[]expr$\OT1/cmr/m/n/10 )$$+$$\OML/cmm/m/it/10 ;$$\OT1/
cmr/m/n/10 ($\OT1/cmr/m/it/10 subst x3$ [] $[]expr$\OT1/cmr/m/n/10 )$$+$$\OML/c
mm/m/it/10 ;$$\OT1/cmr/m/n/10 ($\OT1/cmr/m/it/10 subst y3$ [] $[]expr$\OT1/cmr/
m/n/10 )$$+$$)$[] 
 []


Overfull \hbox (3.95125pt too wide) in paragraph at lines 12968--12970
[][]    \OT1/cmr/bx/n/10 ap-ply$\OT1/cmr/m/n/10 ($$($\OT1/cmr/m/it/10 subst x1$
 [] $[]expr$\OT1/cmr/m/n/10 )$$+$$\OML/cmm/m/it/10 ;$ $\OT1/cmr/m/n/10 ($\OT1/c
mr/m/it/10 subst y1$ [] $[]expr$\OT1/cmr/m/n/10 )$$+$$\OML/cmm/m/it/10 ;$$\OT1/
cmr/m/n/10 ($\OT1/cmr/m/it/10 subst x3$ [] $[]expr$\OT1/cmr/m/n/10 )$$+$$\OML/c
mm/m/it/10 ;$$\OT1/cmr/m/n/10 ($\OT1/cmr/m/it/10 subst y3$ [] $[]expr$\OT1/cmr/
m/n/10 )$$+$$)$[] 
 []

[115]
Overfull \hbox (5.66756pt too wide) in paragraph at lines 12999--13001
[][]    \OT1/cmr/bx/n/10 un-fold-ing \OT1/cmr/m/it/10 delta[]x[]def delta[]y[]d
ef delta$ [] $[]def delta[]plus[]def delta[]minus[]def delta[]def[] 
 []


Overfull \hbox (3.95125pt too wide) in paragraph at lines 13027--13029
[][]    \OT1/cmr/bx/n/10 ap-ply$\OT1/cmr/m/n/10 ($$($\OT1/cmr/m/it/10 subst x1$
 [] $[]expr$\OT1/cmr/m/n/10 )$$+$$\OML/cmm/m/it/10 ;$ $\OT1/cmr/m/n/10 ($\OT1/c
mr/m/it/10 subst y1$ [] $[]expr$\OT1/cmr/m/n/10 )$$+$$\OML/cmm/m/it/10 ;$$\OT1/
cmr/m/n/10 ($\OT1/cmr/m/it/10 subst x3$ [] $[]expr$\OT1/cmr/m/n/10 )$$+$$\OML/c
mm/m/it/10 ;$$\OT1/cmr/m/n/10 ($\OT1/cmr/m/it/10 subst y3$ [] $[]expr$\OT1/cmr/
m/n/10 )$$+$$)$[] 
 []


Overfull \hbox (3.95125pt too wide) in paragraph at lines 13051--13053
[][]    \OT1/cmr/bx/n/10 ap-ply$\OT1/cmr/m/n/10 ($$($\OT1/cmr/m/it/10 subst x1$
 [] $[]expr$\OT1/cmr/m/n/10 )$$+$$\OML/cmm/m/it/10 ;$ $\OT1/cmr/m/n/10 ($\OT1/c
mr/m/it/10 subst y1$ [] $[]expr$\OT1/cmr/m/n/10 )$$+$$\OML/cmm/m/it/10 ;$$\OT1/
cmr/m/n/10 ($\OT1/cmr/m/it/10 subst x3$ [] $[]expr$\OT1/cmr/m/n/10 )$$+$$\OML/c
mm/m/it/10 ;$$\OT1/cmr/m/n/10 ($\OT1/cmr/m/it/10 subst y3$ [] $[]expr$\OT1/cmr/
m/n/10 )$$+$$)$[] 
 []

[116] [117]
Overfull \hbox (3.95125pt too wide) in paragraph at lines 13220--13222
[][]    \OT1/cmr/bx/n/10 ap-ply$\OT1/cmr/m/n/10 ($$($\OT1/cmr/m/it/10 subst x1$
 [] $[]expr$\OT1/cmr/m/n/10 )$$+$$\OML/cmm/m/it/10 ;$ $\OT1/cmr/m/n/10 ($\OT1/c
mr/m/it/10 subst y1$ [] $[]expr$\OT1/cmr/m/n/10 )$$+$$\OML/cmm/m/it/10 ;$$\OT1/
cmr/m/n/10 ($\OT1/cmr/m/it/10 subst x3$ [] $[]expr$\OT1/cmr/m/n/10 )$$+$$\OML/c
mm/m/it/10 ;$$\OT1/cmr/m/n/10 ($\OT1/cmr/m/it/10 subst y3$ [] $[]expr$\OT1/cmr/
m/n/10 )$$+$$)$[] 
 []


Overfull \hbox (3.95125pt too wide) in paragraph at lines 13240--13242
[][]    \OT1/cmr/bx/n/10 ap-ply$\OT1/cmr/m/n/10 ($$($\OT1/cmr/m/it/10 subst x1$
 [] $[]expr$\OT1/cmr/m/n/10 )$$+$$\OML/cmm/m/it/10 ;$ $\OT1/cmr/m/n/10 ($\OT1/c
mr/m/it/10 subst y1$ [] $[]expr$\OT1/cmr/m/n/10 )$$+$$\OML/cmm/m/it/10 ;$$\OT1/
cmr/m/n/10 ($\OT1/cmr/m/it/10 subst x3$ [] $[]expr$\OT1/cmr/m/n/10 )$$+$$\OML/c
mm/m/it/10 ;$$\OT1/cmr/m/n/10 ($\OT1/cmr/m/it/10 subst y3$ [] $[]expr$\OT1/cmr/
m/n/10 )$$+$$)$[] 
 []

[118]
Overfull \hbox (5.66756pt too wide) in paragraph at lines 13269--13271
[][]    \OT1/cmr/bx/n/10 un-fold-ing \OT1/cmr/m/it/10 delta[]x[]def delta[]y[]d
ef delta$ [] $[]def delta[]plus[]def delta[]minus[]def delta[]def[] 
 []


Overfull \hbox (3.95125pt too wide) in paragraph at lines 13296--13298
[][]    \OT1/cmr/bx/n/10 ap-ply$\OT1/cmr/m/n/10 ($$($\OT1/cmr/m/it/10 subst x1$
 [] $[]expr$\OT1/cmr/m/n/10 )$$+$$\OML/cmm/m/it/10 ;$ $\OT1/cmr/m/n/10 ($\OT1/c
mr/m/it/10 subst y1$ [] $[]expr$\OT1/cmr/m/n/10 )$$+$$\OML/cmm/m/it/10 ;$$\OT1/
cmr/m/n/10 ($\OT1/cmr/m/it/10 subst x3$ [] $[]expr$\OT1/cmr/m/n/10 )$$+$$\OML/c
mm/m/it/10 ;$$\OT1/cmr/m/n/10 ($\OT1/cmr/m/it/10 subst y3$ [] $[]expr$\OT1/cmr/
m/n/10 )$$+$$)$[] 
 []


Overfull \hbox (3.95125pt too wide) in paragraph at lines 13315--13317
[][]    \OT1/cmr/bx/n/10 ap-ply$\OT1/cmr/m/n/10 ($$($\OT1/cmr/m/it/10 subst x1$
 [] $[]expr$\OT1/cmr/m/n/10 )$$+$$\OML/cmm/m/it/10 ;$ $\OT1/cmr/m/n/10 ($\OT1/c
mr/m/it/10 subst y1$ [] $[]expr$\OT1/cmr/m/n/10 )$$+$$\OML/cmm/m/it/10 ;$$\OT1/
cmr/m/n/10 ($\OT1/cmr/m/it/10 subst x3$ [] $[]expr$\OT1/cmr/m/n/10 )$$+$$\OML/c
mm/m/it/10 ;$$\OT1/cmr/m/n/10 ($\OT1/cmr/m/it/10 subst y3$ [] $[]expr$\OT1/cmr/
m/n/10 )$$+$$)$[] 
 []

[119] [120]
Overfull \hbox (3.95125pt too wide) in paragraph at lines 13481--13483
[][]    \OT1/cmr/bx/n/10 ap-ply$\OT1/cmr/m/n/10 ($$($\OT1/cmr/m/it/10 subst x1$
 [] $[]expr$\OT1/cmr/m/n/10 )$$+$$\OML/cmm/m/it/10 ;$ $\OT1/cmr/m/n/10 ($\OT1/c
mr/m/it/10 subst y1$ [] $[]expr$\OT1/cmr/m/n/10 )$$+$$\OML/cmm/m/it/10 ;$$\OT1/
cmr/m/n/10 ($\OT1/cmr/m/it/10 subst x3$ [] $[]expr$\OT1/cmr/m/n/10 )$$+$$\OML/c
mm/m/it/10 ;$$\OT1/cmr/m/n/10 ($\OT1/cmr/m/it/10 subst y3$ [] $[]expr$\OT1/cmr/
m/n/10 )$$+$$)$[] 
 []


Overfull \hbox (3.95125pt too wide) in paragraph at lines 13505--13507
[][]    \OT1/cmr/bx/n/10 ap-ply$\OT1/cmr/m/n/10 ($$($\OT1/cmr/m/it/10 subst x1$
 [] $[]expr$\OT1/cmr/m/n/10 )$$+$$\OML/cmm/m/it/10 ;$ $\OT1/cmr/m/n/10 ($\OT1/c
mr/m/it/10 subst y1$ [] $[]expr$\OT1/cmr/m/n/10 )$$+$$\OML/cmm/m/it/10 ;$$\OT1/
cmr/m/n/10 ($\OT1/cmr/m/it/10 subst x3$ [] $[]expr$\OT1/cmr/m/n/10 )$$+$$\OML/c
mm/m/it/10 ;$$\OT1/cmr/m/n/10 ($\OT1/cmr/m/it/10 subst y3$ [] $[]expr$\OT1/cmr/
m/n/10 )$$+$$)$[] 
 []

[121]
Overfull \hbox (5.66756pt too wide) in paragraph at lines 13538--13540
[][]    \OT1/cmr/bx/n/10 un-fold-ing \OT1/cmr/m/it/10 delta[]x[]def delta[]y[]d
ef delta$ [] $[]def delta[]plus[]def delta[]minus[]def delta[]def[] 
 []


Overfull \hbox (3.95125pt too wide) in paragraph at lines 13565--13567
[][]    \OT1/cmr/bx/n/10 ap-ply$\OT1/cmr/m/n/10 ($$($\OT1/cmr/m/it/10 subst x1$
 [] $[]expr$\OT1/cmr/m/n/10 )$$+$$\OML/cmm/m/it/10 ;$ $\OT1/cmr/m/n/10 ($\OT1/c
mr/m/it/10 subst y1$ [] $[]expr$\OT1/cmr/m/n/10 )$$+$$\OML/cmm/m/it/10 ;$$\OT1/
cmr/m/n/10 ($\OT1/cmr/m/it/10 subst x3$ [] $[]expr$\OT1/cmr/m/n/10 )$$+$$\OML/c
mm/m/it/10 ;$$\OT1/cmr/m/n/10 ($\OT1/cmr/m/it/10 subst y3$ [] $[]expr$\OT1/cmr/
m/n/10 )$$+$$)$[] 
 []


Overfull \hbox (3.95125pt too wide) in paragraph at lines 13589--13591
[][]    \OT1/cmr/bx/n/10 ap-ply$\OT1/cmr/m/n/10 ($$($\OT1/cmr/m/it/10 subst x1$
 [] $[]expr$\OT1/cmr/m/n/10 )$$+$$\OML/cmm/m/it/10 ;$ $\OT1/cmr/m/n/10 ($\OT1/c
mr/m/it/10 subst y1$ [] $[]expr$\OT1/cmr/m/n/10 )$$+$$\OML/cmm/m/it/10 ;$$\OT1/
cmr/m/n/10 ($\OT1/cmr/m/it/10 subst x3$ [] $[]expr$\OT1/cmr/m/n/10 )$$+$$\OML/c
mm/m/it/10 ;$$\OT1/cmr/m/n/10 ($\OT1/cmr/m/it/10 subst y3$ [] $[]expr$\OT1/cmr/
m/n/10 )$$+$$)$[] 
 []

[122] [123]
Overfull \hbox (3.95125pt too wide) in paragraph at lines 13728--13730
[][]    \OT1/cmr/bx/n/10 ap-ply$\OT1/cmr/m/n/10 ($$($\OT1/cmr/m/it/10 subst x1$
 [] $[]expr$\OT1/cmr/m/n/10 )$$+$$\OML/cmm/m/it/10 ;$ $\OT1/cmr/m/n/10 ($\OT1/c
mr/m/it/10 subst y1$ [] $[]expr$\OT1/cmr/m/n/10 )$$+$$\OML/cmm/m/it/10 ;$$\OT1/
cmr/m/n/10 ($\OT1/cmr/m/it/10 subst x3$ [] $[]expr$\OT1/cmr/m/n/10 )$$+$$\OML/c
mm/m/it/10 ;$$\OT1/cmr/m/n/10 ($\OT1/cmr/m/it/10 subst y3$ [] $[]expr$\OT1/cmr/
m/n/10 )$$+$$)$[] 
 []


Overfull \hbox (3.95125pt too wide) in paragraph at lines 13753--13755
[][]    \OT1/cmr/bx/n/10 ap-ply$\OT1/cmr/m/n/10 ($$($\OT1/cmr/m/it/10 subst x1$
 [] $[]expr$\OT1/cmr/m/n/10 )$$+$$\OML/cmm/m/it/10 ;$ $\OT1/cmr/m/n/10 ($\OT1/c
mr/m/it/10 subst y1$ [] $[]expr$\OT1/cmr/m/n/10 )$$+$$\OML/cmm/m/it/10 ;$$\OT1/
cmr/m/n/10 ($\OT1/cmr/m/it/10 subst x3$ [] $[]expr$\OT1/cmr/m/n/10 )$$+$$\OML/c
mm/m/it/10 ;$$\OT1/cmr/m/n/10 ($\OT1/cmr/m/it/10 subst y3$ [] $[]expr$\OT1/cmr/
m/n/10 )$$+$$)$[] 
 []


Overfull \hbox (5.66756pt too wide) in paragraph at lines 13784--13786
[][]    \OT1/cmr/bx/n/10 un-fold-ing \OT1/cmr/m/it/10 delta[]x[]def delta[]y[]d
ef delta$ [] $[]def delta[]plus[]def delta[]minus[]def delta[]def[] 
 []

[124]
Overfull \hbox (3.95125pt too wide) in paragraph at lines 13811--13813
[][]    \OT1/cmr/bx/n/10 ap-ply$\OT1/cmr/m/n/10 ($$($\OT1/cmr/m/it/10 subst x1$
 [] $[]expr$\OT1/cmr/m/n/10 )$$+$$\OML/cmm/m/it/10 ;$ $\OT1/cmr/m/n/10 ($\OT1/c
mr/m/it/10 subst y1$ [] $[]expr$\OT1/cmr/m/n/10 )$$+$$\OML/cmm/m/it/10 ;$$\OT1/
cmr/m/n/10 ($\OT1/cmr/m/it/10 subst x3$ [] $[]expr$\OT1/cmr/m/n/10 )$$+$$\OML/c
mm/m/it/10 ;$$\OT1/cmr/m/n/10 ($\OT1/cmr/m/it/10 subst y3$ [] $[]expr$\OT1/cmr/
m/n/10 )$$+$$)$[] 
 []


Overfull \hbox (3.95125pt too wide) in paragraph at lines 13834--13836
[][]    \OT1/cmr/bx/n/10 ap-ply$\OT1/cmr/m/n/10 ($$($\OT1/cmr/m/it/10 subst x1$
 [] $[]expr$\OT1/cmr/m/n/10 )$$+$$\OML/cmm/m/it/10 ;$ $\OT1/cmr/m/n/10 ($\OT1/c
mr/m/it/10 subst y1$ [] $[]expr$\OT1/cmr/m/n/10 )$$+$$\OML/cmm/m/it/10 ;$$\OT1/
cmr/m/n/10 ($\OT1/cmr/m/it/10 subst x3$ [] $[]expr$\OT1/cmr/m/n/10 )$$+$$\OML/c
mm/m/it/10 ;$$\OT1/cmr/m/n/10 ($\OT1/cmr/m/it/10 subst y3$ [] $[]expr$\OT1/cmr/
m/n/10 )$$+$$)$[] 
 []

[125] [126]
Overfull \hbox (3.95125pt too wide) in paragraph at lines 14004--14006
[][]    \OT1/cmr/bx/n/10 ap-ply$\OT1/cmr/m/n/10 ($$($\OT1/cmr/m/it/10 subst x1$
 [] $[]expr$\OT1/cmr/m/n/10 )$$+$$\OML/cmm/m/it/10 ;$ $\OT1/cmr/m/n/10 ($\OT1/c
mr/m/it/10 subst y1$ [] $[]expr$\OT1/cmr/m/n/10 )$$+$$\OML/cmm/m/it/10 ;$$\OT1/
cmr/m/n/10 ($\OT1/cmr/m/it/10 subst x3$ [] $[]expr$\OT1/cmr/m/n/10 )$$+$$\OML/c
mm/m/it/10 ;$$\OT1/cmr/m/n/10 ($\OT1/cmr/m/it/10 subst y3$ [] $[]expr$\OT1/cmr/
m/n/10 )$$+$$)$[] 
 []


Overfull \hbox (3.95125pt too wide) in paragraph at lines 14028--14030
[][]    \OT1/cmr/bx/n/10 ap-ply$\OT1/cmr/m/n/10 ($$($\OT1/cmr/m/it/10 subst x1$
 [] $[]expr$\OT1/cmr/m/n/10 )$$+$$\OML/cmm/m/it/10 ;$ $\OT1/cmr/m/n/10 ($\OT1/c
mr/m/it/10 subst y1$ [] $[]expr$\OT1/cmr/m/n/10 )$$+$$\OML/cmm/m/it/10 ;$$\OT1/
cmr/m/n/10 ($\OT1/cmr/m/it/10 subst x3$ [] $[]expr$\OT1/cmr/m/n/10 )$$+$$\OML/c
mm/m/it/10 ;$$\OT1/cmr/m/n/10 ($\OT1/cmr/m/it/10 subst y3$ [] $[]expr$\OT1/cmr/
m/n/10 )$$+$$)$[] 
 []

[127]
Overfull \hbox (5.66756pt too wide) in paragraph at lines 14061--14063
[][]    \OT1/cmr/bx/n/10 un-fold-ing \OT1/cmr/m/it/10 delta[]x[]def delta[]y[]d
ef delta$ [] $[]def delta[]plus[]def delta[]minus[]def delta[]def[] 
 []


Overfull \hbox (3.95125pt too wide) in paragraph at lines 14089--14091
[][]    \OT1/cmr/bx/n/10 ap-ply$\OT1/cmr/m/n/10 ($$($\OT1/cmr/m/it/10 subst x1$
 [] $[]expr$\OT1/cmr/m/n/10 )$$+$$\OML/cmm/m/it/10 ;$ $\OT1/cmr/m/n/10 ($\OT1/c
mr/m/it/10 subst y1$ [] $[]expr$\OT1/cmr/m/n/10 )$$+$$\OML/cmm/m/it/10 ;$$\OT1/
cmr/m/n/10 ($\OT1/cmr/m/it/10 subst x3$ [] $[]expr$\OT1/cmr/m/n/10 )$$+$$\OML/c
mm/m/it/10 ;$$\OT1/cmr/m/n/10 ($\OT1/cmr/m/it/10 subst y3$ [] $[]expr$\OT1/cmr/
m/n/10 )$$+$$)$[] 
 []


Overfull \hbox (3.95125pt too wide) in paragraph at lines 14112--14114
[][]    \OT1/cmr/bx/n/10 ap-ply$\OT1/cmr/m/n/10 ($$($\OT1/cmr/m/it/10 subst x1$
 [] $[]expr$\OT1/cmr/m/n/10 )$$+$$\OML/cmm/m/it/10 ;$ $\OT1/cmr/m/n/10 ($\OT1/c
mr/m/it/10 subst y1$ [] $[]expr$\OT1/cmr/m/n/10 )$$+$$\OML/cmm/m/it/10 ;$$\OT1/
cmr/m/n/10 ($\OT1/cmr/m/it/10 subst x3$ [] $[]expr$\OT1/cmr/m/n/10 )$$+$$\OML/c
mm/m/it/10 ;$$\OT1/cmr/m/n/10 ($\OT1/cmr/m/it/10 subst y3$ [] $[]expr$\OT1/cmr/
m/n/10 )$$+$$)$[] 
 []

[128] [129]
Overfull \hbox (3.95125pt too wide) in paragraph at lines 14286--14288
[][]    \OT1/cmr/bx/n/10 ap-ply$\OT1/cmr/m/n/10 ($$($\OT1/cmr/m/it/10 subst x1$
 [] $[]expr$\OT1/cmr/m/n/10 )$$+$$\OML/cmm/m/it/10 ;$ $\OT1/cmr/m/n/10 ($\OT1/c
mr/m/it/10 subst y1$ [] $[]expr$\OT1/cmr/m/n/10 )$$+$$\OML/cmm/m/it/10 ;$$\OT1/
cmr/m/n/10 ($\OT1/cmr/m/it/10 subst x3$ [] $[]expr$\OT1/cmr/m/n/10 )$$+$$\OML/c
mm/m/it/10 ;$$\OT1/cmr/m/n/10 ($\OT1/cmr/m/it/10 subst y3$ [] $[]expr$\OT1/cmr/
m/n/10 )$$+$$)$[] 
 []


Overfull \hbox (3.95125pt too wide) in paragraph at lines 14306--14308
[][]    \OT1/cmr/bx/n/10 ap-ply$\OT1/cmr/m/n/10 ($$($\OT1/cmr/m/it/10 subst x1$
 [] $[]expr$\OT1/cmr/m/n/10 )$$+$$\OML/cmm/m/it/10 ;$ $\OT1/cmr/m/n/10 ($\OT1/c
mr/m/it/10 subst y1$ [] $[]expr$\OT1/cmr/m/n/10 )$$+$$\OML/cmm/m/it/10 ;$$\OT1/
cmr/m/n/10 ($\OT1/cmr/m/it/10 subst x3$ [] $[]expr$\OT1/cmr/m/n/10 )$$+$$\OML/c
mm/m/it/10 ;$$\OT1/cmr/m/n/10 ($\OT1/cmr/m/it/10 subst y3$ [] $[]expr$\OT1/cmr/
m/n/10 )$$+$$)$[] 
 []

[130]
Overfull \hbox (5.66756pt too wide) in paragraph at lines 14335--14337
[][]    \OT1/cmr/bx/n/10 un-fold-ing \OT1/cmr/m/it/10 delta[]x[]def delta[]y[]d
ef delta$ [] $[]def delta[]plus[]def delta[]minus[]def delta[]def[] 
 []


Overfull \hbox (3.95125pt too wide) in paragraph at lines 14363--14365
[][]    \OT1/cmr/bx/n/10 ap-ply$\OT1/cmr/m/n/10 ($$($\OT1/cmr/m/it/10 subst x1$
 [] $[]expr$\OT1/cmr/m/n/10 )$$+$$\OML/cmm/m/it/10 ;$ $\OT1/cmr/m/n/10 ($\OT1/c
mr/m/it/10 subst y1$ [] $[]expr$\OT1/cmr/m/n/10 )$$+$$\OML/cmm/m/it/10 ;$$\OT1/
cmr/m/n/10 ($\OT1/cmr/m/it/10 subst x3$ [] $[]expr$\OT1/cmr/m/n/10 )$$+$$\OML/c
mm/m/it/10 ;$$\OT1/cmr/m/n/10 ($\OT1/cmr/m/it/10 subst y3$ [] $[]expr$\OT1/cmr/
m/n/10 )$$+$$)$[] 
 []


Overfull \hbox (3.95125pt too wide) in paragraph at lines 14383--14385
[][]    \OT1/cmr/bx/n/10 ap-ply$\OT1/cmr/m/n/10 ($$($\OT1/cmr/m/it/10 subst x1$
 [] $[]expr$\OT1/cmr/m/n/10 )$$+$$\OML/cmm/m/it/10 ;$ $\OT1/cmr/m/n/10 ($\OT1/c
mr/m/it/10 subst y1$ [] $[]expr$\OT1/cmr/m/n/10 )$$+$$\OML/cmm/m/it/10 ;$$\OT1/
cmr/m/n/10 ($\OT1/cmr/m/it/10 subst x3$ [] $[]expr$\OT1/cmr/m/n/10 )$$+$$\OML/c
mm/m/it/10 ;$$\OT1/cmr/m/n/10 ($\OT1/cmr/m/it/10 subst y3$ [] $[]expr$\OT1/cmr/
m/n/10 )$$+$$)$[] 
 []

[131] [132]
Overfull \hbox (3.95125pt too wide) in paragraph at lines 14552--14554
[][]    \OT1/cmr/bx/n/10 ap-ply$\OT1/cmr/m/n/10 ($$($\OT1/cmr/m/it/10 subst x1$
 [] $[]expr$\OT1/cmr/m/n/10 )$$+$$\OML/cmm/m/it/10 ;$ $\OT1/cmr/m/n/10 ($\OT1/c
mr/m/it/10 subst y1$ [] $[]expr$\OT1/cmr/m/n/10 )$$+$$\OML/cmm/m/it/10 ;$$\OT1/
cmr/m/n/10 ($\OT1/cmr/m/it/10 subst x3$ [] $[]expr$\OT1/cmr/m/n/10 )$$+$$\OML/c
mm/m/it/10 ;$$\OT1/cmr/m/n/10 ($\OT1/cmr/m/it/10 subst y3$ [] $[]expr$\OT1/cmr/
m/n/10 )$$+$$)$[] 
 []


Overfull \hbox (3.95125pt too wide) in paragraph at lines 14572--14574
[][]    \OT1/cmr/bx/n/10 ap-ply$\OT1/cmr/m/n/10 ($$($\OT1/cmr/m/it/10 subst x1$
 [] $[]expr$\OT1/cmr/m/n/10 )$$+$$\OML/cmm/m/it/10 ;$ $\OT1/cmr/m/n/10 ($\OT1/c
mr/m/it/10 subst y1$ [] $[]expr$\OT1/cmr/m/n/10 )$$+$$\OML/cmm/m/it/10 ;$$\OT1/
cmr/m/n/10 ($\OT1/cmr/m/it/10 subst x3$ [] $[]expr$\OT1/cmr/m/n/10 )$$+$$\OML/c
mm/m/it/10 ;$$\OT1/cmr/m/n/10 ($\OT1/cmr/m/it/10 subst y3$ [] $[]expr$\OT1/cmr/
m/n/10 )$$+$$)$[] 
 []

[133]
Overfull \hbox (5.66756pt too wide) in paragraph at lines 14599--14601
[][]    \OT1/cmr/bx/n/10 un-fold-ing \OT1/cmr/m/it/10 delta[]x[]def delta[]y[]d
ef delta$ [] $[]def delta[]plus[]def delta[]minus[]def delta[]def[] 
 []


Overfull \hbox (3.95125pt too wide) in paragraph at lines 14627--14629
[][]    \OT1/cmr/bx/n/10 ap-ply$\OT1/cmr/m/n/10 ($$($\OT1/cmr/m/it/10 subst x1$
 [] $[]expr$\OT1/cmr/m/n/10 )$$+$$\OML/cmm/m/it/10 ;$ $\OT1/cmr/m/n/10 ($\OT1/c
mr/m/it/10 subst y1$ [] $[]expr$\OT1/cmr/m/n/10 )$$+$$\OML/cmm/m/it/10 ;$$\OT1/
cmr/m/n/10 ($\OT1/cmr/m/it/10 subst x3$ [] $[]expr$\OT1/cmr/m/n/10 )$$+$$\OML/c
mm/m/it/10 ;$$\OT1/cmr/m/n/10 ($\OT1/cmr/m/it/10 subst y3$ [] $[]expr$\OT1/cmr/
m/n/10 )$$+$$)$[] 
 []


Overfull \hbox (3.95125pt too wide) in paragraph at lines 14647--14649
[][]    \OT1/cmr/bx/n/10 ap-ply$\OT1/cmr/m/n/10 ($$($\OT1/cmr/m/it/10 subst x1$
 [] $[]expr$\OT1/cmr/m/n/10 )$$+$$\OML/cmm/m/it/10 ;$ $\OT1/cmr/m/n/10 ($\OT1/c
mr/m/it/10 subst y1$ [] $[]expr$\OT1/cmr/m/n/10 )$$+$$\OML/cmm/m/it/10 ;$$\OT1/
cmr/m/n/10 ($\OT1/cmr/m/it/10 subst x3$ [] $[]expr$\OT1/cmr/m/n/10 )$$+$$\OML/c
mm/m/it/10 ;$$\OT1/cmr/m/n/10 ($\OT1/cmr/m/it/10 subst y3$ [] $[]expr$\OT1/cmr/
m/n/10 )$$+$$)$[] 
 []

[134] [135]
Overfull \hbox (3.95125pt too wide) in paragraph at lines 14779--14781
[][]    \OT1/cmr/bx/n/10 ap-ply$\OT1/cmr/m/n/10 ($$($\OT1/cmr/m/it/10 subst x1$
 [] $[]expr$\OT1/cmr/m/n/10 )$$+$$\OML/cmm/m/it/10 ;$ $\OT1/cmr/m/n/10 ($\OT1/c
mr/m/it/10 subst y1$ [] $[]expr$\OT1/cmr/m/n/10 )$$+$$\OML/cmm/m/it/10 ;$$\OT1/
cmr/m/n/10 ($\OT1/cmr/m/it/10 subst x3$ [] $[]expr$\OT1/cmr/m/n/10 )$$+$$\OML/c
mm/m/it/10 ;$$\OT1/cmr/m/n/10 ($\OT1/cmr/m/it/10 subst y3$ [] $[]expr$\OT1/cmr/
m/n/10 )$$+$$)$[] 
 []


Overfull \hbox (3.95125pt too wide) in paragraph at lines 14803--14805
[][]    \OT1/cmr/bx/n/10 ap-ply$\OT1/cmr/m/n/10 ($$($\OT1/cmr/m/it/10 subst x1$
 [] $[]expr$\OT1/cmr/m/n/10 )$$+$$\OML/cmm/m/it/10 ;$ $\OT1/cmr/m/n/10 ($\OT1/c
mr/m/it/10 subst y1$ [] $[]expr$\OT1/cmr/m/n/10 )$$+$$\OML/cmm/m/it/10 ;$$\OT1/
cmr/m/n/10 ($\OT1/cmr/m/it/10 subst x3$ [] $[]expr$\OT1/cmr/m/n/10 )$$+$$\OML/c
mm/m/it/10 ;$$\OT1/cmr/m/n/10 ($\OT1/cmr/m/it/10 subst y3$ [] $[]expr$\OT1/cmr/
m/n/10 )$$+$$)$[] 
 []


Overfull \hbox (5.66756pt too wide) in paragraph at lines 14836--14838
[][]    \OT1/cmr/bx/n/10 un-fold-ing \OT1/cmr/m/it/10 delta[]x[]def delta[]y[]d
ef delta$ [] $[]def delta[]plus[]def delta[]minus[]def delta[]def[] 
 []

[136]
Overfull \hbox (3.95125pt too wide) in paragraph at lines 14864--14866
[][]    \OT1/cmr/bx/n/10 ap-ply$\OT1/cmr/m/n/10 ($$($\OT1/cmr/m/it/10 subst x1$
 [] $[]expr$\OT1/cmr/m/n/10 )$$+$$\OML/cmm/m/it/10 ;$ $\OT1/cmr/m/n/10 ($\OT1/c
mr/m/it/10 subst y1$ [] $[]expr$\OT1/cmr/m/n/10 )$$+$$\OML/cmm/m/it/10 ;$$\OT1/
cmr/m/n/10 ($\OT1/cmr/m/it/10 subst x3$ [] $[]expr$\OT1/cmr/m/n/10 )$$+$$\OML/c
mm/m/it/10 ;$$\OT1/cmr/m/n/10 ($\OT1/cmr/m/it/10 subst y3$ [] $[]expr$\OT1/cmr/
m/n/10 )$$+$$)$[] 
 []


Overfull \hbox (3.95125pt too wide) in paragraph at lines 14887--14889
[][]    \OT1/cmr/bx/n/10 ap-ply$\OT1/cmr/m/n/10 ($$($\OT1/cmr/m/it/10 subst x1$
 [] $[]expr$\OT1/cmr/m/n/10 )$$+$$\OML/cmm/m/it/10 ;$ $\OT1/cmr/m/n/10 ($\OT1/c
mr/m/it/10 subst y1$ [] $[]expr$\OT1/cmr/m/n/10 )$$+$$\OML/cmm/m/it/10 ;$$\OT1/
cmr/m/n/10 ($\OT1/cmr/m/it/10 subst x3$ [] $[]expr$\OT1/cmr/m/n/10 )$$+$$\OML/c
mm/m/it/10 ;$$\OT1/cmr/m/n/10 ($\OT1/cmr/m/it/10 subst y3$ [] $[]expr$\OT1/cmr/
m/n/10 )$$+$$)$[] 
 []

[137] [138]
Overfull \hbox (3.95125pt too wide) in paragraph at lines 15060--15062
[][]    \OT1/cmr/bx/n/10 ap-ply$\OT1/cmr/m/n/10 ($$($\OT1/cmr/m/it/10 subst x1$
 [] $[]expr$\OT1/cmr/m/n/10 )$$+$$\OML/cmm/m/it/10 ;$ $\OT1/cmr/m/n/10 ($\OT1/c
mr/m/it/10 subst y1$ [] $[]expr$\OT1/cmr/m/n/10 )$$+$$\OML/cmm/m/it/10 ;$$\OT1/
cmr/m/n/10 ($\OT1/cmr/m/it/10 subst x3$ [] $[]expr$\OT1/cmr/m/n/10 )$$+$$\OML/c
mm/m/it/10 ;$$\OT1/cmr/m/n/10 ($\OT1/cmr/m/it/10 subst y3$ [] $[]expr$\OT1/cmr/
m/n/10 )$$+$$)$[] 
 []


Overfull \hbox (3.95125pt too wide) in paragraph at lines 15079--15081
[][]    \OT1/cmr/bx/n/10 ap-ply$\OT1/cmr/m/n/10 ($$($\OT1/cmr/m/it/10 subst x1$
 [] $[]expr$\OT1/cmr/m/n/10 )$$+$$\OML/cmm/m/it/10 ;$ $\OT1/cmr/m/n/10 ($\OT1/c
mr/m/it/10 subst y1$ [] $[]expr$\OT1/cmr/m/n/10 )$$+$$\OML/cmm/m/it/10 ;$$\OT1/
cmr/m/n/10 ($\OT1/cmr/m/it/10 subst x3$ [] $[]expr$\OT1/cmr/m/n/10 )$$+$$\OML/c
mm/m/it/10 ;$$\OT1/cmr/m/n/10 ($\OT1/cmr/m/it/10 subst y3$ [] $[]expr$\OT1/cmr/
m/n/10 )$$+$$)$[] 
 []

[139]
Overfull \hbox (5.66756pt too wide) in paragraph at lines 15108--15110
[][]    \OT1/cmr/bx/n/10 un-fold-ing \OT1/cmr/m/it/10 delta[]x[]def delta[]y[]d
ef delta$ [] $[]def delta[]plus[]def delta[]minus[]def delta[]def[] 
 []


Overfull \hbox (3.95125pt too wide) in paragraph at lines 15136--15138
[][]    \OT1/cmr/bx/n/10 ap-ply$\OT1/cmr/m/n/10 ($$($\OT1/cmr/m/it/10 subst x1$
 [] $[]expr$\OT1/cmr/m/n/10 )$$+$$\OML/cmm/m/it/10 ;$ $\OT1/cmr/m/n/10 ($\OT1/c
mr/m/it/10 subst y1$ [] $[]expr$\OT1/cmr/m/n/10 )$$+$$\OML/cmm/m/it/10 ;$$\OT1/
cmr/m/n/10 ($\OT1/cmr/m/it/10 subst x3$ [] $[]expr$\OT1/cmr/m/n/10 )$$+$$\OML/c
mm/m/it/10 ;$$\OT1/cmr/m/n/10 ($\OT1/cmr/m/it/10 subst y3$ [] $[]expr$\OT1/cmr/
m/n/10 )$$+$$)$[] 
 []


Overfull \hbox (3.95125pt too wide) in paragraph at lines 15154--15156
[][]    \OT1/cmr/bx/n/10 ap-ply$\OT1/cmr/m/n/10 ($$($\OT1/cmr/m/it/10 subst x1$
 [] $[]expr$\OT1/cmr/m/n/10 )$$+$$\OML/cmm/m/it/10 ;$ $\OT1/cmr/m/n/10 ($\OT1/c
mr/m/it/10 subst y1$ [] $[]expr$\OT1/cmr/m/n/10 )$$+$$\OML/cmm/m/it/10 ;$$\OT1/
cmr/m/n/10 ($\OT1/cmr/m/it/10 subst x3$ [] $[]expr$\OT1/cmr/m/n/10 )$$+$$\OML/c
mm/m/it/10 ;$$\OT1/cmr/m/n/10 ($\OT1/cmr/m/it/10 subst y3$ [] $[]expr$\OT1/cmr/
m/n/10 )$$+$$)$[] 
 []

[140] [141]
Overfull \hbox (3.95125pt too wide) in paragraph at lines 15322--15324
[][]    \OT1/cmr/bx/n/10 ap-ply$\OT1/cmr/m/n/10 ($$($\OT1/cmr/m/it/10 subst x1$
 [] $[]expr$\OT1/cmr/m/n/10 )$$+$$\OML/cmm/m/it/10 ;$ $\OT1/cmr/m/n/10 ($\OT1/c
mr/m/it/10 subst y1$ [] $[]expr$\OT1/cmr/m/n/10 )$$+$$\OML/cmm/m/it/10 ;$$\OT1/
cmr/m/n/10 ($\OT1/cmr/m/it/10 subst x3$ [] $[]expr$\OT1/cmr/m/n/10 )$$+$$\OML/c
mm/m/it/10 ;$$\OT1/cmr/m/n/10 ($\OT1/cmr/m/it/10 subst y3$ [] $[]expr$\OT1/cmr/
m/n/10 )$$+$$)$[] 
 []


Overfull \hbox (3.95125pt too wide) in paragraph at lines 15346--15348
[][]    \OT1/cmr/bx/n/10 ap-ply$\OT1/cmr/m/n/10 ($$($\OT1/cmr/m/it/10 subst x1$
 [] $[]expr$\OT1/cmr/m/n/10 )$$+$$\OML/cmm/m/it/10 ;$ $\OT1/cmr/m/n/10 ($\OT1/c
mr/m/it/10 subst y1$ [] $[]expr$\OT1/cmr/m/n/10 )$$+$$\OML/cmm/m/it/10 ;$$\OT1/
cmr/m/n/10 ($\OT1/cmr/m/it/10 subst x3$ [] $[]expr$\OT1/cmr/m/n/10 )$$+$$\OML/c
mm/m/it/10 ;$$\OT1/cmr/m/n/10 ($\OT1/cmr/m/it/10 subst y3$ [] $[]expr$\OT1/cmr/
m/n/10 )$$+$$)$[] 
 []

[142]
Overfull \hbox (5.66756pt too wide) in paragraph at lines 15379--15381
[][]    \OT1/cmr/bx/n/10 un-fold-ing \OT1/cmr/m/it/10 delta[]x[]def delta[]y[]d
ef delta$ [] $[]def delta[]plus[]def delta[]minus[]def delta[]def[] 
 []


Overfull \hbox (3.95125pt too wide) in paragraph at lines 15406--15408
[][]    \OT1/cmr/bx/n/10 ap-ply$\OT1/cmr/m/n/10 ($$($\OT1/cmr/m/it/10 subst x1$
 [] $[]expr$\OT1/cmr/m/n/10 )$$+$$\OML/cmm/m/it/10 ;$ $\OT1/cmr/m/n/10 ($\OT1/c
mr/m/it/10 subst y1$ [] $[]expr$\OT1/cmr/m/n/10 )$$+$$\OML/cmm/m/it/10 ;$$\OT1/
cmr/m/n/10 ($\OT1/cmr/m/it/10 subst x3$ [] $[]expr$\OT1/cmr/m/n/10 )$$+$$\OML/c
mm/m/it/10 ;$$\OT1/cmr/m/n/10 ($\OT1/cmr/m/it/10 subst y3$ [] $[]expr$\OT1/cmr/
m/n/10 )$$+$$)$[] 
 []


Overfull \hbox (3.95125pt too wide) in paragraph at lines 15430--15432
[][]    \OT1/cmr/bx/n/10 ap-ply$\OT1/cmr/m/n/10 ($$($\OT1/cmr/m/it/10 subst x1$
 [] $[]expr$\OT1/cmr/m/n/10 )$$+$$\OML/cmm/m/it/10 ;$ $\OT1/cmr/m/n/10 ($\OT1/c
mr/m/it/10 subst y1$ [] $[]expr$\OT1/cmr/m/n/10 )$$+$$\OML/cmm/m/it/10 ;$$\OT1/
cmr/m/n/10 ($\OT1/cmr/m/it/10 subst x3$ [] $[]expr$\OT1/cmr/m/n/10 )$$+$$\OML/c
mm/m/it/10 ;$$\OT1/cmr/m/n/10 ($\OT1/cmr/m/it/10 subst y3$ [] $[]expr$\OT1/cmr/
m/n/10 )$$+$$)$[] 
 []

[143]
Overfull \hbox (21.6869pt too wide) in paragraph at lines 15526--15528
[][]  \OT1/cmr/bx/n/10 un-fold-ing \OT1/cmr/m/it/10 e$ [] $[]aff[]def e$ [] $[]
def delta[]def delta[]plus[]def delta[]minus[]def delta$ [] $[]def delta[]y[]de
f
 []


Overfull \hbox (21.6869pt too wide) in paragraph at lines 15559--15561
[][]  \OT1/cmr/bx/n/10 un-fold-ing \OT1/cmr/m/it/10 e$ [] $[]aff[]def e$ [] $[]
def delta[]def delta[]plus[]def delta[]minus[]def delta$ [] $[]def delta[]y[]de
f
 []

[144]
Overfull \hbox (21.6869pt too wide) in paragraph at lines 15594--15596
[][]  \OT1/cmr/bx/n/10 un-fold-ing \OT1/cmr/m/it/10 e$ [] $[]aff[]def e$ [] $[]
def delta[]def delta[]plus[]def delta[]minus[]def delta$ [] $[]def delta[]y[]de
f
 []


Overfull \hbox (21.6869pt too wide) in paragraph at lines 15627--15629
[][]  \OT1/cmr/bx/n/10 un-fold-ing \OT1/cmr/m/it/10 e$ [] $[]aff[]def e$ [] $[]
def delta[]def delta[]plus[]def delta[]minus[]def delta$ [] $[]def delta[]y[]de
f
 []


Overfull \hbox (21.6869pt too wide) in paragraph at lines 15662--15664
[][]  \OT1/cmr/bx/n/10 un-fold-ing \OT1/cmr/m/it/10 e$ [] $[]aff[]def e$ [] $[]
def delta[]def delta[]plus[]def delta[]minus[]def delta$ [] $[]def delta[]y[]de
f
 []

[145]
Overfull \hbox (49.99887pt too wide) in paragraph at lines 15765--15767
[][]  \OT1/cmr/bx/n/10 ap-ply$\OT1/cmr/m/n/10 ($\OT1/cmr/m/it/10 simp split$\OT
1/cmr/m/n/10 :$ \OT1/cmr/m/it/10 if[]splits add$\OT1/cmr/m/n/10 :$ \OT1/cmr/m/i
t/10 divide[]simps t[]nz 1 algebra[]simps power2[]eq[]square$\OT1/cmr/m/n/10 [$
\OT1/cmr/m/it/10 symmetric$\OT1/cmr/m/n/10 ]$
 []


Overfull \hbox (49.99887pt too wide) in paragraph at lines 15802--15804
[][]  \OT1/cmr/bx/n/10 ap-ply$\OT1/cmr/m/n/10 ($\OT1/cmr/m/it/10 simp split$\OT
1/cmr/m/n/10 :$ \OT1/cmr/m/it/10 if[]splits add$\OT1/cmr/m/n/10 :$ \OT1/cmr/m/i
t/10 divide[]simps t[]nz 1 algebra[]simps power2[]eq[]square$\OT1/cmr/m/n/10 [$
\OT1/cmr/m/it/10 symmetric$\OT1/cmr/m/n/10 ]$
 []

[146]
Overfull \hbox (5.22716pt too wide) in paragraph at lines 15844--15851
[][]    \OT1/cmr/bx/n/10 by$\OT1/cmr/m/n/10 ($\OT1/cmr/m/it/10 simp add$\OT1/cm
r/m/n/10 :$ \OT1/cmr/m/it/10 semiring[]normalization[]rules$\OT1/cmr/m/n/10 ($\
OT1/cmr/m/it/10 18$\OT1/cmr/m/n/10 )$ \OT1/cmr/m/it/10 semiring[]normalization[
]rules$\OT1/cmr/m/n/10 ($\OT1/cmr/m/it/10 29$\OT1/cmr/m/n/10 )$
 []

[147]
Overfull \hbox (49.99887pt too wide) in paragraph at lines 15932--15934
[][]  \OT1/cmr/bx/n/10 ap-ply$\OT1/cmr/m/n/10 ($\OT1/cmr/m/it/10 simp split$\OT
1/cmr/m/n/10 :$ \OT1/cmr/m/it/10 if[]splits add$\OT1/cmr/m/n/10 :$ \OT1/cmr/m/i
t/10 divide[]simps t[]nz 1 algebra[]simps power2[]eq[]square$\OT1/cmr/m/n/10 [$
\OT1/cmr/m/it/10 symmetric$\OT1/cmr/m/n/10 ]$
 []


Overfull \hbox (49.99887pt too wide) in paragraph at lines 16005--16007
[][]  \OT1/cmr/bx/n/10 ap-ply$\OT1/cmr/m/n/10 ($\OT1/cmr/m/it/10 simp split$\OT
1/cmr/m/n/10 :$ \OT1/cmr/m/it/10 if[]splits add$\OT1/cmr/m/n/10 :$ \OT1/cmr/m/i
t/10 divide[]simps t[]nz 1 algebra[]simps power2[]eq[]square$\OT1/cmr/m/n/10 [$
\OT1/cmr/m/it/10 symmetric$\OT1/cmr/m/n/10 ]$
 []

[148]
Overfull \hbox (66.86543pt too wide) in paragraph at lines 16058--16060
[][]   \OT1/cmr/bx/n/10 ap-ply$\OT1/cmr/m/n/10 ($\OT1/cmr/m/it/10 simp[]all spl
it$\OT1/cmr/m/n/10 :$ \OT1/cmr/m/it/10 if[]splits add$\OT1/cmr/m/n/10 :$ \OT1/c
mr/m/it/10 divide[]simps t[]nz 1 algebra[]simps power2[]eq[]square$\OT1/cmr/m/n
/10 [$\OT1/cmr/m/it/10 symmetric$\OT1/cmr/m/n/10 ]$
 []


Overfull \hbox (18.19121pt too wide) in paragraph at lines 16094--16095
[][]  \OT1/cmr/bx/n/10 shows \OT1/cmr/m/it/10 proj[]addition $\OT1/cmr/m/n/10 (
$\OT1/cmr/m/it/10 proj[]addition $\OT1/cmr/m/n/10 ($\OT1/cmr/m/it/10 gluing `` 
$\OMS/cmsy/m/n/10 f$$\OT1/cmr/m/n/10 ($$($\OT1/cmr/m/it/10 x1$\OML/cmm/m/it/10 
;$\OT1/cmr/m/it/10 y1$\OT1/cmr/m/n/10 )$$\OML/cmm/m/it/10 ;$\OT1/cmr/m/it/10 0$
\OT1/cmr/m/n/10 )$$\OMS/cmsy/m/n/10 g$$\OT1/cmr/m/n/10 )$ $($\OT1/cmr/m/it/10 g
luing `` $\OMS/cmsy/m/n/10 f$$\OT1/cmr/m/n/10 ($$($\OT1/cmr/m/it/10 x2$\OML/cmm
/m/it/10 ;$\OT1/cmr/m/it/10 y2$\OT1/cmr/m/n/10 )$$\OML/cmm/m/it/10 ;$\OT1/cmr/m
/it/10 0$\OT1/cmr/m/n/10 )$$\OMS/cmsy/m/n/10 g$$\OT1/cmr/m/n/10 )$$)$
 []

[149] [150]
Overfull \hbox (15.44933pt too wide) in paragraph at lines 16320--16322
[][]        \OT1/cmr/bx/n/10 by$\OT1/cmr/m/n/10 ($\OT1/cmr/m/it/10 simp add$\OT
1/cmr/m/n/10 :$ \OT1/cmr/m/it/10 semiring[]normalization[]rules$\OT1/cmr/m/n/10
 ($\OT1/cmr/m/it/10 18$\OT1/cmr/m/n/10 )$ \OT1/cmr/m/it/10 semiring[]normalizat
ion[]rules$\OT1/cmr/m/n/10 ($\OT1/cmr/m/it/10 29$\OT1/cmr/m/n/10 )$
 []

[151] [152] [153] [154] [155] [156] [157] [158] [159] [160]
Overfull \hbox (21.41649pt too wide) in paragraph at lines 17282--17284
[][]          \OT1/cmr/bx/n/10 by $\OT1/cmr/m/n/10 ($\OT1/cmr/m/it/10 metis i$\
OML/cmm/m/it/10 :$\OT1/cmr/m/it/10 simps one[]in proj[]addition[]comm projectiv
e[]curve$\OML/cmm/m/it/10 :$\OT1/cmr/m/it/10 remove[]add[]rotation
 []

[161] [162] [163] [164] [165]
Overfull \hbox (2.82072pt too wide) in paragraph at lines 17835--17838
[][]  \OT1/cmr/bx/n/10 also have $\OML/cmm/m/it/10 :$$:$$:$ $\OT1/cmr/m/n/10 =$
 \OT1/cmr/m/it/10 proj[]addition $\OT1/cmr/m/n/10 ($\OT1/cmr/m/it/10 gluing `` 
$\OMS/cmsy/m/n/10 f$$\OT1/cmr/m/n/10 ($$($\OT1/cmr/m/it/10 g $\OMS/cmsy/m/n/10 
^^N$ \OT1/cmr/m/it/10 i$\OT1/cmr/m/n/10 )$ \OT1/cmr/m/it/10 add[]2[]3$\OML/cmm/
m/it/10 ;$ \OT1/cmr/m/it/10 0$\OT1/cmr/m/n/10 )$$\OMS/cmsy/m/n/10 g$$\OT1/cmr/m
/n/10 )$ $($\OT1/cmr/m/it/10 gluing `` $\OMS/cmsy/m/n/10 f$$\OT1/cmr/m/n/10 ($\
OT1/cmr/m/it/10 add[]2[]3$\OML/cmm/m/it/10 ;$
 []

[166]
Overfull \hbox (3.79938pt too wide) in paragraph at lines 17913--17915
[][]      \OT1/cmr/bx/n/10 by $\OT1/cmr/m/n/10 ($\OT1/cmr/m/it/10 metis $\OT1/c
mr/m/n/10 ($\OT1/cmr/m/it/10 no[]types$\OML/cmm/m/it/10 ;$ \OT1/cmr/m/it/10 lif
t-ing$\OT1/cmr/m/n/10 )$ \OT1/cmr/m/it/10 assms$\OT1/cmr/m/n/10 ($\OT1/cmr/m/it
/10 2$\OT1/cmr/m/n/10 )$ \OT1/cmr/m/it/10 cancellation[]assoc e[]proj[]0$\OT1/c
mr/m/n/10 ($\OT1/cmr/m/it/10 2$\OT1/cmr/m/n/10 )$ \OT1/cmr/m/it/10 e[]proj[]0$\
OT1/cmr/m/n/10 ($\OT1/cmr/m/it/10 3$\OT1/cmr/m/n/10 )$
 []

[167]
Overfull \hbox (2.82072pt too wide) in paragraph at lines 18060--18063
[][]  \OT1/cmr/bx/n/10 also have $\OML/cmm/m/it/10 :$$:$$:$ $\OT1/cmr/m/n/10 =$
 \OT1/cmr/m/it/10 proj[]addition $\OT1/cmr/m/n/10 ($\OT1/cmr/m/it/10 gluing `` 
$\OMS/cmsy/m/n/10 f$$\OT1/cmr/m/n/10 ($$($\OT1/cmr/m/it/10 g $\OMS/cmsy/m/n/10 
^^N$ \OT1/cmr/m/it/10 i$\OT1/cmr/m/n/10 )$ \OT1/cmr/m/it/10 add[]2[]3$\OML/cmm/
m/it/10 ;$ \OT1/cmr/m/it/10 0$\OT1/cmr/m/n/10 )$$\OMS/cmsy/m/n/10 g$$\OT1/cmr/m
/n/10 )$ $($\OT1/cmr/m/it/10 gluing `` $\OMS/cmsy/m/n/10 f$$\OT1/cmr/m/n/10 ($\
OT1/cmr/m/it/10 add[]2[]3$\OML/cmm/m/it/10 ;$
 []

[168] [169] [170]
Overfull \hbox (9.60477pt too wide) in paragraph at lines 18347--18351
[][]        \OT1/cmr/bx/n/10 us-ing \OT1/cmr/m/it/10 in[]aff e[]e$ [] $[]iff 22
 \OT1/cmr/bx/n/10 un-fold-ing \OT1/cmr/m/it/10 e$ [] $[]aff[]def e$ [] $[]aff[]
0[]def delta[]def \OT1/cmr/bx/n/10 by$\OT1/cmr/m/n/10 ($\OT1/cmr/m/it/10 fastfo
rce$\OT1/cmr/m/n/10 )$$+$[] 
 []

[171] [172] [173] [174] [175] [176] [177]
Overfull \hbox (13.17746pt too wide) in paragraph at lines 19007--19011
[][]        \OT1/cmr/bx/n/10 us-ing \OT1/cmr/m/it/10 in[]aff e[]e$ [] $[]iff 33
 \OT1/cmr/bx/n/10 un-fold-ing \OT1/cmr/m/it/10 e$ [] $[]aff[]def e$ [] $[]aff[]
1[]def delta$ [] $[]def \OT1/cmr/bx/n/10 by$\OT1/cmr/m/n/10 ($\OT1/cmr/m/it/10 
fastforce$\OT1/cmr/m/n/10 )$$+$[] 
 []

[178] [179] [180] [181] [182] [183] [184]
Overfull \hbox (9.60477pt too wide) in paragraph at lines 19762--19766
[][]        \OT1/cmr/bx/n/10 us-ing \OT1/cmr/m/it/10 in[]aff e[]e$ [] $[]iff 22
 \OT1/cmr/bx/n/10 un-fold-ing \OT1/cmr/m/it/10 e$ [] $[]aff[]def e$ [] $[]aff[]
0[]def delta[]def \OT1/cmr/bx/n/10 by$\OT1/cmr/m/n/10 ($\OT1/cmr/m/it/10 fastfo
rce$\OT1/cmr/m/n/10 )$$+$[] 
 []

[185] [186] [187] [188] [189] [190] [191]
Overfull \hbox (13.17746pt too wide) in paragraph at lines 20420--20424
[][]        \OT1/cmr/bx/n/10 us-ing \OT1/cmr/m/it/10 in[]aff e[]e$ [] $[]iff 33
 \OT1/cmr/bx/n/10 un-fold-ing \OT1/cmr/m/it/10 e$ [] $[]aff[]def e$ [] $[]aff[]
1[]def delta$ [] $[]def \OT1/cmr/bx/n/10 by$\OT1/cmr/m/n/10 ($\OT1/cmr/m/it/10 
fastforce$\OT1/cmr/m/n/10 )$$+$[] 
 []

[192] [193] [194] [195] [196] [197] [198] [199] [200] [201] [202] [203]
[204]))
Package atveryend Info: Empty hook `BeforeClearDocument' on input line 54.
 [205]
Package atveryend Info: Empty hook `AfterLastShipout' on input line 54.
 (./root.aux)
Package atveryend Info: Executing hook `AtVeryEndDocument' on input line 54.
Package atveryend Info: Executing hook `AtEndAfterFileList' on input line 54.
Package rerunfilecheck Info: File `root.out' has not changed.
(rerunfilecheck)             Checksum: 12239AD799DEFD56A305B378BD9B4842;1862.
Package atveryend Info: Empty hook `AtVeryVeryEnd' on input line 54.
 ) 
Here is how much of TeX's memory you used:
 5799 strings out of 492982
 82609 string characters out of 6134895
 177275 words of memory out of 5000000
 9099 multiletter control sequences out of 15000+600000
 12977 words of font info for 45 fonts, out of 8000000 for 9000
 1141 hyphenation exceptions out of 8191
 34i,8n,28p,5707b,490s stack positions out of 5000i,500n,10000p,200000b,80000s
</usr/share/texlive/texmf-dist/fonts/type1/public/amsfonts/cm/cmbsy10.pfb></u
sr/share/texlive/texmf-dist/fonts/type1/public/amsfonts/cm/cmbx10.pfb></usr/sha
re/texlive/texmf-dist/fonts/type1/public/amsfonts/cm/cmbx12.pfb></usr/share/tex
live/texmf-dist/fonts/type1/public/amsfonts/cm/cmex10.pfb></usr/share/texlive/t
exmf-dist/fonts/type1/public/amsfonts/cm/cmmi10.pfb></usr/share/texlive/texmf-d
ist/fonts/type1/public/amsfonts/cm/cmmi7.pfb></usr/share/texlive/texmf-dist/fon
ts/type1/public/amsfonts/cm/cmmi9.pfb></usr/share/texlive/texmf-dist/fonts/type
1/public/amsfonts/cm/cmr10.pfb></usr/share/texlive/texmf-dist/fonts/type1/publi
c/amsfonts/cm/cmr12.pfb></usr/share/texlive/texmf-dist/fonts/type1/public/amsfo
nts/cm/cmr17.pfb></usr/share/texlive/texmf-dist/fonts/type1/public/amsfonts/cm/
cmr7.pfb></usr/share/texlive/texmf-dist/fonts/type1/public/amsfonts/cm/cmr9.pfb
></usr/share/texlive/texmf-dist/fonts/type1/public/amsfonts/cm/cmsy10.pfb></usr
/share/texlive/texmf-dist/fonts/type1/public/amsfonts/cm/cmsy5.pfb></usr/share/
texlive/texmf-dist/fonts/type1/public/amsfonts/cm/cmsy7.pfb></usr/share/texlive
/texmf-dist/fonts/type1/public/amsfonts/cm/cmsy9.pfb></usr/share/texlive/texmf-
dist/fonts/type1/public/amsfonts/cm/cmti10.pfb></usr/share/texlive/texmf-dist/f
onts/type1/public/amsfonts/cm/cmti9.pfb>
Output written on root.pdf (205 pages, 651015 bytes).
PDF statistics:
 1125 PDF objects out of 1200 (max. 8388607)
 891 compressed objects within 9 object streams
 232 named destinations out of 1000 (max. 500000)
 201 words of extra memory for PDF output out of 10000 (max. 10000000)

