This is pdfTeX, Version 3.14159265-2.6-1.40.18 (TeX Live 2017/Debian) (preloaded format=pdflatex 2018.10.13)  24 NOV 2019 00:29
entering extended mode
 restricted \write18 enabled.
 file:line:error style messages enabled.
 %&-line parsing enabled.
**\nonstopmode\input{root.tex}
(./root.tex (/usr/share/texlive/texmf-dist/tex/latex/base/article.cls
Document Class: article 2014/09/29 v1.4h Standard LaTeX document class
(/usr/share/texlive/texmf-dist/tex/latex/base/size11.clo
File: size11.clo 2014/09/29 v1.4h Standard LaTeX file (size option)
)
\c@part=\count79
\c@section=\count80
\c@subsection=\count81
\c@subsubsection=\count82
\c@paragraph=\count83
\c@subparagraph=\count84
\c@figure=\count85
\c@table=\count86
\abovecaptionskip=\skip41
\belowcaptionskip=\skip42
\bibindent=\dimen102
) (./isabelle.sty
\isa@parindent=\dimen103
\isa@parskip=\dimen104

(/usr/share/texlive/texmf-dist/tex/generic/ulem/ulem.sty
\UL@box=\box26
\UL@hyphenbox=\box27
\UL@skip=\skip43
\UL@hook=\toks14
\UL@height=\dimen105
\UL@pe=\count87
\UL@pixel=\dimen106
\ULC@box=\box28
Package: ulem 2012/05/18
\ULdepth=\dimen107
) (./comment.sty
\CommentStream=\write3

Excluding comment 'comment') Including comment 'isadelimdocument'
Including comment 'isatagdocument' Including comment 'isadelimtheory'
Including comment 'isatagtheory' Including comment 'isadelimproof'
Including comment 'isatagproof' Including comment 'isadelimML'
Including comment 'isatagML' Including comment 'isadelimvisible'
Including comment 'isatagvisible' Excluding comment 'isadeliminvisible'
Excluding comment 'isataginvisible' Including comment 'isadelimimportant'
Including comment 'isatagimportant' Including comment 'isadelimunimportant'
Including comment 'isatagunimportant') (./isabelletags.sty) (./isabellesym.sty)
(./pdfsetup.sty (/usr/share/texlive/texmf-dist/tex/latex/graphics/color.sty
Package: color 2016/07/10 v1.1e Standard LaTeX Color (DPC)

(/usr/share/texlive/texmf-dist/tex/latex/graphics-cfg/color.cfg
File: color.cfg 2016/01/02 v1.6 sample color configuration
)
Package color Info: Driver file: pdftex.def on input line 147.

(/usr/share/texlive/texmf-dist/tex/latex/graphics-def/pdftex.def
File: pdftex.def 2018/01/08 v1.0l Graphics/color driver for pdftex
)))
(/usr/share/texlive/texmf-dist/tex/latex/hyperref/hyperref.sty
Package: hyperref 2018/02/06 v6.86b Hypertext links for LaTeX

(/usr/share/texlive/texmf-dist/tex/generic/oberdiek/hobsub-hyperref.sty
Package: hobsub-hyperref 2016/05/16 v1.14 Bundle oberdiek, subset hyperref (HO)


(/usr/share/texlive/texmf-dist/tex/generic/oberdiek/hobsub-generic.sty
Package: hobsub-generic 2016/05/16 v1.14 Bundle oberdiek, subset generic (HO)
Package: hobsub 2016/05/16 v1.14 Construct package bundles (HO)
Package: infwarerr 2016/05/16 v1.4 Providing info/warning/error messages (HO)
Package: ltxcmds 2016/05/16 v1.23 LaTeX kernel commands for general use (HO)
Package: ifluatex 2016/05/16 v1.4 Provides the ifluatex switch (HO)
Package ifluatex Info: LuaTeX not detected.
Package: ifvtex 2016/05/16 v1.6 Detect VTeX and its facilities (HO)
Package ifvtex Info: VTeX not detected.
Package: intcalc 2016/05/16 v1.2 Expandable calculations with integers (HO)
Package: ifpdf 2017/03/15 v3.2 Provides the ifpdf switch
Package: etexcmds 2016/05/16 v1.6 Avoid name clashes with e-TeX commands (HO)
Package etexcmds Info: Could not find \expanded.
(etexcmds)             That can mean that you are not using pdfTeX 1.50 or
(etexcmds)             that some package has redefined \expanded.
(etexcmds)             In the latter case, load this package earlier.
Package: kvsetkeys 2016/05/16 v1.17 Key value parser (HO)
Package: kvdefinekeys 2016/05/16 v1.4 Define keys (HO)
Package: pdftexcmds 2018/01/21 v0.26 Utility functions of pdfTeX for LuaTeX (HO
)
Package pdftexcmds Info: LuaTeX not detected.
Package pdftexcmds Info: \pdf@primitive is available.
Package pdftexcmds Info: \pdf@ifprimitive is available.
Package pdftexcmds Info: \pdfdraftmode found.
Package: pdfescape 2016/05/16 v1.14 Implements pdfTeX's escape features (HO)
Package: bigintcalc 2016/05/16 v1.4 Expandable calculations on big integers (HO
)
Package: bitset 2016/05/16 v1.2 Handle bit-vector datatype (HO)
Package: uniquecounter 2016/05/16 v1.3 Provide unlimited unique counter (HO)
)
Package hobsub Info: Skipping package `hobsub' (already loaded).
Package: letltxmacro 2016/05/16 v1.5 Let assignment for LaTeX macros (HO)
Package: hopatch 2016/05/16 v1.3 Wrapper for package hooks (HO)
Package: xcolor-patch 2016/05/16 xcolor patch
Package: atveryend 2016/05/16 v1.9 Hooks at the very end of document (HO)
Package atveryend Info: \enddocument detected (standard20110627).
Package: atbegshi 2016/06/09 v1.18 At begin shipout hook (HO)
Package: refcount 2016/05/16 v3.5 Data extraction from label references (HO)
Package: hycolor 2016/05/16 v1.8 Color options for hyperref/bookmark (HO)
)
(/usr/share/texlive/texmf-dist/tex/latex/graphics/keyval.sty
Package: keyval 2014/10/28 v1.15 key=value parser (DPC)
\KV@toks@=\toks15
)
(/usr/share/texlive/texmf-dist/tex/generic/ifxetex/ifxetex.sty
Package: ifxetex 2010/09/12 v0.6 Provides ifxetex conditional
)
(/usr/share/texlive/texmf-dist/tex/latex/oberdiek/auxhook.sty
Package: auxhook 2016/05/16 v1.4 Hooks for auxiliary files (HO)
)
(/usr/share/texlive/texmf-dist/tex/latex/oberdiek/kvoptions.sty
Package: kvoptions 2016/05/16 v3.12 Key value format for package options (HO)
)
\@linkdim=\dimen108
\Hy@linkcounter=\count88
\Hy@pagecounter=\count89

(/usr/share/texlive/texmf-dist/tex/latex/hyperref/pd1enc.def
File: pd1enc.def 2018/02/06 v6.86b Hyperref: PDFDocEncoding definition (HO)
)
\Hy@SavedSpaceFactor=\count90

(/usr/share/texlive/texmf-dist/tex/latex/latexconfig/hyperref.cfg
File: hyperref.cfg 2002/06/06 v1.2 hyperref configuration of TeXLive
)
Package hyperref Info: Option `colorlinks' set `true' on input line 4383.
Package hyperref Info: Option `pdfpagelabels' set `true' on input line 4383.
Package hyperref Info: Hyper figures OFF on input line 4509.
Package hyperref Info: Link nesting OFF on input line 4514.
Package hyperref Info: Hyper index ON on input line 4517.
Package hyperref Info: Plain pages OFF on input line 4524.
Package hyperref Info: Backreferencing OFF on input line 4529.
Package hyperref Info: Implicit mode ON; LaTeX internals redefined.
Package hyperref Info: Bookmarks ON on input line 4762.
\c@Hy@tempcnt=\count91

(/usr/share/texlive/texmf-dist/tex/latex/url/url.sty
\Urlmuskip=\muskip10
Package: url 2013/09/16  ver 3.4  Verb mode for urls, etc.
)
LaTeX Info: Redefining \url on input line 5115.
\XeTeXLinkMargin=\dimen109
\Fld@menulength=\count92
\Field@Width=\dimen110
\Fld@charsize=\dimen111
Package hyperref Info: Hyper figures OFF on input line 6369.
Package hyperref Info: Link nesting OFF on input line 6374.
Package hyperref Info: Hyper index ON on input line 6377.
Package hyperref Info: backreferencing OFF on input line 6384.
Package hyperref Info: Link coloring ON on input line 6387.
Package hyperref Info: Link coloring with OCG OFF on input line 6394.
Package hyperref Info: PDF/A mode OFF on input line 6399.
LaTeX Info: Redefining \ref on input line 6439.
LaTeX Info: Redefining \pageref on input line 6443.
\Hy@abspage=\count93
\c@Item=\count94
\c@Hfootnote=\count95
)
Package hyperref Info: Driver (autodetected): hpdftex.

(/usr/share/texlive/texmf-dist/tex/latex/hyperref/hpdftex.def
File: hpdftex.def 2018/02/06 v6.86b Hyperref driver for pdfTeX
\Fld@listcount=\count96
\c@bookmark@seq@number=\count97

(/usr/share/texlive/texmf-dist/tex/latex/oberdiek/rerunfilecheck.sty
Package: rerunfilecheck 2016/05/16 v1.8 Rerun checks for auxiliary files (HO)
Package uniquecounter Info: New unique counter `rerunfilecheck' on input line 2
82.
)
\Hy@SectionHShift=\skip44
)
(./root.aux)
\openout1 = `root.aux'.

LaTeX Font Info:    Checking defaults for OML/cmm/m/it on input line 36.
LaTeX Font Info:    ... okay on input line 36.
LaTeX Font Info:    Checking defaults for T1/cmr/m/n on input line 36.
LaTeX Font Info:    ... okay on input line 36.
LaTeX Font Info:    Checking defaults for OT1/cmr/m/n on input line 36.
LaTeX Font Info:    ... okay on input line 36.
LaTeX Font Info:    Checking defaults for OMS/cmsy/m/n on input line 36.
LaTeX Font Info:    ... okay on input line 36.
LaTeX Font Info:    Checking defaults for OMX/cmex/m/n on input line 36.
LaTeX Font Info:    ... okay on input line 36.
LaTeX Font Info:    Checking defaults for U/cmr/m/n on input line 36.
LaTeX Font Info:    ... okay on input line 36.
LaTeX Font Info:    Checking defaults for PD1/pdf/m/n on input line 36.
LaTeX Font Info:    ... okay on input line 36.
 (/usr/share/texlive/texmf-dist/tex/context/base/mkii/supp-pdf.mkii
[Loading MPS to PDF converter (version 2006.09.02).]
\scratchcounter=\count98
\scratchdimen=\dimen112
\scratchbox=\box29
\nofMPsegments=\count99
\nofMParguments=\count100
\everyMPshowfont=\toks16
\MPscratchCnt=\count101
\MPscratchDim=\dimen113
\MPnumerator=\count102
\makeMPintoPDFobject=\count103
\everyMPtoPDFconversion=\toks17
)
\AtBeginShipoutBox=\box30
Package hyperref Info: Link coloring ON on input line 36.
 (/usr/share/texlive/texmf-dist/tex/latex/hyperref/nameref.sty
Package: nameref 2016/05/21 v2.44 Cross-referencing by name of section

(/usr/share/texlive/texmf-dist/tex/generic/oberdiek/gettitlestring.sty
Package: gettitlestring 2016/05/16 v1.5 Cleanup title references (HO)
)
\c@section@level=\count104
)
LaTeX Info: Redefining \ref on input line 36.
LaTeX Info: Redefining \pageref on input line 36.
LaTeX Info: Redefining \nameref on input line 36.

(./root.out) (./root.out)
\@outlinefile=\write4
\openout4 = `root.out'.

LaTeX Font Info:    External font `cmex10' loaded for size
(Font)              <12> on input line 41.
LaTeX Font Info:    External font `cmex10' loaded for size
(Font)              <8> on input line 41.
LaTeX Font Info:    External font `cmex10' loaded for size
(Font)              <6> on input line 41.
 (./root.toc
LaTeX Font Info:    External font `cmex10' loaded for size
(Font)              <10.95> on input line 3.
)
\tf@toc=\write5
\openout5 = `root.toc'.

 (./session.tex (./Hales.tex
LaTeX Font Info:    External font `cmex10' loaded for size
(Font)              <7> on input line 12.
LaTeX Font Info:    External font `cmex10' loaded for size
(Font)              <5> on input line 12.
 [1

{/var/lib/texmf/fonts/map/pdftex/updmap/pdftex.map}] [2] [3]
Overfull \hbox (3.95125pt too wide) in paragraph at lines 237--239
[][]    \OT1/cmr/bx/n/10 ap-ply$\OT1/cmr/m/n/10 ($$($\OT1/cmr/m/it/10 subst x1$
 [] $[]expr$\OT1/cmr/m/n/10 )$$+$$\OML/cmm/m/it/10 ;$ $\OT1/cmr/m/n/10 ($\OT1/c
mr/m/it/10 subst y1$ [] $[]expr$\OT1/cmr/m/n/10 )$$+$$\OML/cmm/m/it/10 ;$$\OT1/
cmr/m/n/10 ($\OT1/cmr/m/it/10 subst x3$ [] $[]expr$\OT1/cmr/m/n/10 )$$+$$\OML/c
mm/m/it/10 ;$$\OT1/cmr/m/n/10 ($\OT1/cmr/m/it/10 subst y3$ [] $[]expr$\OT1/cmr/
m/n/10 )$$+$$)$[] 
 []


Overfull \hbox (3.95125pt too wide) in paragraph at lines 258--260
[][]    \OT1/cmr/bx/n/10 ap-ply$\OT1/cmr/m/n/10 ($$($\OT1/cmr/m/it/10 subst x1$
 [] $[]expr$\OT1/cmr/m/n/10 )$$+$$\OML/cmm/m/it/10 ;$ $\OT1/cmr/m/n/10 ($\OT1/c
mr/m/it/10 subst y1$ [] $[]expr$\OT1/cmr/m/n/10 )$$+$$\OML/cmm/m/it/10 ;$$\OT1/
cmr/m/n/10 ($\OT1/cmr/m/it/10 subst x3$ [] $[]expr$\OT1/cmr/m/n/10 )$$+$$\OML/c
mm/m/it/10 ;$$\OT1/cmr/m/n/10 ($\OT1/cmr/m/it/10 subst y3$ [] $[]expr$\OT1/cmr/
m/n/10 )$$+$$)$[] 
 []


Overfull \hbox (3.95125pt too wide) in paragraph at lines 313--315
[][]    \OT1/cmr/bx/n/10 ap-ply$\OT1/cmr/m/n/10 ($$($\OT1/cmr/m/it/10 subst x1$
 [] $[]expr$\OT1/cmr/m/n/10 )$$+$$\OML/cmm/m/it/10 ;$ $\OT1/cmr/m/n/10 ($\OT1/c
mr/m/it/10 subst y1$ [] $[]expr$\OT1/cmr/m/n/10 )$$+$$\OML/cmm/m/it/10 ;$$\OT1/
cmr/m/n/10 ($\OT1/cmr/m/it/10 subst x3$ [] $[]expr$\OT1/cmr/m/n/10 )$$+$$\OML/c
mm/m/it/10 ;$$\OT1/cmr/m/n/10 ($\OT1/cmr/m/it/10 subst y3$ [] $[]expr$\OT1/cmr/
m/n/10 )$$+$$)$[] 
 []

[4]
Overfull \hbox (3.95125pt too wide) in paragraph at lines 330--332
[][]    \OT1/cmr/bx/n/10 ap-ply$\OT1/cmr/m/n/10 ($$($\OT1/cmr/m/it/10 subst x1$
 [] $[]expr$\OT1/cmr/m/n/10 )$$+$$\OML/cmm/m/it/10 ;$ $\OT1/cmr/m/n/10 ($\OT1/c
mr/m/it/10 subst y1$ [] $[]expr$\OT1/cmr/m/n/10 )$$+$$\OML/cmm/m/it/10 ;$$\OT1/
cmr/m/n/10 ($\OT1/cmr/m/it/10 subst x3$ [] $[]expr$\OT1/cmr/m/n/10 )$$+$$\OML/c
mm/m/it/10 ;$$\OT1/cmr/m/n/10 ($\OT1/cmr/m/it/10 subst y3$ [] $[]expr$\OT1/cmr/
m/n/10 )$$+$$)$[] 
 []

[5]
LaTeX Font Info:    Try loading font information for OMS+cmr on input line 481.

 (/usr/share/texlive/texmf-dist/tex/latex/base/omscmr.fd
File: omscmr.fd 2014/09/29 v2.5h Standard LaTeX font definitions
)
LaTeX Font Info:    Font shape `OMS/cmr/bx/n' in size <10> not available
(Font)              Font shape `OMS/cmsy/b/n' tried instead on input line 481.
 [6]
Overfull \hbox (49.17534pt too wide) in paragraph at lines 575--577
[][]   \OT1/cmr/bx/n/10 by $\OT1/cmr/m/n/10 ($\OT1/cmr/m/it/10 metis []1 $\OML/
cmm/m/it/10 =$ $\OT1/cmr/m/n/10 ($\OT1/cmr/m/it/10 c $\OMS/cmsy/m/n/10 ^^C$ \OT
1/cmr/m/it/10 d$\OT1/cmr/m/n/10 )$ $=$ \OT1/cmr/m/it/10 b$[][]$ $\OMS/cmsy/m/n/
10 ^$ \OT1/cmr/m/it/10 1 $\OML/cmm/m/it/10 =$ $\OT1/cmr/m/n/10 ($\OT1/cmr/m/it/
10 c $\OMS/cmsy/m/n/10 ^^C$ \OT1/cmr/m/it/10 d$\OT1/cmr/m/n/10 )$ $\OMS/cmsy/m/
n/10 6\OT1/cmr/m/n/10 =$ \OT1/cmr/m/it/10 0[] eq[]divide[]eq semiring[]normaliz
ation[]rules$\OT1/cmr/m/n/10 ($\OT1/cmr/m/it/10 18$\OT1/cmr/m/n/10 )$$)$[] 
 []

[7] [8] [9] [10] [11] [12] [13]
Overfull \hbox (5.00241pt too wide) in paragraph at lines 1873--1875
[][]      \OT1/cmr/bx/n/10 ap-ply$\OT1/cmr/m/n/10 ($\OT1/cmr/m/it/10 metis $\OT
1/cmr/m/n/10 ($\OT1/cmr/m/it/10 no[]types$\OML/cmm/m/it/10 ;$ \OT1/cmr/m/it/10 
hide[]lams$\OT1/cmr/m/n/10 )$ \OT1/cmr/m/it/10 comp[]id fun$\OML/cmm/m/it/10 :$
\OT1/cmr/m/it/10 map[]comp rho[]order[]4 tau[]idemp
 []


Overfull \hbox (5.00241pt too wide) in paragraph at lines 1894--1896
[][]      \OT1/cmr/bx/n/10 ap-ply$\OT1/cmr/m/n/10 ($\OT1/cmr/m/it/10 metis $\OT
1/cmr/m/n/10 ($\OT1/cmr/m/it/10 no[]types$\OML/cmm/m/it/10 ;$ \OT1/cmr/m/it/10 
hide[]lams$\OT1/cmr/m/n/10 )$ \OT1/cmr/m/it/10 comp[]id fun$\OML/cmm/m/it/10 :$
\OT1/cmr/m/it/10 map[]comp rho[]order[]4 tau[]idemp
 []

[14]
Overfull \hbox (5.00241pt too wide) in paragraph at lines 1915--1917
[][]      \OT1/cmr/bx/n/10 ap-ply$\OT1/cmr/m/n/10 ($\OT1/cmr/m/it/10 metis $\OT
1/cmr/m/n/10 ($\OT1/cmr/m/it/10 no[]types$\OML/cmm/m/it/10 ;$ \OT1/cmr/m/it/10 
hide[]lams$\OT1/cmr/m/n/10 )$ \OT1/cmr/m/it/10 comp[]id fun$\OML/cmm/m/it/10 :$
\OT1/cmr/m/it/10 map[]comp rho[]order[]4 tau[]idemp
 []

[15] [16] [17]
Overfull \hbox (18.16457pt too wide) in paragraph at lines 2563--2565
[][]  \OT1/cmr/bx/n/10 ap-ply $\OT1/cmr/m/n/10 ($\OT1/cmr/m/it/10 simp add$\OT1
/cmr/m/n/10 :$ \OT1/cmr/m/it/10 semiring[]normalization[]rules$\OT1/cmr/m/n/10 
($\OT1/cmr/m/it/10 18$\OT1/cmr/m/n/10 )$ \OT1/cmr/m/it/10 semiring[]normalizati
on[]rules$\OT1/cmr/m/n/10 ($\OT1/cmr/m/it/10 29$\OT1/cmr/m/n/10 )$
 []

[18] [19] [20] [21] [22] [23]
Overfull \hbox (20.24413pt too wide) in paragraph at lines 3236--3238
[][]          \OT1/cmr/bx/n/10 by$\OT1/cmr/m/n/10 ($\OT1/cmr/m/it/10 simp add$\
OT1/cmr/m/n/10 :$ \OT1/cmr/m/it/10 divide[]simps a0[]nz a1[]nz eq1 eq2 power2[]
eq[]square right[]diff[]distrib$ [] $$\OT1/cmr/m/n/10 )$[] 
 []

[24] [25] [26] [27] [28]
Overfull \hbox (30.41273pt too wide) in paragraph at lines 3857--3866
[][]  \OT1/cmr/bx/n/10 us-ing \OT1/cmr/m/it/10 assms \OT1/cmr/bx/n/10 un-fold-i
ng \OT1/cmr/m/it/10 symmetries[]def e[]circ[]def delta[]def delta[]minus[]def d
elta[]plus[]def[] 
 []

[29] [30] [31] [32] [33] [34] [35] [36]
Overfull \hbox (22.35667pt too wide) in paragraph at lines 5007--5012
[][]    \OT1/cmr/bx/n/10 case \OT1/cmr/m/it/10 2 \OT1/cmr/bx/n/10 then show \OT
1/cmr/m/it/10 ?the-sis \OT1/cmr/bx/n/10 by$\OT1/cmr/m/n/10 ($\OT1/cmr/m/it/10 s
imp add$\OT1/cmr/m/n/10 :$ \OT1/cmr/m/it/10 ext[]add[]comm delta$ [] $[]com del
$\OT1/cmr/m/n/10 :$ \OT1/cmr/m/it/10 ext[]add$\OML/cmm/m/it/10 :$\OT1/cmr/m/it/
10 simps$\OT1/cmr/m/n/10 )$
 []

[37] [38] [39] [40]
Overfull \hbox (33.75014pt too wide) in paragraph at lines 5499--5502
[][]    \OT1/cmr/bx/n/10 us-ing \OT1/cmr/m/it/10 assms$\OT1/cmr/m/n/10 ($\OT1/c
mr/m/it/10 1$\OT1/cmr/m/n/10 )$ \OT1/cmr/m/it/10 e$ [] $[]aff[]bit[]def e[]proj
[]def eq[]rel gluing[]cases[]explicit in[]quotient[]imp[]subset
 []


Overfull \hbox (33.75014pt too wide) in paragraph at lines 5502--5505
[][]    \OT1/cmr/bx/n/10 us-ing \OT1/cmr/m/it/10 assms$\OT1/cmr/m/n/10 ($\OT1/c
mr/m/it/10 2$\OT1/cmr/m/n/10 )$ \OT1/cmr/m/it/10 e$ [] $[]aff[]bit[]def e[]proj
[]def eq[]rel gluing[]cases[]explicit in[]quotient[]imp[]subset
 []

[41] [42] [43] [44] [45] [46] [47] [48] [49] [50] [51] [52] [53]
Overfull \hbox (9.82411pt too wide) in paragraph at lines 6792--6794
[][]        \OT1/cmr/bx/n/10 by$\OT1/cmr/m/n/10 ($\OT1/cmr/m/it/10 simp[]all ad
d$\OT1/cmr/m/n/10 :$ \OT1/cmr/m/it/10 t[]nz nz divide[]simps algebra[]simps pow
er2[]eq[]square$\OT1/cmr/m/n/10 [$\OT1/cmr/m/it/10 symmetric$\OT1/cmr/m/n/10 ]$

 []

[54] [55] [56] [57] [58]
Overfull \hbox (4.11104pt too wide) in paragraph at lines 7378--7379
[][] \OT1/cmr/bx/n/10 as-sumes \OT1/cmr/m/it/10 glu-ing `` $\OMS/cmsy/m/n/10 f$
$\OT1/cmr/m/n/10 ($$($\OT1/cmr/m/it/10 x$\OML/cmm/m/it/10 ;$\OT1/cmr/m/it/10 y$
\OT1/cmr/m/n/10 )$$\OML/cmm/m/it/10 ;$\OT1/cmr/m/it/10 l$\OT1/cmr/m/n/10 )$$\OM
S/cmsy/m/n/10 g$ $\OT1/cmr/m/n/10 =$ $\OMS/cmsy/m/n/10 f$$\OT1/cmr/m/n/10 ($$($
\OT1/cmr/m/it/10 x$\OML/cmm/m/it/10 ;$ \OT1/cmr/m/it/10 y$\OT1/cmr/m/n/10 )$$\O
ML/cmm/m/it/10 ;$ \OT1/cmr/m/it/10 l$\OT1/cmr/m/n/10 )$$\OML/cmm/m/it/10 ;$ $\O
T1/cmr/m/n/10 ($$\OML/cmm/m/it/10 ^^\$ $\OT1/cmr/m/n/10 ($\OT1/cmr/m/it/10 x$\O
ML/cmm/m/it/10 ;$ \OT1/cmr/m/it/10 y$\OT1/cmr/m/n/10 )$$\OML/cmm/m/it/10 ;$ \OT
1/cmr/m/it/10 l $\OT1/cmr/m/n/10 +$ \OT1/cmr/m/it/10 1$\OT1/cmr/m/n/10 )$$\OMS/
cmsy/m/n/10 g$ \OT1/cmr/m/it/10 glu-ing `` $\OMS/cmsy/m/n/10 f$$\OT1/cmr/m/n/10
 ($$($\OT1/cmr/m/it/10 x$ [] $$\OML/cmm/m/it/10 ;$\OT1/cmr/m/it/10 y$ [] $$\OT1
/cmr/m/n/10 )$$\OML/cmm/m/it/10 ;$\OT1/cmr/m/it/10 l$ [] $$\OT1/cmr/m/n/10 )$$\
OMS/cmsy/m/n/10 g$
 []

[59] [60] [61] [62]
Overfull \hbox (23.53511pt too wide) in paragraph at lines 7727--7729
[][]        \OT1/cmr/bx/n/10 by$\OT1/cmr/m/n/10 ($\OT1/cmr/m/it/10 simp add$\OT
1/cmr/m/n/10 :$ \OT1/cmr/m/it/10 divide[]simps t[]nz nz algebra[]simps t[]expr 
power2[]eq[]square$\OT1/cmr/m/n/10 [$\OT1/cmr/m/it/10 symmetric$\OT1/cmr/m/n/10
 ]$
 []

[63] [64] [65]
Overfull \hbox (9.82411pt too wide) in paragraph at lines 8005--8007
[][]        \OT1/cmr/bx/n/10 by$\OT1/cmr/m/n/10 ($\OT1/cmr/m/it/10 simp[]all ad
d$\OT1/cmr/m/n/10 :$ \OT1/cmr/m/it/10 t[]nz nz divide[]simps algebra[]simps pow
er2[]eq[]square$\OT1/cmr/m/n/10 [$\OT1/cmr/m/it/10 symmetric$\OT1/cmr/m/n/10 ]$

 []

[66] [67] [68] [69] [70] [71] [72] [73] [74] [75] [76] [77] [78] [79] [80]
[81] [82] [83]
Overfull \hbox (16.64957pt too wide) in paragraph at lines 10033--10035
[][]      \OT1/cmr/bx/n/10 by $\OT1/cmr/m/n/10 ($\OT1/cmr/m/it/10 metis $\OT1/c
mr/m/n/10 ($\OT1/cmr/m/it/10 no[]types$\OML/cmm/m/it/10 ;$ \OT1/cmr/m/it/10 hid
e[]lams$\OT1/cmr/m/n/10 )$ \OT1/cmr/m/it/10 add$\OML/cmm/m/it/10 :$\OT1/cmr/m/i
t/10 inverse[]inverse delta$ [] $[]com diff[]0 minus[]diff[]eq$\OT1/cmr/m/n/10 
)$[] 
 []

[84] [85]
Overfull \hbox (15.5767pt too wide) in paragraph at lines 10342--10345
[][]        \OT1/cmr/bx/n/10 us-ing \OT1/cmr/m/it/10 ext[]add[]comm[]points ext
[]add[]inverse r[]expr$\OT1/cmr/m/n/10 ($\OT1/cmr/m/it/10 2$\OT1/cmr/m/n/10 )$ 
\OT1/cmr/m/it/10 rotation[]invariance[]2[]points
 []

[86] [87] [88] [89] [90] [91] [92] [93]
Overfull \hbox (6.53586pt too wide) in paragraph at lines 11135--11137
[][]  \OT1/cmr/bx/n/10 us-ing \OT1/cmr/m/it/10 rotation[]preserv[]e[]proj$\OT1/
cmr/m/n/10 [$\OT1/cmr/m/it/10 OF assms$\OT1/cmr/m/n/10 ]$ \OT1/cmr/m/it/10 tf[]
preserv[]e[]proj insert[]rotation[]gluing$\OT1/cmr/m/n/10 [$\OT1/cmr/m/it/10 OF

 []

[94] [95]
Overfull \hbox (3.95125pt too wide) in paragraph at lines 11389--11391
[][]    \OT1/cmr/bx/n/10 ap-ply$\OT1/cmr/m/n/10 ($$($\OT1/cmr/m/it/10 subst x1$
 [] $[]expr$\OT1/cmr/m/n/10 )$$+$$\OML/cmm/m/it/10 ;$ $\OT1/cmr/m/n/10 ($\OT1/c
mr/m/it/10 subst y1$ [] $[]expr$\OT1/cmr/m/n/10 )$$+$$\OML/cmm/m/it/10 ;$$\OT1/
cmr/m/n/10 ($\OT1/cmr/m/it/10 subst x3$ [] $[]expr$\OT1/cmr/m/n/10 )$$+$$\OML/c
mm/m/it/10 ;$$\OT1/cmr/m/n/10 ($\OT1/cmr/m/it/10 subst y3$ [] $[]expr$\OT1/cmr/
m/n/10 )$$+$$)$[] 
 []

[96]
Overfull \hbox (3.95125pt too wide) in paragraph at lines 11409--11411
[][]    \OT1/cmr/bx/n/10 ap-ply$\OT1/cmr/m/n/10 ($$($\OT1/cmr/m/it/10 subst x1$
 [] $[]expr$\OT1/cmr/m/n/10 )$$+$$\OML/cmm/m/it/10 ;$ $\OT1/cmr/m/n/10 ($\OT1/c
mr/m/it/10 subst y1$ [] $[]expr$\OT1/cmr/m/n/10 )$$+$$\OML/cmm/m/it/10 ;$$\OT1/
cmr/m/n/10 ($\OT1/cmr/m/it/10 subst x3$ [] $[]expr$\OT1/cmr/m/n/10 )$$+$$\OML/c
mm/m/it/10 ;$$\OT1/cmr/m/n/10 ($\OT1/cmr/m/it/10 subst y3$ [] $[]expr$\OT1/cmr/
m/n/10 )$$+$$)$[] 
 []


Overfull \hbox (3.95125pt too wide) in paragraph at lines 11471--11473
[][]    \OT1/cmr/bx/n/10 ap-ply$\OT1/cmr/m/n/10 ($$($\OT1/cmr/m/it/10 subst x1$
 [] $[]expr$\OT1/cmr/m/n/10 )$$+$$\OML/cmm/m/it/10 ;$ $\OT1/cmr/m/n/10 ($\OT1/c
mr/m/it/10 subst y1$ [] $[]expr$\OT1/cmr/m/n/10 )$$+$$\OML/cmm/m/it/10 ;$$\OT1/
cmr/m/n/10 ($\OT1/cmr/m/it/10 subst x3$ [] $[]expr$\OT1/cmr/m/n/10 )$$+$$\OML/c
mm/m/it/10 ;$$\OT1/cmr/m/n/10 ($\OT1/cmr/m/it/10 subst y3$ [] $[]expr$\OT1/cmr/
m/n/10 )$$+$$)$[] 
 []

[97]
Overfull \hbox (3.95125pt too wide) in paragraph at lines 11490--11492
[][]    \OT1/cmr/bx/n/10 ap-ply$\OT1/cmr/m/n/10 ($$($\OT1/cmr/m/it/10 subst x1$
 [] $[]expr$\OT1/cmr/m/n/10 )$$+$$\OML/cmm/m/it/10 ;$ $\OT1/cmr/m/n/10 ($\OT1/c
mr/m/it/10 subst y1$ [] $[]expr$\OT1/cmr/m/n/10 )$$+$$\OML/cmm/m/it/10 ;$$\OT1/
cmr/m/n/10 ($\OT1/cmr/m/it/10 subst x3$ [] $[]expr$\OT1/cmr/m/n/10 )$$+$$\OML/c
mm/m/it/10 ;$$\OT1/cmr/m/n/10 ($\OT1/cmr/m/it/10 subst y3$ [] $[]expr$\OT1/cmr/
m/n/10 )$$+$$)$[] 
 []

[98]
Overfull \hbox (3.95125pt too wide) in paragraph at lines 11642--11644
[][]    \OT1/cmr/bx/n/10 ap-ply$\OT1/cmr/m/n/10 ($$($\OT1/cmr/m/it/10 subst x1$
 [] $[]expr$\OT1/cmr/m/n/10 )$$+$$\OML/cmm/m/it/10 ;$ $\OT1/cmr/m/n/10 ($\OT1/c
mr/m/it/10 subst y1$ [] $[]expr$\OT1/cmr/m/n/10 )$$+$$\OML/cmm/m/it/10 ;$$\OT1/
cmr/m/n/10 ($\OT1/cmr/m/it/10 subst x3$ [] $[]expr$\OT1/cmr/m/n/10 )$$+$$\OML/c
mm/m/it/10 ;$$\OT1/cmr/m/n/10 ($\OT1/cmr/m/it/10 subst y3$ [] $[]expr$\OT1/cmr/
m/n/10 )$$+$$)$[] 
 []

[99]
Overfull \hbox (3.95125pt too wide) in paragraph at lines 11667--11669
[][]    \OT1/cmr/bx/n/10 ap-ply$\OT1/cmr/m/n/10 ($$($\OT1/cmr/m/it/10 subst x1$
 [] $[]expr$\OT1/cmr/m/n/10 )$$+$$\OML/cmm/m/it/10 ;$ $\OT1/cmr/m/n/10 ($\OT1/c
mr/m/it/10 subst y1$ [] $[]expr$\OT1/cmr/m/n/10 )$$+$$\OML/cmm/m/it/10 ;$$\OT1/
cmr/m/n/10 ($\OT1/cmr/m/it/10 subst x3$ [] $[]expr$\OT1/cmr/m/n/10 )$$+$$\OML/c
mm/m/it/10 ;$$\OT1/cmr/m/n/10 ($\OT1/cmr/m/it/10 subst y3$ [] $[]expr$\OT1/cmr/
m/n/10 )$$+$$)$[] 
 []


Overfull \hbox (3.95125pt too wide) in paragraph at lines 11729--11731
[][]    \OT1/cmr/bx/n/10 ap-ply$\OT1/cmr/m/n/10 ($$($\OT1/cmr/m/it/10 subst x1$
 [] $[]expr$\OT1/cmr/m/n/10 )$$+$$\OML/cmm/m/it/10 ;$ $\OT1/cmr/m/n/10 ($\OT1/c
mr/m/it/10 subst y1$ [] $[]expr$\OT1/cmr/m/n/10 )$$+$$\OML/cmm/m/it/10 ;$$\OT1/
cmr/m/n/10 ($\OT1/cmr/m/it/10 subst x3$ [] $[]expr$\OT1/cmr/m/n/10 )$$+$$\OML/c
mm/m/it/10 ;$$\OT1/cmr/m/n/10 ($\OT1/cmr/m/it/10 subst y3$ [] $[]expr$\OT1/cmr/
m/n/10 )$$+$$)$[] 
 []

[100]
Overfull \hbox (3.95125pt too wide) in paragraph at lines 11757--11759
[][]    \OT1/cmr/bx/n/10 ap-ply$\OT1/cmr/m/n/10 ($$($\OT1/cmr/m/it/10 subst x1$
 [] $[]expr$\OT1/cmr/m/n/10 )$$+$$\OML/cmm/m/it/10 ;$ $\OT1/cmr/m/n/10 ($\OT1/c
mr/m/it/10 subst y1$ [] $[]expr$\OT1/cmr/m/n/10 )$$+$$\OML/cmm/m/it/10 ;$$\OT1/
cmr/m/n/10 ($\OT1/cmr/m/it/10 subst x3$ [] $[]expr$\OT1/cmr/m/n/10 )$$+$$\OML/c
mm/m/it/10 ;$$\OT1/cmr/m/n/10 ($\OT1/cmr/m/it/10 subst y3$ [] $[]expr$\OT1/cmr/
m/n/10 )$$+$$)$[] 
 []

[101]
Overfull \hbox (3.95125pt too wide) in paragraph at lines 11898--11900
[][]    \OT1/cmr/bx/n/10 ap-ply$\OT1/cmr/m/n/10 ($$($\OT1/cmr/m/it/10 subst x1$
 [] $[]expr$\OT1/cmr/m/n/10 )$$+$$\OML/cmm/m/it/10 ;$ $\OT1/cmr/m/n/10 ($\OT1/c
mr/m/it/10 subst y1$ [] $[]expr$\OT1/cmr/m/n/10 )$$+$$\OML/cmm/m/it/10 ;$$\OT1/
cmr/m/n/10 ($\OT1/cmr/m/it/10 subst x3$ [] $[]expr$\OT1/cmr/m/n/10 )$$+$$\OML/c
mm/m/it/10 ;$$\OT1/cmr/m/n/10 ($\OT1/cmr/m/it/10 subst y3$ [] $[]expr$\OT1/cmr/
m/n/10 )$$+$$)$[] 
 []

[102]
Overfull \hbox (3.95125pt too wide) in paragraph at lines 11922--11924
[][]    \OT1/cmr/bx/n/10 ap-ply$\OT1/cmr/m/n/10 ($$($\OT1/cmr/m/it/10 subst x1$
 [] $[]expr$\OT1/cmr/m/n/10 )$$+$$\OML/cmm/m/it/10 ;$ $\OT1/cmr/m/n/10 ($\OT1/c
mr/m/it/10 subst y1$ [] $[]expr$\OT1/cmr/m/n/10 )$$+$$\OML/cmm/m/it/10 ;$$\OT1/
cmr/m/n/10 ($\OT1/cmr/m/it/10 subst x3$ [] $[]expr$\OT1/cmr/m/n/10 )$$+$$\OML/c
mm/m/it/10 ;$$\OT1/cmr/m/n/10 ($\OT1/cmr/m/it/10 subst y3$ [] $[]expr$\OT1/cmr/
m/n/10 )$$+$$)$[] 
 []


Overfull \hbox (5.66756pt too wide) in paragraph at lines 11953--11955
[][]    \OT1/cmr/bx/n/10 un-fold-ing \OT1/cmr/m/it/10 delta[]x[]def delta[]y[]d
ef delta$ [] $[]def delta[]plus[]def delta[]minus[]def delta[]def[] 
 []


Overfull \hbox (3.95125pt too wide) in paragraph at lines 11978--11980
[][]    \OT1/cmr/bx/n/10 ap-ply$\OT1/cmr/m/n/10 ($$($\OT1/cmr/m/it/10 subst x1$
 [] $[]expr$\OT1/cmr/m/n/10 )$$+$$\OML/cmm/m/it/10 ;$ $\OT1/cmr/m/n/10 ($\OT1/c
mr/m/it/10 subst y1$ [] $[]expr$\OT1/cmr/m/n/10 )$$+$$\OML/cmm/m/it/10 ;$$\OT1/
cmr/m/n/10 ($\OT1/cmr/m/it/10 subst x3$ [] $[]expr$\OT1/cmr/m/n/10 )$$+$$\OML/c
mm/m/it/10 ;$$\OT1/cmr/m/n/10 ($\OT1/cmr/m/it/10 subst y3$ [] $[]expr$\OT1/cmr/
m/n/10 )$$+$$)$[] 
 []


Overfull \hbox (3.95125pt too wide) in paragraph at lines 12001--12003
[][]    \OT1/cmr/bx/n/10 ap-ply$\OT1/cmr/m/n/10 ($$($\OT1/cmr/m/it/10 subst x1$
 [] $[]expr$\OT1/cmr/m/n/10 )$$+$$\OML/cmm/m/it/10 ;$ $\OT1/cmr/m/n/10 ($\OT1/c
mr/m/it/10 subst y1$ [] $[]expr$\OT1/cmr/m/n/10 )$$+$$\OML/cmm/m/it/10 ;$$\OT1/
cmr/m/n/10 ($\OT1/cmr/m/it/10 subst x3$ [] $[]expr$\OT1/cmr/m/n/10 )$$+$$\OML/c
mm/m/it/10 ;$$\OT1/cmr/m/n/10 ($\OT1/cmr/m/it/10 subst y3$ [] $[]expr$\OT1/cmr/
m/n/10 )$$+$$)$[] 
 []

[103] [104]
Overfull \hbox (3.95125pt too wide) in paragraph at lines 12135--12137
[][]    \OT1/cmr/bx/n/10 ap-ply$\OT1/cmr/m/n/10 ($$($\OT1/cmr/m/it/10 subst x1$
 [] $[]expr$\OT1/cmr/m/n/10 )$$+$$\OML/cmm/m/it/10 ;$ $\OT1/cmr/m/n/10 ($\OT1/c
mr/m/it/10 subst y1$ [] $[]expr$\OT1/cmr/m/n/10 )$$+$$\OML/cmm/m/it/10 ;$$\OT1/
cmr/m/n/10 ($\OT1/cmr/m/it/10 subst x3$ [] $[]expr$\OT1/cmr/m/n/10 )$$+$$\OML/c
mm/m/it/10 ;$$\OT1/cmr/m/n/10 ($\OT1/cmr/m/it/10 subst y3$ [] $[]expr$\OT1/cmr/
m/n/10 )$$+$$)$[] 
 []


Overfull \hbox (3.95125pt too wide) in paragraph at lines 12153--12155
[][]    \OT1/cmr/bx/n/10 ap-ply$\OT1/cmr/m/n/10 ($$($\OT1/cmr/m/it/10 subst x1$
 [] $[]expr$\OT1/cmr/m/n/10 )$$+$$\OML/cmm/m/it/10 ;$ $\OT1/cmr/m/n/10 ($\OT1/c
mr/m/it/10 subst y1$ [] $[]expr$\OT1/cmr/m/n/10 )$$+$$\OML/cmm/m/it/10 ;$$\OT1/
cmr/m/n/10 ($\OT1/cmr/m/it/10 subst x3$ [] $[]expr$\OT1/cmr/m/n/10 )$$+$$\OML/c
mm/m/it/10 ;$$\OT1/cmr/m/n/10 ($\OT1/cmr/m/it/10 subst y3$ [] $[]expr$\OT1/cmr/
m/n/10 )$$+$$)$[] 
 []

[105]
Overfull \hbox (5.66756pt too wide) in paragraph at lines 12180--12182
[][]    \OT1/cmr/bx/n/10 un-fold-ing \OT1/cmr/m/it/10 delta[]x[]def delta[]y[]d
ef delta$ [] $[]def delta[]plus[]def delta[]minus[]def delta[]def[] 
 []


Overfull \hbox (3.95125pt too wide) in paragraph at lines 12205--12207
[][]    \OT1/cmr/bx/n/10 ap-ply$\OT1/cmr/m/n/10 ($$($\OT1/cmr/m/it/10 subst x1$
 [] $[]expr$\OT1/cmr/m/n/10 )$$+$$\OML/cmm/m/it/10 ;$ $\OT1/cmr/m/n/10 ($\OT1/c
mr/m/it/10 subst y1$ [] $[]expr$\OT1/cmr/m/n/10 )$$+$$\OML/cmm/m/it/10 ;$$\OT1/
cmr/m/n/10 ($\OT1/cmr/m/it/10 subst x3$ [] $[]expr$\OT1/cmr/m/n/10 )$$+$$\OML/c
mm/m/it/10 ;$$\OT1/cmr/m/n/10 ($\OT1/cmr/m/it/10 subst y3$ [] $[]expr$\OT1/cmr/
m/n/10 )$$+$$)$[] 
 []


Overfull \hbox (3.95125pt too wide) in paragraph at lines 12222--12224
[][]    \OT1/cmr/bx/n/10 ap-ply$\OT1/cmr/m/n/10 ($$($\OT1/cmr/m/it/10 subst x1$
 [] $[]expr$\OT1/cmr/m/n/10 )$$+$$\OML/cmm/m/it/10 ;$ $\OT1/cmr/m/n/10 ($\OT1/c
mr/m/it/10 subst y1$ [] $[]expr$\OT1/cmr/m/n/10 )$$+$$\OML/cmm/m/it/10 ;$$\OT1/
cmr/m/n/10 ($\OT1/cmr/m/it/10 subst x3$ [] $[]expr$\OT1/cmr/m/n/10 )$$+$$\OML/c
mm/m/it/10 ;$$\OT1/cmr/m/n/10 ($\OT1/cmr/m/it/10 subst y3$ [] $[]expr$\OT1/cmr/
m/n/10 )$$+$$)$[] 
 []

[106] [107]
Overfull \hbox (3.95125pt too wide) in paragraph at lines 12384--12386
[][]    \OT1/cmr/bx/n/10 ap-ply$\OT1/cmr/m/n/10 ($$($\OT1/cmr/m/it/10 subst x1$
 [] $[]expr$\OT1/cmr/m/n/10 )$$+$$\OML/cmm/m/it/10 ;$ $\OT1/cmr/m/n/10 ($\OT1/c
mr/m/it/10 subst y1$ [] $[]expr$\OT1/cmr/m/n/10 )$$+$$\OML/cmm/m/it/10 ;$$\OT1/
cmr/m/n/10 ($\OT1/cmr/m/it/10 subst x3$ [] $[]expr$\OT1/cmr/m/n/10 )$$+$$\OML/c
mm/m/it/10 ;$$\OT1/cmr/m/n/10 ($\OT1/cmr/m/it/10 subst y3$ [] $[]expr$\OT1/cmr/
m/n/10 )$$+$$)$[] 
 []


Overfull \hbox (3.95125pt too wide) in paragraph at lines 12404--12406
[][]    \OT1/cmr/bx/n/10 ap-ply$\OT1/cmr/m/n/10 ($$($\OT1/cmr/m/it/10 subst x1$
 [] $[]expr$\OT1/cmr/m/n/10 )$$+$$\OML/cmm/m/it/10 ;$ $\OT1/cmr/m/n/10 ($\OT1/c
mr/m/it/10 subst y1$ [] $[]expr$\OT1/cmr/m/n/10 )$$+$$\OML/cmm/m/it/10 ;$$\OT1/
cmr/m/n/10 ($\OT1/cmr/m/it/10 subst x3$ [] $[]expr$\OT1/cmr/m/n/10 )$$+$$\OML/c
mm/m/it/10 ;$$\OT1/cmr/m/n/10 ($\OT1/cmr/m/it/10 subst y3$ [] $[]expr$\OT1/cmr/
m/n/10 )$$+$$)$[] 
 []


Overfull \hbox (5.66756pt too wide) in paragraph at lines 12433--12435
[][]    \OT1/cmr/bx/n/10 un-fold-ing \OT1/cmr/m/it/10 delta[]x[]def delta[]y[]d
ef delta$ [] $[]def delta[]plus[]def delta[]minus[]def delta[]def[] 
 []

[108]
Overfull \hbox (3.95125pt too wide) in paragraph at lines 12459--12461
[][]    \OT1/cmr/bx/n/10 ap-ply$\OT1/cmr/m/n/10 ($$($\OT1/cmr/m/it/10 subst x1$
 [] $[]expr$\OT1/cmr/m/n/10 )$$+$$\OML/cmm/m/it/10 ;$ $\OT1/cmr/m/n/10 ($\OT1/c
mr/m/it/10 subst y1$ [] $[]expr$\OT1/cmr/m/n/10 )$$+$$\OML/cmm/m/it/10 ;$$\OT1/
cmr/m/n/10 ($\OT1/cmr/m/it/10 subst x3$ [] $[]expr$\OT1/cmr/m/n/10 )$$+$$\OML/c
mm/m/it/10 ;$$\OT1/cmr/m/n/10 ($\OT1/cmr/m/it/10 subst y3$ [] $[]expr$\OT1/cmr/
m/n/10 )$$+$$)$[] 
 []


Overfull \hbox (3.95125pt too wide) in paragraph at lines 12479--12481
[][]    \OT1/cmr/bx/n/10 ap-ply$\OT1/cmr/m/n/10 ($$($\OT1/cmr/m/it/10 subst x1$
 [] $[]expr$\OT1/cmr/m/n/10 )$$+$$\OML/cmm/m/it/10 ;$ $\OT1/cmr/m/n/10 ($\OT1/c
mr/m/it/10 subst y1$ [] $[]expr$\OT1/cmr/m/n/10 )$$+$$\OML/cmm/m/it/10 ;$$\OT1/
cmr/m/n/10 ($\OT1/cmr/m/it/10 subst x3$ [] $[]expr$\OT1/cmr/m/n/10 )$$+$$\OML/c
mm/m/it/10 ;$$\OT1/cmr/m/n/10 ($\OT1/cmr/m/it/10 subst y3$ [] $[]expr$\OT1/cmr/
m/n/10 )$$+$$)$[] 
 []

[109]
Overfull \hbox (3.95125pt too wide) in paragraph at lines 12612--12614
[][]    \OT1/cmr/bx/n/10 ap-ply$\OT1/cmr/m/n/10 ($$($\OT1/cmr/m/it/10 subst x1$
 [] $[]expr$\OT1/cmr/m/n/10 )$$+$$\OML/cmm/m/it/10 ;$ $\OT1/cmr/m/n/10 ($\OT1/c
mr/m/it/10 subst y1$ [] $[]expr$\OT1/cmr/m/n/10 )$$+$$\OML/cmm/m/it/10 ;$$\OT1/
cmr/m/n/10 ($\OT1/cmr/m/it/10 subst x3$ [] $[]expr$\OT1/cmr/m/n/10 )$$+$$\OML/c
mm/m/it/10 ;$$\OT1/cmr/m/n/10 ($\OT1/cmr/m/it/10 subst y3$ [] $[]expr$\OT1/cmr/
m/n/10 )$$+$$)$[] 
 []

[110]
Overfull \hbox (3.95125pt too wide) in paragraph at lines 12637--12639
[][]    \OT1/cmr/bx/n/10 ap-ply$\OT1/cmr/m/n/10 ($$($\OT1/cmr/m/it/10 subst x1$
 [] $[]expr$\OT1/cmr/m/n/10 )$$+$$\OML/cmm/m/it/10 ;$ $\OT1/cmr/m/n/10 ($\OT1/c
mr/m/it/10 subst y1$ [] $[]expr$\OT1/cmr/m/n/10 )$$+$$\OML/cmm/m/it/10 ;$$\OT1/
cmr/m/n/10 ($\OT1/cmr/m/it/10 subst x3$ [] $[]expr$\OT1/cmr/m/n/10 )$$+$$\OML/c
mm/m/it/10 ;$$\OT1/cmr/m/n/10 ($\OT1/cmr/m/it/10 subst y3$ [] $[]expr$\OT1/cmr/
m/n/10 )$$+$$)$[] 
 []


Overfull \hbox (5.66756pt too wide) in paragraph at lines 12668--12670
[][]    \OT1/cmr/bx/n/10 un-fold-ing \OT1/cmr/m/it/10 delta[]x[]def delta[]y[]d
ef delta$ [] $[]def delta[]plus[]def delta[]minus[]def delta[]def[] 
 []


Overfull \hbox (3.95125pt too wide) in paragraph at lines 12696--12698
[][]    \OT1/cmr/bx/n/10 ap-ply$\OT1/cmr/m/n/10 ($$($\OT1/cmr/m/it/10 subst x1$
 [] $[]expr$\OT1/cmr/m/n/10 )$$+$$\OML/cmm/m/it/10 ;$ $\OT1/cmr/m/n/10 ($\OT1/c
mr/m/it/10 subst y1$ [] $[]expr$\OT1/cmr/m/n/10 )$$+$$\OML/cmm/m/it/10 ;$$\OT1/
cmr/m/n/10 ($\OT1/cmr/m/it/10 subst x3$ [] $[]expr$\OT1/cmr/m/n/10 )$$+$$\OML/c
mm/m/it/10 ;$$\OT1/cmr/m/n/10 ($\OT1/cmr/m/it/10 subst y3$ [] $[]expr$\OT1/cmr/
m/n/10 )$$+$$)$[] 
 []

[111]
Overfull \hbox (3.95125pt too wide) in paragraph at lines 12720--12722
[][]    \OT1/cmr/bx/n/10 ap-ply$\OT1/cmr/m/n/10 ($$($\OT1/cmr/m/it/10 subst x1$
 [] $[]expr$\OT1/cmr/m/n/10 )$$+$$\OML/cmm/m/it/10 ;$ $\OT1/cmr/m/n/10 ($\OT1/c
mr/m/it/10 subst y1$ [] $[]expr$\OT1/cmr/m/n/10 )$$+$$\OML/cmm/m/it/10 ;$$\OT1/
cmr/m/n/10 ($\OT1/cmr/m/it/10 subst x3$ [] $[]expr$\OT1/cmr/m/n/10 )$$+$$\OML/c
mm/m/it/10 ;$$\OT1/cmr/m/n/10 ($\OT1/cmr/m/it/10 subst y3$ [] $[]expr$\OT1/cmr/
m/n/10 )$$+$$)$[] 
 []

[112] [113]
Overfull \hbox (3.95125pt too wide) in paragraph at lines 12889--12891
[][]    \OT1/cmr/bx/n/10 ap-ply$\OT1/cmr/m/n/10 ($$($\OT1/cmr/m/it/10 subst x1$
 [] $[]expr$\OT1/cmr/m/n/10 )$$+$$\OML/cmm/m/it/10 ;$ $\OT1/cmr/m/n/10 ($\OT1/c
mr/m/it/10 subst y1$ [] $[]expr$\OT1/cmr/m/n/10 )$$+$$\OML/cmm/m/it/10 ;$$\OT1/
cmr/m/n/10 ($\OT1/cmr/m/it/10 subst x3$ [] $[]expr$\OT1/cmr/m/n/10 )$$+$$\OML/c
mm/m/it/10 ;$$\OT1/cmr/m/n/10 ($\OT1/cmr/m/it/10 subst y3$ [] $[]expr$\OT1/cmr/
m/n/10 )$$+$$)$[] 
 []


Overfull \hbox (3.95125pt too wide) in paragraph at lines 12909--12911
[][]    \OT1/cmr/bx/n/10 ap-ply$\OT1/cmr/m/n/10 ($$($\OT1/cmr/m/it/10 subst x1$
 [] $[]expr$\OT1/cmr/m/n/10 )$$+$$\OML/cmm/m/it/10 ;$ $\OT1/cmr/m/n/10 ($\OT1/c
mr/m/it/10 subst y1$ [] $[]expr$\OT1/cmr/m/n/10 )$$+$$\OML/cmm/m/it/10 ;$$\OT1/
cmr/m/n/10 ($\OT1/cmr/m/it/10 subst x3$ [] $[]expr$\OT1/cmr/m/n/10 )$$+$$\OML/c
mm/m/it/10 ;$$\OT1/cmr/m/n/10 ($\OT1/cmr/m/it/10 subst y3$ [] $[]expr$\OT1/cmr/
m/n/10 )$$+$$)$[] 
 []


Overfull \hbox (5.66756pt too wide) in paragraph at lines 12938--12940
[][]    \OT1/cmr/bx/n/10 un-fold-ing \OT1/cmr/m/it/10 delta[]x[]def delta[]y[]d
ef delta$ [] $[]def delta[]plus[]def delta[]minus[]def delta[]def[] 
 []


Overfull \hbox (3.95125pt too wide) in paragraph at lines 12965--12967
[][]    \OT1/cmr/bx/n/10 ap-ply$\OT1/cmr/m/n/10 ($$($\OT1/cmr/m/it/10 subst x1$
 [] $[]expr$\OT1/cmr/m/n/10 )$$+$$\OML/cmm/m/it/10 ;$ $\OT1/cmr/m/n/10 ($\OT1/c
mr/m/it/10 subst y1$ [] $[]expr$\OT1/cmr/m/n/10 )$$+$$\OML/cmm/m/it/10 ;$$\OT1/
cmr/m/n/10 ($\OT1/cmr/m/it/10 subst x3$ [] $[]expr$\OT1/cmr/m/n/10 )$$+$$\OML/c
mm/m/it/10 ;$$\OT1/cmr/m/n/10 ($\OT1/cmr/m/it/10 subst y3$ [] $[]expr$\OT1/cmr/
m/n/10 )$$+$$)$[] 
 []

[114]
Overfull \hbox (3.95125pt too wide) in paragraph at lines 12984--12986
[][]    \OT1/cmr/bx/n/10 ap-ply$\OT1/cmr/m/n/10 ($$($\OT1/cmr/m/it/10 subst x1$
 [] $[]expr$\OT1/cmr/m/n/10 )$$+$$\OML/cmm/m/it/10 ;$ $\OT1/cmr/m/n/10 ($\OT1/c
mr/m/it/10 subst y1$ [] $[]expr$\OT1/cmr/m/n/10 )$$+$$\OML/cmm/m/it/10 ;$$\OT1/
cmr/m/n/10 ($\OT1/cmr/m/it/10 subst x3$ [] $[]expr$\OT1/cmr/m/n/10 )$$+$$\OML/c
mm/m/it/10 ;$$\OT1/cmr/m/n/10 ($\OT1/cmr/m/it/10 subst y3$ [] $[]expr$\OT1/cmr/
m/n/10 )$$+$$)$[] 
 []

[115]
Overfull \hbox (3.95125pt too wide) in paragraph at lines 13150--13152
[][]    \OT1/cmr/bx/n/10 ap-ply$\OT1/cmr/m/n/10 ($$($\OT1/cmr/m/it/10 subst x1$
 [] $[]expr$\OT1/cmr/m/n/10 )$$+$$\OML/cmm/m/it/10 ;$ $\OT1/cmr/m/n/10 ($\OT1/c
mr/m/it/10 subst y1$ [] $[]expr$\OT1/cmr/m/n/10 )$$+$$\OML/cmm/m/it/10 ;$$\OT1/
cmr/m/n/10 ($\OT1/cmr/m/it/10 subst x3$ [] $[]expr$\OT1/cmr/m/n/10 )$$+$$\OML/c
mm/m/it/10 ;$$\OT1/cmr/m/n/10 ($\OT1/cmr/m/it/10 subst y3$ [] $[]expr$\OT1/cmr/
m/n/10 )$$+$$)$[] 
 []

[116]
Overfull \hbox (3.95125pt too wide) in paragraph at lines 13174--13176
[][]    \OT1/cmr/bx/n/10 ap-ply$\OT1/cmr/m/n/10 ($$($\OT1/cmr/m/it/10 subst x1$
 [] $[]expr$\OT1/cmr/m/n/10 )$$+$$\OML/cmm/m/it/10 ;$ $\OT1/cmr/m/n/10 ($\OT1/c
mr/m/it/10 subst y1$ [] $[]expr$\OT1/cmr/m/n/10 )$$+$$\OML/cmm/m/it/10 ;$$\OT1/
cmr/m/n/10 ($\OT1/cmr/m/it/10 subst x3$ [] $[]expr$\OT1/cmr/m/n/10 )$$+$$\OML/c
mm/m/it/10 ;$$\OT1/cmr/m/n/10 ($\OT1/cmr/m/it/10 subst y3$ [] $[]expr$\OT1/cmr/
m/n/10 )$$+$$)$[] 
 []


Overfull \hbox (5.66756pt too wide) in paragraph at lines 13207--13209
[][]    \OT1/cmr/bx/n/10 un-fold-ing \OT1/cmr/m/it/10 delta[]x[]def delta[]y[]d
ef delta$ [] $[]def delta[]plus[]def delta[]minus[]def delta[]def[] 
 []


Overfull \hbox (3.95125pt too wide) in paragraph at lines 13234--13236
[][]    \OT1/cmr/bx/n/10 ap-ply$\OT1/cmr/m/n/10 ($$($\OT1/cmr/m/it/10 subst x1$
 [] $[]expr$\OT1/cmr/m/n/10 )$$+$$\OML/cmm/m/it/10 ;$ $\OT1/cmr/m/n/10 ($\OT1/c
mr/m/it/10 subst y1$ [] $[]expr$\OT1/cmr/m/n/10 )$$+$$\OML/cmm/m/it/10 ;$$\OT1/
cmr/m/n/10 ($\OT1/cmr/m/it/10 subst x3$ [] $[]expr$\OT1/cmr/m/n/10 )$$+$$\OML/c
mm/m/it/10 ;$$\OT1/cmr/m/n/10 ($\OT1/cmr/m/it/10 subst y3$ [] $[]expr$\OT1/cmr/
m/n/10 )$$+$$)$[] 
 []

[117]
Overfull \hbox (3.95125pt too wide) in paragraph at lines 13258--13260
[][]    \OT1/cmr/bx/n/10 ap-ply$\OT1/cmr/m/n/10 ($$($\OT1/cmr/m/it/10 subst x1$
 [] $[]expr$\OT1/cmr/m/n/10 )$$+$$\OML/cmm/m/it/10 ;$ $\OT1/cmr/m/n/10 ($\OT1/c
mr/m/it/10 subst y1$ [] $[]expr$\OT1/cmr/m/n/10 )$$+$$\OML/cmm/m/it/10 ;$$\OT1/
cmr/m/n/10 ($\OT1/cmr/m/it/10 subst x3$ [] $[]expr$\OT1/cmr/m/n/10 )$$+$$\OML/c
mm/m/it/10 ;$$\OT1/cmr/m/n/10 ($\OT1/cmr/m/it/10 subst y3$ [] $[]expr$\OT1/cmr/
m/n/10 )$$+$$)$[] 
 []

[118]
Overfull \hbox (3.95125pt too wide) in paragraph at lines 13397--13399
[][]    \OT1/cmr/bx/n/10 ap-ply$\OT1/cmr/m/n/10 ($$($\OT1/cmr/m/it/10 subst x1$
 [] $[]expr$\OT1/cmr/m/n/10 )$$+$$\OML/cmm/m/it/10 ;$ $\OT1/cmr/m/n/10 ($\OT1/c
mr/m/it/10 subst y1$ [] $[]expr$\OT1/cmr/m/n/10 )$$+$$\OML/cmm/m/it/10 ;$$\OT1/
cmr/m/n/10 ($\OT1/cmr/m/it/10 subst x3$ [] $[]expr$\OT1/cmr/m/n/10 )$$+$$\OML/c
mm/m/it/10 ;$$\OT1/cmr/m/n/10 ($\OT1/cmr/m/it/10 subst y3$ [] $[]expr$\OT1/cmr/
m/n/10 )$$+$$)$[] 
 []

[119]
Overfull \hbox (3.95125pt too wide) in paragraph at lines 13422--13424
[][]    \OT1/cmr/bx/n/10 ap-ply$\OT1/cmr/m/n/10 ($$($\OT1/cmr/m/it/10 subst x1$
 [] $[]expr$\OT1/cmr/m/n/10 )$$+$$\OML/cmm/m/it/10 ;$ $\OT1/cmr/m/n/10 ($\OT1/c
mr/m/it/10 subst y1$ [] $[]expr$\OT1/cmr/m/n/10 )$$+$$\OML/cmm/m/it/10 ;$$\OT1/
cmr/m/n/10 ($\OT1/cmr/m/it/10 subst x3$ [] $[]expr$\OT1/cmr/m/n/10 )$$+$$\OML/c
mm/m/it/10 ;$$\OT1/cmr/m/n/10 ($\OT1/cmr/m/it/10 subst y3$ [] $[]expr$\OT1/cmr/
m/n/10 )$$+$$)$[] 
 []


Overfull \hbox (5.66756pt too wide) in paragraph at lines 13453--13455
[][]    \OT1/cmr/bx/n/10 un-fold-ing \OT1/cmr/m/it/10 delta[]x[]def delta[]y[]d
ef delta$ [] $[]def delta[]plus[]def delta[]minus[]def delta[]def[] 
 []


Overfull \hbox (3.95125pt too wide) in paragraph at lines 13480--13482
[][]    \OT1/cmr/bx/n/10 ap-ply$\OT1/cmr/m/n/10 ($$($\OT1/cmr/m/it/10 subst x1$
 [] $[]expr$\OT1/cmr/m/n/10 )$$+$$\OML/cmm/m/it/10 ;$ $\OT1/cmr/m/n/10 ($\OT1/c
mr/m/it/10 subst y1$ [] $[]expr$\OT1/cmr/m/n/10 )$$+$$\OML/cmm/m/it/10 ;$$\OT1/
cmr/m/n/10 ($\OT1/cmr/m/it/10 subst x3$ [] $[]expr$\OT1/cmr/m/n/10 )$$+$$\OML/c
mm/m/it/10 ;$$\OT1/cmr/m/n/10 ($\OT1/cmr/m/it/10 subst y3$ [] $[]expr$\OT1/cmr/
m/n/10 )$$+$$)$[] 
 []

[120]
Overfull \hbox (3.95125pt too wide) in paragraph at lines 13503--13505
[][]    \OT1/cmr/bx/n/10 ap-ply$\OT1/cmr/m/n/10 ($$($\OT1/cmr/m/it/10 subst x1$
 [] $[]expr$\OT1/cmr/m/n/10 )$$+$$\OML/cmm/m/it/10 ;$ $\OT1/cmr/m/n/10 ($\OT1/c
mr/m/it/10 subst y1$ [] $[]expr$\OT1/cmr/m/n/10 )$$+$$\OML/cmm/m/it/10 ;$$\OT1/
cmr/m/n/10 ($\OT1/cmr/m/it/10 subst x3$ [] $[]expr$\OT1/cmr/m/n/10 )$$+$$\OML/c
mm/m/it/10 ;$$\OT1/cmr/m/n/10 ($\OT1/cmr/m/it/10 subst y3$ [] $[]expr$\OT1/cmr/
m/n/10 )$$+$$)$[] 
 []

[121]
Overfull \hbox (3.95125pt too wide) in paragraph at lines 13673--13675
[][]    \OT1/cmr/bx/n/10 ap-ply$\OT1/cmr/m/n/10 ($$($\OT1/cmr/m/it/10 subst x1$
 [] $[]expr$\OT1/cmr/m/n/10 )$$+$$\OML/cmm/m/it/10 ;$ $\OT1/cmr/m/n/10 ($\OT1/c
mr/m/it/10 subst y1$ [] $[]expr$\OT1/cmr/m/n/10 )$$+$$\OML/cmm/m/it/10 ;$$\OT1/
cmr/m/n/10 ($\OT1/cmr/m/it/10 subst x3$ [] $[]expr$\OT1/cmr/m/n/10 )$$+$$\OML/c
mm/m/it/10 ;$$\OT1/cmr/m/n/10 ($\OT1/cmr/m/it/10 subst y3$ [] $[]expr$\OT1/cmr/
m/n/10 )$$+$$)$[] 
 []

[122]
Overfull \hbox (3.95125pt too wide) in paragraph at lines 13697--13699
[][]    \OT1/cmr/bx/n/10 ap-ply$\OT1/cmr/m/n/10 ($$($\OT1/cmr/m/it/10 subst x1$
 [] $[]expr$\OT1/cmr/m/n/10 )$$+$$\OML/cmm/m/it/10 ;$ $\OT1/cmr/m/n/10 ($\OT1/c
mr/m/it/10 subst y1$ [] $[]expr$\OT1/cmr/m/n/10 )$$+$$\OML/cmm/m/it/10 ;$$\OT1/
cmr/m/n/10 ($\OT1/cmr/m/it/10 subst x3$ [] $[]expr$\OT1/cmr/m/n/10 )$$+$$\OML/c
mm/m/it/10 ;$$\OT1/cmr/m/n/10 ($\OT1/cmr/m/it/10 subst y3$ [] $[]expr$\OT1/cmr/
m/n/10 )$$+$$)$[] 
 []


Overfull \hbox (5.66756pt too wide) in paragraph at lines 13730--13732
[][]    \OT1/cmr/bx/n/10 un-fold-ing \OT1/cmr/m/it/10 delta[]x[]def delta[]y[]d
ef delta$ [] $[]def delta[]plus[]def delta[]minus[]def delta[]def[] 
 []


Overfull \hbox (3.95125pt too wide) in paragraph at lines 13758--13760
[][]    \OT1/cmr/bx/n/10 ap-ply$\OT1/cmr/m/n/10 ($$($\OT1/cmr/m/it/10 subst x1$
 [] $[]expr$\OT1/cmr/m/n/10 )$$+$$\OML/cmm/m/it/10 ;$ $\OT1/cmr/m/n/10 ($\OT1/c
mr/m/it/10 subst y1$ [] $[]expr$\OT1/cmr/m/n/10 )$$+$$\OML/cmm/m/it/10 ;$$\OT1/
cmr/m/n/10 ($\OT1/cmr/m/it/10 subst x3$ [] $[]expr$\OT1/cmr/m/n/10 )$$+$$\OML/c
mm/m/it/10 ;$$\OT1/cmr/m/n/10 ($\OT1/cmr/m/it/10 subst y3$ [] $[]expr$\OT1/cmr/
m/n/10 )$$+$$)$[] 
 []

[123]
Overfull \hbox (3.95125pt too wide) in paragraph at lines 13781--13783
[][]    \OT1/cmr/bx/n/10 ap-ply$\OT1/cmr/m/n/10 ($$($\OT1/cmr/m/it/10 subst x1$
 [] $[]expr$\OT1/cmr/m/n/10 )$$+$$\OML/cmm/m/it/10 ;$ $\OT1/cmr/m/n/10 ($\OT1/c
mr/m/it/10 subst y1$ [] $[]expr$\OT1/cmr/m/n/10 )$$+$$\OML/cmm/m/it/10 ;$$\OT1/
cmr/m/n/10 ($\OT1/cmr/m/it/10 subst x3$ [] $[]expr$\OT1/cmr/m/n/10 )$$+$$\OML/c
mm/m/it/10 ;$$\OT1/cmr/m/n/10 ($\OT1/cmr/m/it/10 subst y3$ [] $[]expr$\OT1/cmr/
m/n/10 )$$+$$)$[] 
 []

[124] [125]
Overfull \hbox (3.95125pt too wide) in paragraph at lines 13955--13957
[][]    \OT1/cmr/bx/n/10 ap-ply$\OT1/cmr/m/n/10 ($$($\OT1/cmr/m/it/10 subst x1$
 [] $[]expr$\OT1/cmr/m/n/10 )$$+$$\OML/cmm/m/it/10 ;$ $\OT1/cmr/m/n/10 ($\OT1/c
mr/m/it/10 subst y1$ [] $[]expr$\OT1/cmr/m/n/10 )$$+$$\OML/cmm/m/it/10 ;$$\OT1/
cmr/m/n/10 ($\OT1/cmr/m/it/10 subst x3$ [] $[]expr$\OT1/cmr/m/n/10 )$$+$$\OML/c
mm/m/it/10 ;$$\OT1/cmr/m/n/10 ($\OT1/cmr/m/it/10 subst y3$ [] $[]expr$\OT1/cmr/
m/n/10 )$$+$$)$[] 
 []


Overfull \hbox (3.95125pt too wide) in paragraph at lines 13975--13977
[][]    \OT1/cmr/bx/n/10 ap-ply$\OT1/cmr/m/n/10 ($$($\OT1/cmr/m/it/10 subst x1$
 [] $[]expr$\OT1/cmr/m/n/10 )$$+$$\OML/cmm/m/it/10 ;$ $\OT1/cmr/m/n/10 ($\OT1/c
mr/m/it/10 subst y1$ [] $[]expr$\OT1/cmr/m/n/10 )$$+$$\OML/cmm/m/it/10 ;$$\OT1/
cmr/m/n/10 ($\OT1/cmr/m/it/10 subst x3$ [] $[]expr$\OT1/cmr/m/n/10 )$$+$$\OML/c
mm/m/it/10 ;$$\OT1/cmr/m/n/10 ($\OT1/cmr/m/it/10 subst y3$ [] $[]expr$\OT1/cmr/
m/n/10 )$$+$$)$[] 
 []


Overfull \hbox (5.66756pt too wide) in paragraph at lines 14004--14006
[][]    \OT1/cmr/bx/n/10 un-fold-ing \OT1/cmr/m/it/10 delta[]x[]def delta[]y[]d
ef delta$ [] $[]def delta[]plus[]def delta[]minus[]def delta[]def[] 
 []

[126]
Overfull \hbox (3.95125pt too wide) in paragraph at lines 14032--14034
[][]    \OT1/cmr/bx/n/10 ap-ply$\OT1/cmr/m/n/10 ($$($\OT1/cmr/m/it/10 subst x1$
 [] $[]expr$\OT1/cmr/m/n/10 )$$+$$\OML/cmm/m/it/10 ;$ $\OT1/cmr/m/n/10 ($\OT1/c
mr/m/it/10 subst y1$ [] $[]expr$\OT1/cmr/m/n/10 )$$+$$\OML/cmm/m/it/10 ;$$\OT1/
cmr/m/n/10 ($\OT1/cmr/m/it/10 subst x3$ [] $[]expr$\OT1/cmr/m/n/10 )$$+$$\OML/c
mm/m/it/10 ;$$\OT1/cmr/m/n/10 ($\OT1/cmr/m/it/10 subst y3$ [] $[]expr$\OT1/cmr/
m/n/10 )$$+$$)$[] 
 []


Overfull \hbox (3.95125pt too wide) in paragraph at lines 14052--14054
[][]    \OT1/cmr/bx/n/10 ap-ply$\OT1/cmr/m/n/10 ($$($\OT1/cmr/m/it/10 subst x1$
 [] $[]expr$\OT1/cmr/m/n/10 )$$+$$\OML/cmm/m/it/10 ;$ $\OT1/cmr/m/n/10 ($\OT1/c
mr/m/it/10 subst y1$ [] $[]expr$\OT1/cmr/m/n/10 )$$+$$\OML/cmm/m/it/10 ;$$\OT1/
cmr/m/n/10 ($\OT1/cmr/m/it/10 subst x3$ [] $[]expr$\OT1/cmr/m/n/10 )$$+$$\OML/c
mm/m/it/10 ;$$\OT1/cmr/m/n/10 ($\OT1/cmr/m/it/10 subst y3$ [] $[]expr$\OT1/cmr/
m/n/10 )$$+$$)$[] 
 []

[127] [128]
Overfull \hbox (3.95125pt too wide) in paragraph at lines 14221--14223
[][]    \OT1/cmr/bx/n/10 ap-ply$\OT1/cmr/m/n/10 ($$($\OT1/cmr/m/it/10 subst x1$
 [] $[]expr$\OT1/cmr/m/n/10 )$$+$$\OML/cmm/m/it/10 ;$ $\OT1/cmr/m/n/10 ($\OT1/c
mr/m/it/10 subst y1$ [] $[]expr$\OT1/cmr/m/n/10 )$$+$$\OML/cmm/m/it/10 ;$$\OT1/
cmr/m/n/10 ($\OT1/cmr/m/it/10 subst x3$ [] $[]expr$\OT1/cmr/m/n/10 )$$+$$\OML/c
mm/m/it/10 ;$$\OT1/cmr/m/n/10 ($\OT1/cmr/m/it/10 subst y3$ [] $[]expr$\OT1/cmr/
m/n/10 )$$+$$)$[] 
 []


Overfull \hbox (3.95125pt too wide) in paragraph at lines 14241--14243
[][]    \OT1/cmr/bx/n/10 ap-ply$\OT1/cmr/m/n/10 ($$($\OT1/cmr/m/it/10 subst x1$
 [] $[]expr$\OT1/cmr/m/n/10 )$$+$$\OML/cmm/m/it/10 ;$ $\OT1/cmr/m/n/10 ($\OT1/c
mr/m/it/10 subst y1$ [] $[]expr$\OT1/cmr/m/n/10 )$$+$$\OML/cmm/m/it/10 ;$$\OT1/
cmr/m/n/10 ($\OT1/cmr/m/it/10 subst x3$ [] $[]expr$\OT1/cmr/m/n/10 )$$+$$\OML/c
mm/m/it/10 ;$$\OT1/cmr/m/n/10 ($\OT1/cmr/m/it/10 subst y3$ [] $[]expr$\OT1/cmr/
m/n/10 )$$+$$)$[] 
 []


Overfull \hbox (5.66756pt too wide) in paragraph at lines 14268--14270
[][]    \OT1/cmr/bx/n/10 un-fold-ing \OT1/cmr/m/it/10 delta[]x[]def delta[]y[]d
ef delta$ [] $[]def delta[]plus[]def delta[]minus[]def delta[]def[] 
 []

[129]
Overfull \hbox (3.95125pt too wide) in paragraph at lines 14296--14298
[][]    \OT1/cmr/bx/n/10 ap-ply$\OT1/cmr/m/n/10 ($$($\OT1/cmr/m/it/10 subst x1$
 [] $[]expr$\OT1/cmr/m/n/10 )$$+$$\OML/cmm/m/it/10 ;$ $\OT1/cmr/m/n/10 ($\OT1/c
mr/m/it/10 subst y1$ [] $[]expr$\OT1/cmr/m/n/10 )$$+$$\OML/cmm/m/it/10 ;$$\OT1/
cmr/m/n/10 ($\OT1/cmr/m/it/10 subst x3$ [] $[]expr$\OT1/cmr/m/n/10 )$$+$$\OML/c
mm/m/it/10 ;$$\OT1/cmr/m/n/10 ($\OT1/cmr/m/it/10 subst y3$ [] $[]expr$\OT1/cmr/
m/n/10 )$$+$$)$[] 
 []


Overfull \hbox (3.95125pt too wide) in paragraph at lines 14316--14318
[][]    \OT1/cmr/bx/n/10 ap-ply$\OT1/cmr/m/n/10 ($$($\OT1/cmr/m/it/10 subst x1$
 [] $[]expr$\OT1/cmr/m/n/10 )$$+$$\OML/cmm/m/it/10 ;$ $\OT1/cmr/m/n/10 ($\OT1/c
mr/m/it/10 subst y1$ [] $[]expr$\OT1/cmr/m/n/10 )$$+$$\OML/cmm/m/it/10 ;$$\OT1/
cmr/m/n/10 ($\OT1/cmr/m/it/10 subst x3$ [] $[]expr$\OT1/cmr/m/n/10 )$$+$$\OML/c
mm/m/it/10 ;$$\OT1/cmr/m/n/10 ($\OT1/cmr/m/it/10 subst y3$ [] $[]expr$\OT1/cmr/
m/n/10 )$$+$$)$[] 
 []

[130]
Overfull \hbox (3.95125pt too wide) in paragraph at lines 14448--14450
[][]    \OT1/cmr/bx/n/10 ap-ply$\OT1/cmr/m/n/10 ($$($\OT1/cmr/m/it/10 subst x1$
 [] $[]expr$\OT1/cmr/m/n/10 )$$+$$\OML/cmm/m/it/10 ;$ $\OT1/cmr/m/n/10 ($\OT1/c
mr/m/it/10 subst y1$ [] $[]expr$\OT1/cmr/m/n/10 )$$+$$\OML/cmm/m/it/10 ;$$\OT1/
cmr/m/n/10 ($\OT1/cmr/m/it/10 subst x3$ [] $[]expr$\OT1/cmr/m/n/10 )$$+$$\OML/c
mm/m/it/10 ;$$\OT1/cmr/m/n/10 ($\OT1/cmr/m/it/10 subst y3$ [] $[]expr$\OT1/cmr/
m/n/10 )$$+$$)$[] 
 []

[131]
Overfull \hbox (3.95125pt too wide) in paragraph at lines 14472--14474
[][]    \OT1/cmr/bx/n/10 ap-ply$\OT1/cmr/m/n/10 ($$($\OT1/cmr/m/it/10 subst x1$
 [] $[]expr$\OT1/cmr/m/n/10 )$$+$$\OML/cmm/m/it/10 ;$ $\OT1/cmr/m/n/10 ($\OT1/c
mr/m/it/10 subst y1$ [] $[]expr$\OT1/cmr/m/n/10 )$$+$$\OML/cmm/m/it/10 ;$$\OT1/
cmr/m/n/10 ($\OT1/cmr/m/it/10 subst x3$ [] $[]expr$\OT1/cmr/m/n/10 )$$+$$\OML/c
mm/m/it/10 ;$$\OT1/cmr/m/n/10 ($\OT1/cmr/m/it/10 subst y3$ [] $[]expr$\OT1/cmr/
m/n/10 )$$+$$)$[] 
 []


Overfull \hbox (5.66756pt too wide) in paragraph at lines 14505--14507
[][]    \OT1/cmr/bx/n/10 un-fold-ing \OT1/cmr/m/it/10 delta[]x[]def delta[]y[]d
ef delta$ [] $[]def delta[]plus[]def delta[]minus[]def delta[]def[] 
 []


Overfull \hbox (3.95125pt too wide) in paragraph at lines 14533--14535
[][]    \OT1/cmr/bx/n/10 ap-ply$\OT1/cmr/m/n/10 ($$($\OT1/cmr/m/it/10 subst x1$
 [] $[]expr$\OT1/cmr/m/n/10 )$$+$$\OML/cmm/m/it/10 ;$ $\OT1/cmr/m/n/10 ($\OT1/c
mr/m/it/10 subst y1$ [] $[]expr$\OT1/cmr/m/n/10 )$$+$$\OML/cmm/m/it/10 ;$$\OT1/
cmr/m/n/10 ($\OT1/cmr/m/it/10 subst x3$ [] $[]expr$\OT1/cmr/m/n/10 )$$+$$\OML/c
mm/m/it/10 ;$$\OT1/cmr/m/n/10 ($\OT1/cmr/m/it/10 subst y3$ [] $[]expr$\OT1/cmr/
m/n/10 )$$+$$)$[] 
 []

[132]
Overfull \hbox (3.95125pt too wide) in paragraph at lines 14556--14558
[][]    \OT1/cmr/bx/n/10 ap-ply$\OT1/cmr/m/n/10 ($$($\OT1/cmr/m/it/10 subst x1$
 [] $[]expr$\OT1/cmr/m/n/10 )$$+$$\OML/cmm/m/it/10 ;$ $\OT1/cmr/m/n/10 ($\OT1/c
mr/m/it/10 subst y1$ [] $[]expr$\OT1/cmr/m/n/10 )$$+$$\OML/cmm/m/it/10 ;$$\OT1/
cmr/m/n/10 ($\OT1/cmr/m/it/10 subst x3$ [] $[]expr$\OT1/cmr/m/n/10 )$$+$$\OML/c
mm/m/it/10 ;$$\OT1/cmr/m/n/10 ($\OT1/cmr/m/it/10 subst y3$ [] $[]expr$\OT1/cmr/
m/n/10 )$$+$$)$[] 
 []

[133]
Overfull \hbox (3.95125pt too wide) in paragraph at lines 14729--14731
[][]    \OT1/cmr/bx/n/10 ap-ply$\OT1/cmr/m/n/10 ($$($\OT1/cmr/m/it/10 subst x1$
 [] $[]expr$\OT1/cmr/m/n/10 )$$+$$\OML/cmm/m/it/10 ;$ $\OT1/cmr/m/n/10 ($\OT1/c
mr/m/it/10 subst y1$ [] $[]expr$\OT1/cmr/m/n/10 )$$+$$\OML/cmm/m/it/10 ;$$\OT1/
cmr/m/n/10 ($\OT1/cmr/m/it/10 subst x3$ [] $[]expr$\OT1/cmr/m/n/10 )$$+$$\OML/c
mm/m/it/10 ;$$\OT1/cmr/m/n/10 ($\OT1/cmr/m/it/10 subst y3$ [] $[]expr$\OT1/cmr/
m/n/10 )$$+$$)$[] 
 []

[134]
Overfull \hbox (3.95125pt too wide) in paragraph at lines 14748--14750
[][]    \OT1/cmr/bx/n/10 ap-ply$\OT1/cmr/m/n/10 ($$($\OT1/cmr/m/it/10 subst x1$
 [] $[]expr$\OT1/cmr/m/n/10 )$$+$$\OML/cmm/m/it/10 ;$ $\OT1/cmr/m/n/10 ($\OT1/c
mr/m/it/10 subst y1$ [] $[]expr$\OT1/cmr/m/n/10 )$$+$$\OML/cmm/m/it/10 ;$$\OT1/
cmr/m/n/10 ($\OT1/cmr/m/it/10 subst x3$ [] $[]expr$\OT1/cmr/m/n/10 )$$+$$\OML/c
mm/m/it/10 ;$$\OT1/cmr/m/n/10 ($\OT1/cmr/m/it/10 subst y3$ [] $[]expr$\OT1/cmr/
m/n/10 )$$+$$)$[] 
 []


Overfull \hbox (5.66756pt too wide) in paragraph at lines 14777--14779
[][]    \OT1/cmr/bx/n/10 un-fold-ing \OT1/cmr/m/it/10 delta[]x[]def delta[]y[]d
ef delta$ [] $[]def delta[]plus[]def delta[]minus[]def delta[]def[] 
 []


Overfull \hbox (3.95125pt too wide) in paragraph at lines 14805--14807
[][]    \OT1/cmr/bx/n/10 ap-ply$\OT1/cmr/m/n/10 ($$($\OT1/cmr/m/it/10 subst x1$
 [] $[]expr$\OT1/cmr/m/n/10 )$$+$$\OML/cmm/m/it/10 ;$ $\OT1/cmr/m/n/10 ($\OT1/c
mr/m/it/10 subst y1$ [] $[]expr$\OT1/cmr/m/n/10 )$$+$$\OML/cmm/m/it/10 ;$$\OT1/
cmr/m/n/10 ($\OT1/cmr/m/it/10 subst x3$ [] $[]expr$\OT1/cmr/m/n/10 )$$+$$\OML/c
mm/m/it/10 ;$$\OT1/cmr/m/n/10 ($\OT1/cmr/m/it/10 subst y3$ [] $[]expr$\OT1/cmr/
m/n/10 )$$+$$)$[] 
 []

[135]
Overfull \hbox (3.95125pt too wide) in paragraph at lines 14823--14825
[][]    \OT1/cmr/bx/n/10 ap-ply$\OT1/cmr/m/n/10 ($$($\OT1/cmr/m/it/10 subst x1$
 [] $[]expr$\OT1/cmr/m/n/10 )$$+$$\OML/cmm/m/it/10 ;$ $\OT1/cmr/m/n/10 ($\OT1/c
mr/m/it/10 subst y1$ [] $[]expr$\OT1/cmr/m/n/10 )$$+$$\OML/cmm/m/it/10 ;$$\OT1/
cmr/m/n/10 ($\OT1/cmr/m/it/10 subst x3$ [] $[]expr$\OT1/cmr/m/n/10 )$$+$$\OML/c
mm/m/it/10 ;$$\OT1/cmr/m/n/10 ($\OT1/cmr/m/it/10 subst y3$ [] $[]expr$\OT1/cmr/
m/n/10 )$$+$$)$[] 
 []

[136] [137]
Overfull \hbox (3.95125pt too wide) in paragraph at lines 14991--14993
[][]    \OT1/cmr/bx/n/10 ap-ply$\OT1/cmr/m/n/10 ($$($\OT1/cmr/m/it/10 subst x1$
 [] $[]expr$\OT1/cmr/m/n/10 )$$+$$\OML/cmm/m/it/10 ;$ $\OT1/cmr/m/n/10 ($\OT1/c
mr/m/it/10 subst y1$ [] $[]expr$\OT1/cmr/m/n/10 )$$+$$\OML/cmm/m/it/10 ;$$\OT1/
cmr/m/n/10 ($\OT1/cmr/m/it/10 subst x3$ [] $[]expr$\OT1/cmr/m/n/10 )$$+$$\OML/c
mm/m/it/10 ;$$\OT1/cmr/m/n/10 ($\OT1/cmr/m/it/10 subst y3$ [] $[]expr$\OT1/cmr/
m/n/10 )$$+$$)$[] 
 []


Overfull \hbox (3.95125pt too wide) in paragraph at lines 15015--15017
[][]    \OT1/cmr/bx/n/10 ap-ply$\OT1/cmr/m/n/10 ($$($\OT1/cmr/m/it/10 subst x1$
 [] $[]expr$\OT1/cmr/m/n/10 )$$+$$\OML/cmm/m/it/10 ;$ $\OT1/cmr/m/n/10 ($\OT1/c
mr/m/it/10 subst y1$ [] $[]expr$\OT1/cmr/m/n/10 )$$+$$\OML/cmm/m/it/10 ;$$\OT1/
cmr/m/n/10 ($\OT1/cmr/m/it/10 subst x3$ [] $[]expr$\OT1/cmr/m/n/10 )$$+$$\OML/c
mm/m/it/10 ;$$\OT1/cmr/m/n/10 ($\OT1/cmr/m/it/10 subst y3$ [] $[]expr$\OT1/cmr/
m/n/10 )$$+$$)$[] 
 []


Overfull \hbox (5.66756pt too wide) in paragraph at lines 15048--15050
[][]    \OT1/cmr/bx/n/10 un-fold-ing \OT1/cmr/m/it/10 delta[]x[]def delta[]y[]d
ef delta$ [] $[]def delta[]plus[]def delta[]minus[]def delta[]def[] 
 []

[138]
Overfull \hbox (3.95125pt too wide) in paragraph at lines 15075--15077
[][]    \OT1/cmr/bx/n/10 ap-ply$\OT1/cmr/m/n/10 ($$($\OT1/cmr/m/it/10 subst x1$
 [] $[]expr$\OT1/cmr/m/n/10 )$$+$$\OML/cmm/m/it/10 ;$ $\OT1/cmr/m/n/10 ($\OT1/c
mr/m/it/10 subst y1$ [] $[]expr$\OT1/cmr/m/n/10 )$$+$$\OML/cmm/m/it/10 ;$$\OT1/
cmr/m/n/10 ($\OT1/cmr/m/it/10 subst x3$ [] $[]expr$\OT1/cmr/m/n/10 )$$+$$\OML/c
mm/m/it/10 ;$$\OT1/cmr/m/n/10 ($\OT1/cmr/m/it/10 subst y3$ [] $[]expr$\OT1/cmr/
m/n/10 )$$+$$)$[] 
 []


Overfull \hbox (3.95125pt too wide) in paragraph at lines 15099--15101
[][]    \OT1/cmr/bx/n/10 ap-ply$\OT1/cmr/m/n/10 ($$($\OT1/cmr/m/it/10 subst x1$
 [] $[]expr$\OT1/cmr/m/n/10 )$$+$$\OML/cmm/m/it/10 ;$ $\OT1/cmr/m/n/10 ($\OT1/c
mr/m/it/10 subst y1$ [] $[]expr$\OT1/cmr/m/n/10 )$$+$$\OML/cmm/m/it/10 ;$$\OT1/
cmr/m/n/10 ($\OT1/cmr/m/it/10 subst x3$ [] $[]expr$\OT1/cmr/m/n/10 )$$+$$\OML/c
mm/m/it/10 ;$$\OT1/cmr/m/n/10 ($\OT1/cmr/m/it/10 subst y3$ [] $[]expr$\OT1/cmr/
m/n/10 )$$+$$)$[] 
 []

[139]
Overfull \hbox (21.6869pt too wide) in paragraph at lines 15195--15197
[][]  \OT1/cmr/bx/n/10 un-fold-ing \OT1/cmr/m/it/10 e$ [] $[]aff[]def e$ [] $[]
def delta[]def delta[]plus[]def delta[]minus[]def delta$ [] $[]def delta[]y[]de
f
 []


Overfull \hbox (21.6869pt too wide) in paragraph at lines 15228--15230
[][]  \OT1/cmr/bx/n/10 un-fold-ing \OT1/cmr/m/it/10 e$ [] $[]aff[]def e$ [] $[]
def delta[]def delta[]plus[]def delta[]minus[]def delta$ [] $[]def delta[]y[]de
f
 []


Overfull \hbox (21.6869pt too wide) in paragraph at lines 15263--15265
[][]  \OT1/cmr/bx/n/10 un-fold-ing \OT1/cmr/m/it/10 e$ [] $[]aff[]def e$ [] $[]
def delta[]def delta[]plus[]def delta[]minus[]def delta$ [] $[]def delta[]y[]de
f
 []

[140]
Overfull \hbox (21.6869pt too wide) in paragraph at lines 15296--15298
[][]  \OT1/cmr/bx/n/10 un-fold-ing \OT1/cmr/m/it/10 e$ [] $[]aff[]def e$ [] $[]
def delta[]def delta[]plus[]def delta[]minus[]def delta$ [] $[]def delta[]y[]de
f
 []


Overfull \hbox (21.6869pt too wide) in paragraph at lines 15331--15333
[][]  \OT1/cmr/bx/n/10 un-fold-ing \OT1/cmr/m/it/10 e$ [] $[]aff[]def e$ [] $[]
def delta[]def delta[]plus[]def delta[]minus[]def delta$ [] $[]def delta[]y[]de
f
 []

[141]
Overfull \hbox (49.99887pt too wide) in paragraph at lines 15434--15436
[][]  \OT1/cmr/bx/n/10 ap-ply$\OT1/cmr/m/n/10 ($\OT1/cmr/m/it/10 simp split$\OT
1/cmr/m/n/10 :$ \OT1/cmr/m/it/10 if[]splits add$\OT1/cmr/m/n/10 :$ \OT1/cmr/m/i
t/10 divide[]simps t[]nz 1 algebra[]simps power2[]eq[]square$\OT1/cmr/m/n/10 [$
\OT1/cmr/m/it/10 symmetric$\OT1/cmr/m/n/10 ]$
 []


Overfull \hbox (49.99887pt too wide) in paragraph at lines 15471--15473
[][]  \OT1/cmr/bx/n/10 ap-ply$\OT1/cmr/m/n/10 ($\OT1/cmr/m/it/10 simp split$\OT
1/cmr/m/n/10 :$ \OT1/cmr/m/it/10 if[]splits add$\OT1/cmr/m/n/10 :$ \OT1/cmr/m/i
t/10 divide[]simps t[]nz 1 algebra[]simps power2[]eq[]square$\OT1/cmr/m/n/10 [$
\OT1/cmr/m/it/10 symmetric$\OT1/cmr/m/n/10 ]$
 []


Overfull \hbox (5.22716pt too wide) in paragraph at lines 15513--15520
[][]    \OT1/cmr/bx/n/10 by$\OT1/cmr/m/n/10 ($\OT1/cmr/m/it/10 simp add$\OT1/cm
r/m/n/10 :$ \OT1/cmr/m/it/10 semiring[]normalization[]rules$\OT1/cmr/m/n/10 ($\
OT1/cmr/m/it/10 18$\OT1/cmr/m/n/10 )$ \OT1/cmr/m/it/10 semiring[]normalization[
]rules$\OT1/cmr/m/n/10 ($\OT1/cmr/m/it/10 29$\OT1/cmr/m/n/10 )$
 []

[142]
Overfull \hbox (49.99887pt too wide) in paragraph at lines 15601--15603
[][]  \OT1/cmr/bx/n/10 ap-ply$\OT1/cmr/m/n/10 ($\OT1/cmr/m/it/10 simp split$\OT
1/cmr/m/n/10 :$ \OT1/cmr/m/it/10 if[]splits add$\OT1/cmr/m/n/10 :$ \OT1/cmr/m/i
t/10 divide[]simps t[]nz 1 algebra[]simps power2[]eq[]square$\OT1/cmr/m/n/10 [$
\OT1/cmr/m/it/10 symmetric$\OT1/cmr/m/n/10 ]$
 []

[143]
Overfull \hbox (49.99887pt too wide) in paragraph at lines 15674--15676
[][]  \OT1/cmr/bx/n/10 ap-ply$\OT1/cmr/m/n/10 ($\OT1/cmr/m/it/10 simp split$\OT
1/cmr/m/n/10 :$ \OT1/cmr/m/it/10 if[]splits add$\OT1/cmr/m/n/10 :$ \OT1/cmr/m/i
t/10 divide[]simps t[]nz 1 algebra[]simps power2[]eq[]square$\OT1/cmr/m/n/10 [$
\OT1/cmr/m/it/10 symmetric$\OT1/cmr/m/n/10 ]$
 []


Overfull \hbox (66.86543pt too wide) in paragraph at lines 15727--15729
[][]   \OT1/cmr/bx/n/10 ap-ply$\OT1/cmr/m/n/10 ($\OT1/cmr/m/it/10 simp[]all spl
it$\OT1/cmr/m/n/10 :$ \OT1/cmr/m/it/10 if[]splits add$\OT1/cmr/m/n/10 :$ \OT1/c
mr/m/it/10 divide[]simps t[]nz 1 algebra[]simps power2[]eq[]square$\OT1/cmr/m/n
/10 [$\OT1/cmr/m/it/10 symmetric$\OT1/cmr/m/n/10 ]$
 []

[144]
Overfull \hbox (18.19121pt too wide) in paragraph at lines 15763--15764
[][]  \OT1/cmr/bx/n/10 shows \OT1/cmr/m/it/10 proj[]addition $\OT1/cmr/m/n/10 (
$\OT1/cmr/m/it/10 proj[]addition $\OT1/cmr/m/n/10 ($\OT1/cmr/m/it/10 gluing `` 
$\OMS/cmsy/m/n/10 f$$\OT1/cmr/m/n/10 ($$($\OT1/cmr/m/it/10 x1$\OML/cmm/m/it/10 
;$\OT1/cmr/m/it/10 y1$\OT1/cmr/m/n/10 )$$\OML/cmm/m/it/10 ;$\OT1/cmr/m/it/10 0$
\OT1/cmr/m/n/10 )$$\OMS/cmsy/m/n/10 g$$\OT1/cmr/m/n/10 )$ $($\OT1/cmr/m/it/10 g
luing `` $\OMS/cmsy/m/n/10 f$$\OT1/cmr/m/n/10 ($$($\OT1/cmr/m/it/10 x2$\OML/cmm
/m/it/10 ;$\OT1/cmr/m/it/10 y2$\OT1/cmr/m/n/10 )$$\OML/cmm/m/it/10 ;$\OT1/cmr/m
/it/10 0$\OT1/cmr/m/n/10 )$$\OMS/cmsy/m/n/10 g$$\OT1/cmr/m/n/10 )$$)$
 []

[145] [146]
Overfull \hbox (15.44933pt too wide) in paragraph at lines 15989--15991
[][]        \OT1/cmr/bx/n/10 by$\OT1/cmr/m/n/10 ($\OT1/cmr/m/it/10 simp add$\OT
1/cmr/m/n/10 :$ \OT1/cmr/m/it/10 semiring[]normalization[]rules$\OT1/cmr/m/n/10
 ($\OT1/cmr/m/it/10 18$\OT1/cmr/m/n/10 )$ \OT1/cmr/m/it/10 semiring[]normalizat
ion[]rules$\OT1/cmr/m/n/10 ($\OT1/cmr/m/it/10 29$\OT1/cmr/m/n/10 )$
 []

[147] [148] [149] [150] [151] [152] [153] [154] [155]
Overfull \hbox (4.61952pt too wide) in paragraph at lines 16951--16953
[][]          \OT1/cmr/bx/n/10 by $\OT1/cmr/m/n/10 ($\OT1/cmr/m/it/10 metis i$\
OML/cmm/m/it/10 :$\OT1/cmr/m/it/10 simps one[]in proj[]addition[]comm remove[]a
dd[]rotation rot[]expr$ [] $$\OT1/cmr/m/n/10 ($\OT1/cmr/m/it/10 1$\OT1/cmr/m/n/
10 )$
 []

[156] [157] [158] [159] [160] [161]
Overfull \hbox (2.82072pt too wide) in paragraph at lines 17504--17507
[][]  \OT1/cmr/bx/n/10 also have $\OML/cmm/m/it/10 :$$:$$:$ $\OT1/cmr/m/n/10 =$
 \OT1/cmr/m/it/10 proj[]addition $\OT1/cmr/m/n/10 ($\OT1/cmr/m/it/10 gluing `` 
$\OMS/cmsy/m/n/10 f$$\OT1/cmr/m/n/10 ($$($\OT1/cmr/m/it/10 g $\OMS/cmsy/m/n/10 
^^N$ \OT1/cmr/m/it/10 i$\OT1/cmr/m/n/10 )$ \OT1/cmr/m/it/10 add[]2[]3$\OML/cmm/
m/it/10 ;$ \OT1/cmr/m/it/10 0$\OT1/cmr/m/n/10 )$$\OMS/cmsy/m/n/10 g$$\OT1/cmr/m
/n/10 )$ $($\OT1/cmr/m/it/10 gluing `` $\OMS/cmsy/m/n/10 f$$\OT1/cmr/m/n/10 ($\
OT1/cmr/m/it/10 add[]2[]3$\OML/cmm/m/it/10 ;$
 []


Overfull \hbox (3.79938pt too wide) in paragraph at lines 17582--17584
[][]      \OT1/cmr/bx/n/10 by $\OT1/cmr/m/n/10 ($\OT1/cmr/m/it/10 metis $\OT1/c
mr/m/n/10 ($\OT1/cmr/m/it/10 no[]types$\OML/cmm/m/it/10 ;$ \OT1/cmr/m/it/10 lif
t-ing$\OT1/cmr/m/n/10 )$ \OT1/cmr/m/it/10 assms$\OT1/cmr/m/n/10 ($\OT1/cmr/m/it
/10 2$\OT1/cmr/m/n/10 )$ \OT1/cmr/m/it/10 cancellation[]assoc e[]proj[]0$\OT1/c
mr/m/n/10 ($\OT1/cmr/m/it/10 2$\OT1/cmr/m/n/10 )$ \OT1/cmr/m/it/10 e[]proj[]0$\
OT1/cmr/m/n/10 ($\OT1/cmr/m/it/10 3$\OT1/cmr/m/n/10 )$
 []

[162] [163]
Overfull \hbox (2.82072pt too wide) in paragraph at lines 17729--17732
[][]  \OT1/cmr/bx/n/10 also have $\OML/cmm/m/it/10 :$$:$$:$ $\OT1/cmr/m/n/10 =$
 \OT1/cmr/m/it/10 proj[]addition $\OT1/cmr/m/n/10 ($\OT1/cmr/m/it/10 gluing `` 
$\OMS/cmsy/m/n/10 f$$\OT1/cmr/m/n/10 ($$($\OT1/cmr/m/it/10 g $\OMS/cmsy/m/n/10 
^^N$ \OT1/cmr/m/it/10 i$\OT1/cmr/m/n/10 )$ \OT1/cmr/m/it/10 add[]2[]3$\OML/cmm/
m/it/10 ;$ \OT1/cmr/m/it/10 0$\OT1/cmr/m/n/10 )$$\OMS/cmsy/m/n/10 g$$\OT1/cmr/m
/n/10 )$ $($\OT1/cmr/m/it/10 gluing `` $\OMS/cmsy/m/n/10 f$$\OT1/cmr/m/n/10 ($\
OT1/cmr/m/it/10 add[]2[]3$\OML/cmm/m/it/10 ;$
 []

[164] [165] [166]
Overfull \hbox (9.60477pt too wide) in paragraph at lines 18016--18020
[][]        \OT1/cmr/bx/n/10 us-ing \OT1/cmr/m/it/10 in[]aff e[]e$ [] $[]iff 22
 \OT1/cmr/bx/n/10 un-fold-ing \OT1/cmr/m/it/10 e$ [] $[]aff[]def e$ [] $[]aff[]
0[]def delta[]def \OT1/cmr/bx/n/10 by$\OT1/cmr/m/n/10 ($\OT1/cmr/m/it/10 fastfo
rce$\OT1/cmr/m/n/10 )$$+$[] 
 []

[167] [168] [169] [170] [171] [172]
Overfull \hbox (13.17746pt too wide) in paragraph at lines 18676--18680
[][]        \OT1/cmr/bx/n/10 us-ing \OT1/cmr/m/it/10 in[]aff e[]e$ [] $[]iff 33
 \OT1/cmr/bx/n/10 un-fold-ing \OT1/cmr/m/it/10 e$ [] $[]aff[]def e$ [] $[]aff[]
1[]def delta$ [] $[]def \OT1/cmr/bx/n/10 by$\OT1/cmr/m/n/10 ($\OT1/cmr/m/it/10 
fastforce$\OT1/cmr/m/n/10 )$$+$[] 
 []

[173] [174] [175] [176] [177] [178] [179] [180]
Overfull \hbox (9.60477pt too wide) in paragraph at lines 19431--19435
[][]        \OT1/cmr/bx/n/10 us-ing \OT1/cmr/m/it/10 in[]aff e[]e$ [] $[]iff 22
 \OT1/cmr/bx/n/10 un-fold-ing \OT1/cmr/m/it/10 e$ [] $[]aff[]def e$ [] $[]aff[]
0[]def delta[]def \OT1/cmr/bx/n/10 by$\OT1/cmr/m/n/10 ($\OT1/cmr/m/it/10 fastfo
rce$\OT1/cmr/m/n/10 )$$+$[] 
 []

[181] [182] [183] [184] [185] [186]
Overfull \hbox (13.17746pt too wide) in paragraph at lines 20089--20093
[][]        \OT1/cmr/bx/n/10 us-ing \OT1/cmr/m/it/10 in[]aff e[]e$ [] $[]iff 33
 \OT1/cmr/bx/n/10 un-fold-ing \OT1/cmr/m/it/10 e$ [] $[]aff[]def e$ [] $[]aff[]
1[]def delta$ [] $[]def \OT1/cmr/bx/n/10 by$\OT1/cmr/m/n/10 ($\OT1/cmr/m/it/10 
fastforce$\OT1/cmr/m/n/10 )$$+$[] 
 []

[187] [188] [189] [190] [191] [192] [193] [194] [195] [196] [197] [198]
[199] [200]))
Package atveryend Info: Empty hook `BeforeClearDocument' on input line 54.
 [201]
Package atveryend Info: Empty hook `AfterLastShipout' on input line 54.
 (./root.aux)
Package atveryend Info: Executing hook `AtVeryEndDocument' on input line 54.
Package atveryend Info: Executing hook `AtEndAfterFileList' on input line 54.
Package rerunfilecheck Info: File `root.out' has not changed.
(rerunfilecheck)             Checksum: 12239AD799DEFD56A305B378BD9B4842;1862.
Package atveryend Info: Empty hook `AtVeryVeryEnd' on input line 54.
 ) 
Here is how much of TeX's memory you used:
 5788 strings out of 492982
 82506 string characters out of 6134895
 174275 words of memory out of 5000000
 9095 multiletter control sequences out of 15000+600000
 12056 words of font info for 42 fonts, out of 8000000 for 9000
 1141 hyphenation exceptions out of 8191
 34i,8n,28p,5707b,417s stack positions out of 5000i,500n,10000p,200000b,80000s
</usr/share/texlive/texmf-dist/fonts/type1/public/amsfonts/cm/cmbsy10.pfb></u
sr/share/texlive/texmf-dist/fonts/type1/public/amsfonts/cm/cmbx10.pfb></usr/sha
re/texlive/texmf-dist/fonts/type1/public/amsfonts/cm/cmbx12.pfb></usr/share/tex
live/texmf-dist/fonts/type1/public/amsfonts/cm/cmex10.pfb></usr/share/texlive/t
exmf-dist/fonts/type1/public/amsfonts/cm/cmmi10.pfb></usr/share/texlive/texmf-d
ist/fonts/type1/public/amsfonts/cm/cmmi7.pfb></usr/share/texlive/texmf-dist/fon
ts/type1/public/amsfonts/cm/cmr10.pfb></usr/share/texlive/texmf-dist/fonts/type
1/public/amsfonts/cm/cmr12.pfb></usr/share/texlive/texmf-dist/fonts/type1/publi
c/amsfonts/cm/cmr17.pfb></usr/share/texlive/texmf-dist/fonts/type1/public/amsfo
nts/cm/cmr7.pfb></usr/share/texlive/texmf-dist/fonts/type1/public/amsfonts/cm/c
msy10.pfb></usr/share/texlive/texmf-dist/fonts/type1/public/amsfonts/cm/cmsy5.p
fb></usr/share/texlive/texmf-dist/fonts/type1/public/amsfonts/cm/cmsy7.pfb></us
r/share/texlive/texmf-dist/fonts/type1/public/amsfonts/cm/cmti10.pfb></usr/shar
e/texlive/texmf-dist/fonts/type1/public/amsfonts/cm/cmti9.pfb>
Output written on root.pdf (201 pages, 617474 bytes).
PDF statistics:
 1095 PDF objects out of 1200 (max. 8388607)
 868 compressed objects within 9 object streams
 228 named destinations out of 1000 (max. 500000)
 201 words of extra memory for PDF output out of 10000 (max. 10000000)

